TN:
SF:components/dashboard/AbnormalAccountsTable.tsx
FN:65,(anonymous_2)
FN:75,(anonymous_3)
FN:84,(anonymous_4)
FN:93,AbnormalAccountsTable
FN:108,(anonymous_6)
FN:118,(anonymous_7)
FNF:6
FNH:0
FNDA:0,(anonymous_2)
FNDA:0,(anonymous_3)
FNDA:0,(anonymous_4)
FNDA:0,AbnormalAccountsTable
FNDA:0,(anonymous_6)
FNDA:0,(anonymous_7)
DA:3,0
DA:4,0
DA:6,0
DA:8,0
DA:26,0
DA:65,0
DA:66,0
DA:67,0
DA:68,0
DA:69,0
DA:70,0
DA:71,0
DA:75,0
DA:76,0
DA:77,0
DA:78,0
DA:79,0
DA:80,0
DA:84,0
DA:85,0
DA:86,0
DA:87,0
DA:88,0
DA:89,0
DA:93,0
DA:108,0
DA:119,0
LF:27
LH:0
BRDA:66,0,0,0
BRDA:66,0,1,0
BRDA:66,0,2,0
BRDA:66,0,3,0
BRDA:66,0,4,0
BRDA:76,1,0,0
BRDA:76,1,1,0
BRDA:76,1,2,0
BRDA:76,1,3,0
BRDA:85,2,0,0
BRDA:85,2,1,0
BRDA:85,2,2,0
BRDA:85,2,3,0
BRDA:94,3,0,0
BRDA:95,4,0,0
BRDA:126,5,0,0
BRDA:126,5,1,0
BRDA:127,6,0,0
BRDA:127,6,1,0
BRDA:135,7,0,0
BRDA:138,8,0,0
BRF:21
BRH:0
end_of_record
TN:
SF:components/dashboard/AppLayout.tsx
FN:38,AppLayout
FN:50,(anonymous_8)
FN:51,(anonymous_9)
FN:55,(anonymous_10)
FN:59,(anonymous_11)
FN:78,(anonymous_12)
FN:83,(anonymous_13)
FNF:7
FNH:0
FNDA:0,AppLayout
FNDA:0,(anonymous_8)
FNDA:0,(anonymous_9)
FNDA:0,(anonymous_10)
FNDA:0,(anonymous_11)
FNDA:0,(anonymous_12)
FNDA:0,(anonymous_13)
DA:3,0
DA:4,0
DA:5,0
DA:6,0
DA:16,0
DA:31,0
DA:38,0
DA:45,0
DA:46,0
DA:47,0
DA:50,0
DA:51,0
DA:52,0
DA:55,0
DA:56,0
DA:59,0
DA:61,0
DA:62,0
DA:63,0
DA:65,0
DA:67,0
DA:68,0
DA:70,0
DA:71,0
DA:73,0
DA:78,0
DA:79,0
DA:83,0
DA:110,0
LF:29
LH:0
BRDA:40,0,0,0
BRDA:43,1,0,0
BRDA:52,2,0,0
BRDA:52,2,1,0
BRDA:61,3,0,0
BRDA:61,3,1,0
BRDA:63,4,0,0
BRDA:63,4,1,0
BRDA:68,5,0,0
BRDA:68,5,1,0
BRDA:71,6,0,0
BRF:11
BRH:0
end_of_record
TN:
SF:components/dashboard/ChartCard.tsx
FN:17,ChartCard
FNF:1
FNH:0
FNDA:0,ChartCard
DA:1,0
DA:17,0
DA:25,0
DA:58,0
LF:4
LH:0
BRDA:20,0,0,0
BRDA:22,1,0,0
BRDA:25,2,0,0
BRDA:43,3,0,0
BRF:4
BRH:0
end_of_record
TN:
SF:components/dashboard/ChartLegend.tsx
FN:15,ChartLegend
FN:18,(anonymous_5)
FNF:2
FNH:0
FNDA:0,ChartLegend
FNDA:0,(anonymous_5)
DA:3,0
DA:15,0
DA:19,0
DA:28,0
LF:4
LH:0
BRDA:15,0,0,0
BRF:1
BRH:0
end_of_record
TN:
SF:components/dashboard/DashboardStats.tsx
FN:26,DashboardStats
FN:37,(anonymous_5)
FN:43,(anonymous_6)
FN:112,(anonymous_7)
FN:123,(anonymous_9)
FN:138,(anonymous_11)
FNF:6
FNH:0
FNDA:0,DashboardStats
FNDA:0,(anonymous_5)
FNDA:0,(anonymous_6)
FNDA:0,(anonymous_7)
FNDA:0,(anonymous_9)
FNDA:0,(anonymous_11)
DA:3,0
DA:4,0
DA:5,0
DA:6,0
DA:7,0
DA:26,0
DA:32,0
DA:33,0
DA:34,0
DA:37,0
DA:38,0
DA:39,0
DA:40,0
DA:43,0
DA:45,0
DA:102,0
DA:104,0
DA:105,0
DA:107,0
DA:112,0
DA:113,0
DA:117,0
DA:118,0
DA:124,0
DA:139,0
LF:25
LH:0
BRDA:27,0,0,0
BRDA:117,1,0,0
BRDA:117,1,1,0
BRDA:118,2,0,0
BRDA:118,2,1,0
BRDA:168,3,0,0
BRDA:168,3,1,0
BRDA:169,4,0,0
BRDA:169,4,1,0
BRF:9
BRH:0
end_of_record
TN:
SF:components/dashboard/DonutChart.tsx
FN:25,(anonymous_4)
FN:33,(anonymous_5)
FN:36,(anonymous_6)
FN:38,(anonymous_7)
FN:56,(anonymous_8)
FN:98,(anonymous_9)
FN:122,(anonymous_10)
FNF:7
FNH:0
FNDA:0,(anonymous_4)
FNDA:0,(anonymous_5)
FNDA:0,(anonymous_6)
FNDA:0,(anonymous_7)
FNDA:0,(anonymous_8)
FNDA:0,(anonymous_9)
FNDA:0,(anonymous_10)
DA:3,0
DA:4,0
DA:25,0
DA:33,0
DA:36,0
DA:37,0
DA:38,0
DA:39,0
DA:40,0
DA:41,0
DA:42,0
DA:43,0
DA:45,0
DA:56,0
DA:57,0
DA:58,0
DA:60,0
DA:61,0
DA:62,0
DA:63,0
DA:65,0
DA:66,0
DA:67,0
DA:68,0
DA:70,0
DA:72,0
DA:81,0
DA:82,0
DA:83,0
DA:99,0
DA:123,0
DA:144,0
LF:32
LH:0
BRDA:28,0,0,0
BRDA:29,1,0,0
BRDA:70,2,0,0
BRDA:70,2,1,0
BRDA:111,3,0,0
BRF:5
BRH:0
end_of_record
TN:
SF:components/dashboard/ModuleCard.tsx
FN:69,ModuleCard
FNF:1
FNH:0
FNDA:0,ModuleCard
DA:3,0
DA:4,0
DA:5,0
DA:6,0
DA:7,0
DA:20,0
DA:42,0
DA:69,0
DA:82,0
DA:85,0
DA:86,0
DA:88,0
DA:89,0
DA:178,0
LF:14
LH:0
BRDA:72,0,0,0
BRDA:75,1,0,0
BRDA:79,2,0,0
BRDA:85,3,0,0
BRDA:85,3,1,0
BRDA:88,4,0,0
BRDA:88,4,1,0
BRDA:89,5,0,0
BRDA:89,5,1,0
BRDA:107,6,0,0
BRDA:107,6,1,0
BRDA:108,7,0,0
BRDA:108,7,1,0
BRDA:109,8,0,0
BRDA:109,8,1,0
BRDA:110,9,0,0
BRDA:110,9,1,0
BRDA:111,10,0,0
BRDA:111,10,1,0
BRDA:112,11,0,0
BRDA:112,11,1,0
BRDA:117,12,0,0
BRDA:117,12,1,0
BRDA:117,13,0,0
BRDA:117,13,1,0
BRDA:117,14,0,0
BRDA:117,14,1,0
BRDA:117,15,0,0
BRDA:117,15,1,0
BRDA:122,16,0,0
BRDA:122,16,1,0
BRDA:122,17,0,0
BRDA:122,17,1,0
BRDA:122,18,0,0
BRDA:122,18,1,0
BRDA:141,19,0,0
BRDA:151,20,0,0
BRF:37
BRH:0
end_of_record
TN:
SF:components/dashboard/ModuleGrid.tsx
FN:23,(anonymous_5)
FN:46,(anonymous_6)
FN:60,(anonymous_7)
FN:73,ModuleGrid
FN:86,(anonymous_9)
FN:92,(anonymous_10)
FN:111,(anonymous_11)
FN:116,(anonymous_12)
FN:129,(anonymous_14)
FN:210,(anonymous_15)
FNF:10
FNH:0
FNDA:0,(anonymous_5)
FNDA:0,(anonymous_6)
FNDA:0,(anonymous_7)
FNDA:0,ModuleGrid
FNDA:0,(anonymous_9)
FNDA:0,(anonymous_10)
FNDA:0,(anonymous_11)
FNDA:0,(anonymous_12)
FNDA:0,(anonymous_14)
FNDA:0,(anonymous_15)
DA:3,0
DA:4,0
DA:5,0
DA:6,0
DA:7,0
DA:8,0
DA:11,0
DA:23,0
DA:24,0
DA:26,0
DA:27,0
DA:30,0
DA:31,0
DA:34,0
DA:35,0
DA:38,0
DA:39,0
DA:42,0
DA:46,0
DA:47,0
DA:55,0
DA:60,0
DA:61,0
DA:63,0
DA:65,0
DA:67,0
DA:69,0
DA:73,0
DA:81,0
DA:82,0
DA:83,0
DA:86,0
DA:87,0
DA:88,0
DA:89,0
DA:92,0
DA:95,0
DA:96,0
DA:97,0
DA:101,0
DA:103,0
DA:104,0
DA:106,0
DA:111,0
DA:112,0
DA:116,0
DA:117,0
DA:118,0
DA:123,0
DA:124,0
DA:130,0
DA:131,0
DA:211,0
DA:212,0
DA:213,0
LF:55
LH:0
BRDA:26,0,0,0
BRDA:26,1,0,0
BRDA:26,1,1,0
BRDA:30,2,0,0
BRDA:34,3,0,0
BRDA:38,4,0,0
BRDA:47,5,0,0
BRDA:61,6,0,0
BRDA:61,6,1,0
BRDA:61,6,2,0
BRDA:61,6,3,0
BRDA:75,7,0,0
BRDA:95,8,0,0
BRDA:117,9,0,0
BRDA:123,10,0,0
BRDA:123,10,1,0
BRDA:124,11,0,0
BRDA:124,11,1,0
BRDA:142,12,0,0
BRDA:142,12,1,0
BRDA:143,13,0,0
BRDA:143,13,1,0
BRDA:178,14,0,0
BRDA:181,15,0,0
BRDA:181,15,1,0
BRDA:183,16,0,0
BRDA:183,16,1,0
BRDA:198,17,0,0
BRDA:211,18,0,0
BRDA:211,19,0,0
BRDA:211,19,1,0
BRDA:242,20,0,0
BRDA:248,21,0,0
BRDA:248,21,1,0
BRDA:263,22,0,0
BRDA:263,22,1,0
BRDA:264,23,0,0
BRDA:264,23,1,0
BRF:38
BRH:0
end_of_record
TN:
SF:components/dashboard/ProjectTable.tsx
FN:31,ProjectTable
FN:40,(anonymous_5)
FN:85,(anonymous_6)
FNF:3
FNH:0
FNDA:0,ProjectTable
FNDA:0,(anonymous_5)
FNDA:0,(anonymous_6)
DA:3,0
DA:4,0
DA:31,0
DA:33,0
DA:41,0
DA:51,0
DA:86,0
DA:110,0
LF:8
LH:0
BRDA:31,0,0,0
BRDA:31,1,0,0
BRDA:33,2,0,0
BRDA:51,3,0,0
BRDA:51,4,0,0
BRDA:51,4,1,0
BRF:6
BRH:0
end_of_record
TN:
SF:components/dashboard/ProjectTopList.tsx
FN:67,ProjectTopList
FN:86,(anonymous_3)
FN:130,(anonymous_4)
FNF:3
FNH:0
FNDA:0,ProjectTopList
FNDA:0,(anonymous_3)
FNDA:0,(anonymous_4)
DA:3,0
DA:4,0
DA:6,0
DA:7,0
DA:24,0
DA:67,0
DA:87,0
DA:130,0
LF:8
LH:0
BRDA:68,0,0,0
BRDA:69,1,0,0
BRDA:94,2,0,0
BRDA:94,2,1,0
BRDA:95,3,0,0
BRDA:95,3,1,0
BRDA:96,4,0,0
BRDA:96,4,1,0
BRDA:113,5,0,0
BRDA:116,6,0,0
BRF:10
BRH:0
end_of_record
TN:
SF:components/dashboard/RightColumn.tsx
FN:34,(anonymous_5)
FN:53,(anonymous_6)
FN:70,(anonymous_7)
FN:82,RightColumn
FN:96,(anonymous_9)
FN:102,(anonymous_10)
FN:109,(anonymous_11)
FN:116,(anonymous_12)
FN:128,(anonymous_13)
FN:133,(anonymous_14)
FN:154,(anonymous_16)
FN:211,(anonymous_18)
FNF:12
FNH:0
FNDA:0,(anonymous_5)
FNDA:0,(anonymous_6)
FNDA:0,(anonymous_7)
FNDA:0,RightColumn
FNDA:0,(anonymous_9)
FNDA:0,(anonymous_10)
FNDA:0,(anonymous_11)
FNDA:0,(anonymous_12)
FNDA:0,(anonymous_13)
FNDA:0,(anonymous_14)
FNDA:0,(anonymous_16)
FNDA:0,(anonymous_18)
DA:3,0
DA:4,0
DA:5,0
DA:17,0
DA:18,0
DA:19,0
DA:34,0
DA:35,0
DA:36,0
DA:53,0
DA:54,0
DA:55,0
DA:65,0
DA:70,0
DA:71,0
DA:72,0
DA:73,0
DA:74,0
DA:76,0
DA:77,0
DA:78,0
DA:79,0
DA:82,0
DA:90,0
DA:91,0
DA:92,0
DA:93,0
DA:96,0
DA:97,0
DA:98,0
DA:99,0
DA:102,0
DA:105,0
DA:106,0
DA:109,0
DA:110,0
DA:113,0
DA:114,0
DA:116,0
DA:117,0
DA:120,0
DA:121,0
DA:123,0
DA:128,0
DA:129,0
DA:133,0
DA:134,0
DA:135,0
DA:137,0
DA:138,0
DA:143,0
DA:144,0
DA:155,0
DA:156,0
DA:212,0
LF:55
LH:0
BRDA:55,0,0,0
BRDA:76,1,0,0
BRDA:77,2,0,0
BRDA:78,3,0,0
BRDA:85,4,0,0
BRDA:105,5,0,0
BRDA:105,5,1,0
BRDA:113,6,0,0
BRDA:113,6,1,0
BRDA:134,7,0,0
BRDA:137,8,0,0
BRDA:143,9,0,0
BRDA:143,9,1,0
BRDA:144,10,0,0
BRDA:144,10,1,0
BRDA:198,11,0,0
BRDA:230,12,0,0
BRDA:235,13,0,0
BRDA:299,14,0,0
BRDA:299,14,1,0
BRDA:313,15,0,0
BRDA:313,15,1,0
BRDA:314,16,0,0
BRDA:314,16,1,0
BRF:24
BRH:0
end_of_record
TN:
SF:components/dashboard/TodayTasksCard.tsx
FN:73,(anonymous_2)
FN:82,(anonymous_3)
FN:91,(anonymous_4)
FN:99,TodayTasksCard
FN:104,(anonymous_6)
FN:105,(anonymous_7)
FN:106,(anonymous_8)
FN:126,(anonymous_9)
FN:130,(anonymous_10)
FNF:9
FNH:0
FNDA:0,(anonymous_2)
FNDA:0,(anonymous_3)
FNDA:0,(anonymous_4)
FNDA:0,TodayTasksCard
FNDA:0,(anonymous_6)
FNDA:0,(anonymous_7)
FNDA:0,(anonymous_8)
FNDA:0,(anonymous_9)
FNDA:0,(anonymous_10)
DA:3,0
DA:4,0
DA:7,0
DA:25,0
DA:73,0
DA:74,0
DA:75,0
DA:76,0
DA:77,0
DA:78,0
DA:82,0
DA:83,0
DA:84,0
DA:85,0
DA:86,0
DA:87,0
DA:91,0
DA:92,0
DA:99,0
DA:104,0
DA:105,0
DA:106,0
DA:127,0
DA:130,0
LF:24
LH:0
BRDA:74,0,0,0
BRDA:74,0,1,0
BRDA:74,0,2,0
BRDA:74,0,3,0
BRDA:83,1,0,0
BRDA:83,1,1,0
BRDA:83,1,2,0
BRDA:83,1,3,0
BRDA:100,2,0,0
BRDA:101,3,0,0
BRDA:118,4,0,0
BRDA:140,5,0,0
BRDA:140,5,1,0
BRDA:147,6,0,0
BRDA:150,7,0,0
BRDA:150,7,1,0
BRDA:153,8,0,0
BRDA:162,9,0,0
BRDA:162,9,1,0
BRDA:163,10,0,0
BRDA:163,10,1,0
BRF:21
BRH:0
end_of_record
TN:
SF:components/dashboard/TrendChart.tsx
FN:26,(anonymous_4)
FN:35,(anonymous_5)
FN:40,(anonymous_6)
FN:43,(anonymous_7)
FN:50,(anonymous_8)
FN:56,(anonymous_9)
FN:77,(anonymous_10)
FN:91,(anonymous_11)
FN:101,(anonymous_12)
FN:133,(anonymous_13)
FN:146,(anonymous_14)
FN:166,(anonymous_15)
FNF:12
FNH:0
FNDA:0,(anonymous_4)
FNDA:0,(anonymous_5)
FNDA:0,(anonymous_6)
FNDA:0,(anonymous_7)
FNDA:0,(anonymous_8)
FNDA:0,(anonymous_9)
FNDA:0,(anonymous_10)
FNDA:0,(anonymous_11)
FNDA:0,(anonymous_12)
FNDA:0,(anonymous_13)
FNDA:0,(anonymous_14)
FNDA:0,(anonymous_15)
DA:3,0
DA:4,0
DA:26,0
DA:35,0
DA:36,0
DA:37,0
DA:40,0
DA:41,0
DA:42,0
DA:43,0
DA:50,0
DA:51,0
DA:52,0
DA:56,0
DA:58,0
DA:59,0
DA:78,0
DA:92,0
DA:102,0
DA:103,0
DA:105,0
DA:134,0
DA:135,0
DA:136,0
DA:147,0
DA:148,0
DA:149,0
DA:167,0
DA:182,0
LF:29
LH:0
BRDA:30,0,0,0
BRDA:31,1,0,0
BRDA:32,2,0,0
BRDA:58,3,0,0
BRDA:68,4,0,0
BRDA:102,5,0,0
BRDA:102,5,1,0
BRDA:113,6,0,0
BRDA:113,6,1,0
BRDA:127,7,0,0
BRDA:127,7,1,0
BRF:11
BRH:0
end_of_record
TN:
SF:components/dashboard/TrendChartCard.tsx
FN:22,TrendChartCard
FN:70,(anonymous_3)
FN:87,(anonymous_4)
FNF:3
FNH:0
FNDA:0,TrendChartCard
FNDA:0,(anonymous_3)
FNDA:0,(anonymous_4)
DA:3,0
DA:4,0
DA:5,0
DA:6,0
DA:22,0
DA:71,0
DA:88,0
DA:89,0
DA:90,0
LF:9
LH:0
BRDA:26,0,0,0
BRDA:35,1,0,0
BRDA:41,2,0,0
BRDA:41,2,1,0
BRDA:44,3,0,0
BRDA:44,3,1,0
BRF:6
BRH:0
end_of_record
TN:
SF:components/dashboard/header.tsx
FN:42,Header
FN:51,(anonymous_5)
FN:75,(anonymous_6)
FNF:3
FNH:0
FNDA:0,Header
FNDA:0,(anonymous_5)
FNDA:0,(anonymous_6)
DA:3,0
DA:4,0
DA:5,0
DA:6,0
DA:7,0
DA:8,0
DA:16,0
DA:26,0
DA:42,0
DA:48,0
DA:51,0
DA:53,0
DA:54,0
DA:56,0
DA:58,0
DA:62,0
DA:63,0
DA:64,0
DA:65,0
DA:67,0
DA:68,0
DA:74,0
DA:75,0
DA:81,0
DA:84,0
DA:185,0
LF:26
LH:0
BRDA:56,0,0,0
BRDA:67,1,0,0
BRDA:67,1,1,0
BRDA:70,2,0,0
BRDA:70,2,1,0
BRDA:76,3,0,0
BRDA:76,3,1,0
BRF:7
BRH:0
end_of_record
TN:
SF:components/dashboard/sidebar.tsx
FN:35,Sidebar
FN:55,(anonymous_5)
FN:58,(anonymous_6)
FN:80,(anonymous_7)
FN:83,(anonymous_8)
FNF:5
FNH:0
FNDA:0,Sidebar
FNDA:0,(anonymous_5)
FNDA:0,(anonymous_6)
FNDA:0,(anonymous_7)
FNDA:0,(anonymous_8)
DA:3,0
DA:21,0
DA:29,0
DA:35,0
DA:56,0
DA:58,0
DA:81,0
DA:83,0
DA:99,0
LF:9
LH:0
BRDA:38,0,0,0
BRDA:39,1,0,0
BRDA:60,2,0,0
BRDA:60,2,1,0
BRDA:69,3,0,0
BRDA:85,4,0,0
BRDA:85,4,1,0
BRF:7
BRH:0
end_of_record
TN:
SF:components/layout/AppLayout.tsx
FN:14,AppLayout
FNF:1
FNH:0
FNDA:0,AppLayout
DA:3,0
DA:4,0
DA:5,0
DA:14,0
DA:20,0
LF:5
LH:0
BRDA:18,0,0,0
BRF:1
BRH:0
end_of_record
TN:
SF:components/layout/AppShell.tsx
FN:27,AppShell
FN:40,(anonymous_6)
FN:46,(anonymous_7)
FNF:3
FNH:0
FNDA:0,AppShell
FNDA:0,(anonymous_6)
FNDA:0,(anonymous_7)
DA:15,0
DA:16,0
DA:17,0
DA:27,0
DA:28,0
DA:32,0
DA:40,0
DA:46,0
LF:8
LH:0
BRF:0
BRH:0
end_of_record
TN:
SF:components/layout/DashboardLayout.tsx
FN:16,DashboardLayout
FN:25,(anonymous_6)
FN:31,(anonymous_7)
FNF:3
FNH:0
FNDA:0,DashboardLayout
FNDA:0,(anonymous_6)
FNDA:0,(anonymous_7)
DA:3,0
DA:4,0
DA:5,0
DA:16,0
DA:17,0
DA:25,0
DA:31,0
LF:7
LH:0
BRF:0
BRH:0
end_of_record
TN:
SF:components/layout/Header.tsx
FN:14,Header
FN:24,(anonymous_5)
FN:25,(anonymous_6)
FN:31,(anonymous_7)
FN:42,(anonymous_8)
FN:111,(anonymous_9)
FNF:6
FNH:0
FNDA:0,Header
FNDA:0,(anonymous_5)
FNDA:0,(anonymous_6)
FNDA:0,(anonymous_7)
FNDA:0,(anonymous_8)
FNDA:0,(anonymous_9)
DA:3,0
DA:4,0
DA:5,0
DA:14,0
DA:20,0
DA:21,0
DA:24,0
DA:25,0
DA:26,0
DA:27,0
DA:31,0
DA:32,0
DA:33,0
DA:37,0
DA:38,0
DA:39,0
DA:42,0
DA:43,0
DA:44,0
DA:111,0
LF:20
LH:0
BRDA:16,0,0,0
BRDA:17,1,0,0
BRDA:18,2,0,0
BRDA:26,3,0,0
BRDA:26,4,0,0
BRDA:26,4,1,0
BRDA:32,5,0,0
BRDA:37,6,0,0
BRDA:71,7,0,0
BRDA:131,8,0,0
BRDA:131,8,1,0
BRF:11
BRH:0
end_of_record
TN:
SF:components/layout/Sidebar.tsx
FN:49,Sidebar
FN:100,(anonymous_3)
FN:139,(anonymous_4)
FNF:3
FNH:0
FNDA:0,Sidebar
FNDA:0,(anonymous_3)
FNDA:0,(anonymous_4)
DA:3,0
DA:4,0
DA:5,0
DA:6,0
DA:7,0
DA:23,0
DA:38,0
DA:49,0
DA:50,0
DA:51,0
DA:101,0
DA:102,0
DA:140,0
DA:141,0
LF:14
LH:0
BRDA:49,0,0,0
BRDA:56,1,0,0
BRDA:68,2,0,0
BRDA:68,2,1,0
BRDA:101,3,0,0
BRDA:101,3,1,0
BRDA:108,4,0,0
BRDA:108,4,1,0
BRDA:116,5,0,0
BRDA:116,5,1,0
BRDA:120,6,0,0
BRDA:123,7,0,0
BRDA:123,7,1,0
BRDA:140,8,0,0
BRDA:140,8,1,0
BRDA:147,9,0,0
BRDA:147,9,1,0
BRDA:155,10,0,0
BRDA:155,10,1,0
BRDA:159,11,0,0
BRDA:162,12,0,0
BRDA:162,12,1,0
BRDA:203,13,0,0
BRDA:211,14,0,0
BRDA:211,14,1,0
BRF:25
BRH:0
end_of_record
TN:
SF:components/layout/modern-navigation.tsx
FN:55,(anonymous_5)
FN:59,(anonymous_6)
FN:110,(anonymous_7)
FN:146,(anonymous_8)
FN:157,(anonymous_9)
FN:195,(anonymous_10)
FNF:6
FNH:0
FNDA:0,(anonymous_5)
FNDA:0,(anonymous_6)
FNDA:0,(anonymous_7)
FNDA:0,(anonymous_8)
FNDA:0,(anonymous_9)
FNDA:0,(anonymous_10)
DA:3,0
DA:4,0
DA:5,0
DA:6,0
DA:23,0
DA:25,0
DA:55,0
DA:56,0
DA:57,0
DA:59,0
DA:60,0
DA:110,0
DA:147,0
DA:158,0
DA:195,0
LF:15
LH:0
BRDA:60,0,0,0
BRDA:60,0,1,0
BRDA:68,1,0,0
BRDA:68,1,1,0
BRDA:74,2,0,0
BRDA:84,3,0,0
BRDA:84,3,1,0
BRDA:91,4,0,0
BRDA:105,5,0,0
BRDA:119,6,0,0
BRDA:119,6,1,0
BRDA:121,7,0,0
BRDA:121,7,1,0
BRDA:198,8,0,0
BRDA:205,9,0,0
BRDA:205,9,1,0
BRF:16
BRH:0
end_of_record
TN:
SF:components/layout/optimized-navigation.tsx
FN:120,(anonymous_5)
FN:127,(anonymous_6)
FN:128,(anonymous_7)
FN:137,(anonymous_8)
FN:141,(anonymous_9)
FN:142,(anonymous_10)
FN:150,(anonymous_11)
FN:155,(anonymous_12)
FN:162,(anonymous_13)
FN:167,(anonymous_14)
FN:233,(anonymous_15)
FN:249,(anonymous_16)
FN:292,(anonymous_17)
FN:303,(anonymous_18)
FN:345,(anonymous_19)
FN:369,(anonymous_20)
FN:383,(anonymous_21)
FN:404,(anonymous_22)
FNF:18
FNH:0
FNDA:0,(anonymous_5)
FNDA:0,(anonymous_6)
FNDA:0,(anonymous_7)
FNDA:0,(anonymous_8)
FNDA:0,(anonymous_9)
FNDA:0,(anonymous_10)
FNDA:0,(anonymous_11)
FNDA:0,(anonymous_12)
FNDA:0,(anonymous_13)
FNDA:0,(anonymous_14)
FNDA:0,(anonymous_15)
FNDA:0,(anonymous_16)
FNDA:0,(anonymous_17)
FNDA:0,(anonymous_18)
FNDA:0,(anonymous_19)
FNDA:0,(anonymous_20)
FNDA:0,(anonymous_21)
FNDA:0,(anonymous_22)
DA:3,0
DA:4,0
DA:5,0
DA:6,0
DA:22,0
DA:23,0
DA:24,0
DA:25,0
DA:42,0
DA:120,0
DA:121,0
DA:122,0
DA:123,0
DA:124,0
DA:127,0
DA:128,0
DA:129,0
DA:130,0
DA:131,0
DA:135,0
DA:136,0
DA:137,0
DA:141,0
DA:142,0
DA:143,0
DA:144,0
DA:148,0
DA:149,0
DA:150,0
DA:155,0
DA:156,0
DA:157,0
DA:159,0
DA:162,0
DA:163,0
DA:167,0
DA:168,0
DA:234,0
DA:235,0
DA:236,0
DA:249,0
DA:293,0
DA:304,0
DA:345,0
DA:369,0
DA:383,0
DA:404,0
LF:47
LH:0
BRDA:130,0,0,0
BRDA:143,1,0,0
BRDA:143,2,0,0
BRDA:143,2,1,0
BRDA:143,2,2,0
BRDA:148,3,0,0
BRDA:156,4,0,0
BRDA:156,4,1,0
BRDA:156,5,0,0
BRDA:156,5,1,0
BRDA:168,6,0,0
BRDA:168,6,1,0
BRDA:168,6,2,0
BRDA:176,7,0,0
BRDA:176,7,1,0
BRDA:181,8,0,0
BRDA:181,8,1,0
BRDA:185,9,0,0
BRDA:196,10,0,0
BRDA:196,10,1,0
BRDA:204,11,0,0
BRDA:208,12,0,0
BRDA:208,12,1,0
BRDA:210,13,0,0
BRDA:210,13,1,0
BRDA:216,14,0,0
BRDA:244,15,0,0
BRDA:244,15,1,0
BRDA:260,16,0,0
BRDA:260,16,1,0
BRDA:260,17,0,0
BRDA:260,17,1,0
BRDA:261,18,0,0
BRDA:261,18,1,0
BRDA:261,19,0,0
BRDA:261,19,1,0
BRDA:264,20,0,0
BRDA:264,20,1,0
BRDA:346,21,0,0
BRDA:347,22,0,0
BRDA:347,22,1,0
BRDA:357,23,0,0
BRDA:357,23,1,0
BRDA:358,24,0,0
BRDA:358,24,1,0
BRF:45
BRH:0
end_of_record
TN:
SF:components/layout/page-header.tsx
FN:19,(anonymous_4)
FNF:1
FNH:0
FNDA:0,(anonymous_4)
DA:3,0
DA:4,0
DA:19,0
DA:48,0
LF:4
LH:0
BRDA:23,0,0,0
BRDA:32,1,0,0
BRDA:38,2,0,0
BRF:3
BRH:0
end_of_record
TN:
SF:components/layout/page-template.tsx
FN:20,PageTemplate
FN:39,(anonymous_4)
FNF:2
FNH:0
FNDA:0,PageTemplate
FNDA:0,(anonymous_4)
DA:4,0
DA:40,0
DA:107,0
DA:108,0
LF:4
LH:0
BRDA:26,0,0,0
BRDA:34,1,0,0
BRDA:36,2,0,0
BRDA:36,2,1,0
BRDA:42,3,0,0
BRDA:53,4,0,0
BRDA:82,5,0,0
BRDA:90,6,0,0
BRF:8
BRH:0
end_of_record
TN:
SF:components/providers/app-providers.tsx
FN:15,AppProviders
FNF:1
FNH:0
FNDA:0,AppProviders
DA:3,0
DA:15,0
LF:2
LH:0
BRF:0
BRH:0
end_of_record
TN:
SF:components/shared/error-boundary.tsx
FN:24,(anonymous_4)
FN:42,(anonymous_5)
FN:29,(anonymous_6)
FN:33,(anonymous_7)
FN:47,(anonymous_8)
FN:83,(anonymous_9)
FN:98,withErrorBoundary
FN:102,WithErrorBoundary
FNF:8
FNH:0
FNDA:0,(anonymous_4)
FNDA:0,(anonymous_5)
FNDA:0,(anonymous_6)
FNDA:0,(anonymous_7)
FNDA:0,(anonymous_8)
FNDA:0,(anonymous_9)
FNDA:0,withErrorBoundary
FNDA:0,WithErrorBoundary
DA:3,0
DA:4,0
DA:5,0
DA:23,0
DA:25,0
DA:26,0
DA:30,0
DA:35,0
DA:36,0
DA:43,0
DA:44,0
DA:48,0
DA:50,0
DA:51,0
DA:83,0
DA:91,0
DA:98,0
DA:102,0
DA:111,0
LF:19
LH:0
BRDA:48,0,0,0
BRDA:50,1,0,0
BRDA:64,2,0,0
BRDA:64,2,1,0
BRDA:67,3,0,0
BRDA:67,3,1,0
BRF:6
BRH:0
end_of_record
TN:
SF:components/shared/index.ts
FNF:0
FNH:0
DA:1,0
LF:1
LH:0
BRF:0
BRH:0
end_of_record
TN:
SF:components/ui/MetricCard.tsx
FN:24,(anonymous_4)
FN:38,(anonymous_5)
FN:74,(anonymous_6)
FN:101,(anonymous_7)
FN:159,(anonymous_8)
FNF:5
FNH:0
FNDA:0,(anonymous_4)
FNDA:0,(anonymous_5)
FNDA:0,(anonymous_6)
FNDA:0,(anonymous_7)
FNDA:0,(anonymous_8)
DA:1,0
DA:2,0
DA:24,0
DA:38,0
DA:39,0
DA:41,0
DA:47,0
DA:53,0
DA:59,0
DA:65,0
DA:74,0
DA:75,0
DA:77,0
DA:84,0
DA:91,0
DA:101,0
DA:102,0
DA:103,0
DA:110,0
DA:111,0
DA:118,0
DA:119,0
DA:120,0
DA:121,0
DA:124,0
DA:160,0
DA:161,0
DA:162,0
DA:205,0
LF:29
LH:0
BRDA:31,0,0,0
BRDA:32,1,0,0
BRDA:33,2,0,0
BRDA:35,3,0,0
BRDA:39,4,0,0
BRDA:39,4,1,0
BRDA:39,4,2,0
BRDA:39,4,3,0
BRDA:39,4,4,0
BRDA:75,5,0,0
BRDA:75,5,1,0
BRDA:75,5,2,0
BRDA:102,6,0,0
BRDA:102,7,0,0
BRDA:102,7,1,0
BRDA:114,8,0,0
BRDA:114,8,1,0
BRDA:124,9,0,0
BRDA:151,10,0,0
BRDA:151,10,1,0
BRDA:156,11,0,0
BRDA:156,11,1,0
BRDA:157,12,0,0
BRDA:157,12,1,0
BRDA:159,13,0,0
BRDA:159,13,1,0
BRDA:160,14,0,0
BRDA:160,15,0,0
BRDA:160,15,1,0
BRDA:171,16,0,0
BRDA:187,17,0,0
BRDA:190,18,0,0
BRDA:190,18,1,0
BRDA:191,19,0,0
BRDA:196,20,0,0
BRF:35
BRH:0
end_of_record
TN:
SF:components/ui/SSRSafeWrapper.tsx
FN:23,(anonymous_8)
FN:46,(anonymous_9)
FN:68,(anonymous_10)
FN:90,(anonymous_11)
FN:114,(anonymous_12)
FN:138,(anonymous_13)
FN:144,(anonymous_14)
FNF:7
FNH:0
FNDA:0,(anonymous_8)
FNDA:0,(anonymous_9)
FNDA:0,(anonymous_10)
FNDA:0,(anonymous_11)
FNDA:0,(anonymous_12)
FNDA:0,(anonymous_13)
FNDA:0,(anonymous_14)
DA:10,0
DA:11,0
DA:23,0
DA:28,0
DA:29,0
DA:31,0
DA:46,0
DA:50,0
DA:52,0
DA:68,0
DA:73,0
DA:75,0
DA:90,0
DA:94,0
DA:96,0
DA:114,0
DA:120,0
DA:121,0
DA:123,0
DA:138,0
DA:142,0
DA:144,0
DA:145,0
DA:148,0
LF:24
LH:0
BRDA:25,0,0,0
BRDA:26,1,0,0
BRDA:31,2,0,0
BRDA:31,3,0,0
BRDA:31,3,1,0
BRDA:48,4,0,0
BRDA:52,5,0,0
BRDA:71,6,0,0
BRDA:75,7,0,0
BRDA:92,8,0,0
BRDA:96,9,0,0
BRDA:116,10,0,0
BRDA:117,11,0,0
BRDA:118,12,0,0
BRDA:123,13,0,0
BRDA:123,14,0,0
BRDA:123,14,1,0
BRDA:140,15,0,0
BRDA:148,16,0,0
BRF:19
BRH:0
end_of_record
TN:
SF:components/ui/StatusBadge.tsx
FN:21,(anonymous_4)
FN:31,(anonymous_5)
FN:117,(anonymous_6)
FNF:3
FNH:0
FNDA:0,(anonymous_4)
FNDA:0,(anonymous_5)
FNDA:0,(anonymous_6)
DA:1,0
DA:21,0
DA:31,0
DA:32,0
DA:34,0
DA:44,0
DA:54,0
DA:64,0
DA:74,0
DA:84,0
DA:94,0
DA:104,0
DA:117,0
DA:118,0
DA:120,0
DA:125,0
DA:130,0
DA:137,0
DA:138,0
DA:169,0
LF:20
LH:0
BRDA:24,0,0,0
BRDA:25,1,0,0
BRDA:26,2,0,0
BRDA:27,3,0,0
BRDA:32,4,0,0
BRDA:32,4,1,0
BRDA:32,4,2,0
BRDA:32,4,3,0
BRDA:32,4,4,0
BRDA:32,4,5,0
BRDA:32,4,6,0
BRDA:32,4,7,0
BRDA:36,5,0,0
BRDA:36,5,1,0
BRDA:46,6,0,0
BRDA:46,6,1,0
BRDA:56,7,0,0
BRDA:56,7,1,0
BRDA:66,8,0,0
BRDA:66,8,1,0
BRDA:76,9,0,0
BRDA:76,9,1,0
BRDA:86,10,0,0
BRDA:86,10,1,0
BRDA:96,11,0,0
BRDA:96,11,1,0
BRDA:106,12,0,0
BRDA:106,12,1,0
BRDA:118,13,0,0
BRDA:118,13,1,0
BRDA:118,13,2,0
BRDA:151,14,0,0
BRDA:151,14,1,0
BRDA:153,15,0,0
BRDA:159,16,0,0
BRDA:159,16,1,0
BRF:36
BRH:0
end_of_record
TN:
SF:components/ui/alert.tsx
FN:59,Alert
FNF:1
FNH:0
FNDA:0,Alert
DA:4,0
DA:5,0
DA:6,0
DA:21,0
DA:59,0
DA:69,0
DA:70,0
DA:120,0
DA:123,0
DA:127,0
DA:131,0
DA:135,0
DA:140,0
DA:157,0
LF:14
LH:0
BRDA:60,0,0,0
BRDA:64,1,0,0
BRDA:65,2,0,0
BRDA:66,3,0,0
BRDA:82,4,0,0
BRDA:97,5,0,0
BRDA:103,6,0,0
BRDA:109,7,0,0
BRDA:109,7,1,0
BRDA:111,8,0,0
BRDA:111,8,1,0
BRDA:142,9,0,0
BRDA:159,10,0,0
BRF:13
BRH:0
end_of_record
TN:
SF:components/ui/avatar.tsx
FNF:0
FNH:0
DA:1,0
DA:2,0
DA:4,0
DA:19,0
DA:31,0
DA:46,0
DA:48,0
LF:7
LH:0
BRF:0
BRH:0
end_of_record
TN:
SF:components/ui/badge.tsx
FN:34,Badge
FNF:1
FNH:0
FNDA:0,Badge
DA:1,0
DA:2,0
DA:4,0
DA:6,0
DA:40,0
LF:5
LH:0
BRF:0
BRH:0
end_of_record
TN:
SF:components/ui/breadcrumb.tsx
FN:22,Breadcrumb
FN:33,(anonymous_5)
FNF:2
FNH:0
FNDA:0,Breadcrumb
FNDA:0,(anonymous_5)
DA:1,0
DA:2,0
DA:3,0
DA:22,0
DA:34,0
DA:56,0
LF:6
LH:0
BRDA:22,0,0,0
BRDA:37,1,0,0
BRDA:41,2,0,0
BRDA:46,3,0,0
BRF:4
BRH:0
end_of_record
TN:
SF:components/ui/button.tsx
FN:44,(anonymous_6)
FNF:1
FNH:0
FNDA:0,(anonymous_6)
DA:1,0
DA:2,0
DA:3,0
DA:5,0
DA:7,0
DA:43,0
DA:45,0
DA:55,0
DA:57,0
LF:9
LH:0
BRDA:44,0,0,0
BRDA:45,1,0,0
BRDA:45,1,1,0
BRF:3
BRH:0
end_of_record
TN:
SF:components/ui/calendar.tsx
FN:32,Calendar
FN:53,(anonymous_4)
FN:58,(anonymous_5)
FN:63,(anonymous_6)
FN:68,(anonymous_7)
FN:72,(anonymous_8)
FN:79,(anonymous_9)
FN:85,(anonymous_10)
FN:93,(anonymous_11)
FN:102,(anonymous_12)
FN:105,(anonymous_13)
FN:130,(anonymous_14)
FN:135,(anonymous_15)
FN:140,(anonymous_16)
FN:182,(anonymous_17)
FN:231,(anonymous_18)
FN:248,(anonymous_19)
FN:267,(anonymous_20)
FNF:18
FNH:0
FNDA:0,Calendar
FNDA:0,(anonymous_4)
FNDA:0,(anonymous_5)
FNDA:0,(anonymous_6)
FNDA:0,(anonymous_7)
FNDA:0,(anonymous_8)
FNDA:0,(anonymous_9)
FNDA:0,(anonymous_10)
FNDA:0,(anonymous_11)
FNDA:0,(anonymous_12)
FNDA:0,(anonymous_13)
FNDA:0,(anonymous_14)
FNDA:0,(anonymous_15)
FNDA:0,(anonymous_16)
FNDA:0,(anonymous_17)
FNDA:0,(anonymous_18)
FNDA:0,(anonymous_19)
FNDA:0,(anonymous_20)
DA:3,0
DA:4,0
DA:5,0
DA:6,0
DA:25,0
DA:30,0
DA:46,0
DA:47,0
DA:49,0
DA:50,0
DA:53,0
DA:54,0
DA:58,0
DA:59,0
DA:63,0
DA:64,0
DA:68,0
DA:69,0
DA:71,0
DA:72,0
DA:75,0
DA:79,0
DA:80,0
DA:81,0
DA:85,0
DA:86,0
DA:87,0
DA:88,0
DA:89,0
DA:93,0
DA:94,0
DA:98,0
DA:99,0
DA:100,0
DA:101,0
DA:102,0
DA:104,0
DA:105,0
DA:107,0
DA:111,0
DA:112,0
DA:113,0
DA:114,0
DA:115,0
DA:116,0
DA:118,0
DA:121,0
DA:125,0
DA:126,0
DA:130,0
DA:131,0
DA:135,0
DA:136,0
DA:140,0
DA:141,0
DA:142,0
DA:143,0
DA:145,0
DA:146,0
DA:149,0
DA:150,0
DA:152,0
DA:155,0
DA:158,0
DA:159,0
DA:161,0
DA:163,0
DA:165,0
DA:166,0
DA:167,0
DA:168,0
DA:170,0
DA:182,0
DA:190,0
DA:191,0
DA:195,0
DA:232,0
DA:233,0
DA:249,0
DA:267,0
DA:273,0
DA:274,0
LF:82
LH:0
BRDA:33,0,0,0
BRDA:37,1,0,0
BRDA:39,2,0,0
BRDA:40,3,0,0
BRDA:41,4,0,0
BRDA:42,5,0,0
BRDA:69,6,0,0
BRDA:71,7,0,0
BRDA:86,8,0,0
BRDA:86,9,0,0
BRDA:86,9,1,0
BRDA:87,10,0,0
BRDA:87,11,0,0
BRDA:87,11,1,0
BRDA:88,12,0,0
BRDA:88,13,0,0
BRDA:88,13,1,0
BRDA:94,14,0,0
BRDA:98,15,0,0
BRDA:98,15,1,0
BRDA:100,16,0,0
BRDA:100,16,1,0
BRDA:101,17,0,0
BRDA:101,17,1,0
BRDA:104,18,0,0
BRDA:104,18,1,0
BRDA:111,19,0,0
BRDA:111,19,1,0
BRDA:111,20,0,0
BRDA:111,20,1,0
BRDA:113,21,0,0
BRDA:113,21,1,0
BRDA:115,22,0,0
BRDA:115,22,1,0
BRDA:140,23,0,0
BRDA:150,24,0,0
BRDA:150,24,1,0
BRDA:161,25,0,0
BRDA:161,25,1,0
BRDA:173,26,0,0
BRDA:173,26,1,0
BRDA:176,27,0,0
BRDA:176,27,1,0
BRDA:177,28,0,0
BRDA:177,28,1,0
BRDA:177,28,2,0
BRDA:178,29,0,0
BRDA:178,29,1,0
BRDA:178,29,2,0
BRDA:179,30,0,0
BRDA:179,30,1,0
BRDA:190,31,0,0
BRDA:190,32,0,0
BRDA:190,32,1,0
BRDA:190,32,2,0
BRDA:202,33,0,0
BRDA:226,34,0,0
BRDA:246,35,0,0
BRDA:266,36,0,0
BRDA:266,36,1,0
BRF:60
BRH:0
end_of_record
TN:
SF:components/ui/card.tsx
FNF:0
FNH:0
DA:1,0
DA:3,0
DA:18,0
DA:30,0
DA:45,0
DA:57,0
DA:65,0
DA:77,0
DA:79,0
LF:9
LH:0
BRF:0
BRH:0
end_of_record
TN:
SF:components/ui/checkbox.tsx
FNF:0
FNH:0
DA:3,0
DA:4,0
DA:5,0
DA:7,0
DA:28,0
DA:30,0
LF:6
LH:0
BRF:0
BRH:0
end_of_record
TN:
SF:components/ui/data-state-manager.tsx
FN:20,(anonymous_6)
FN:109,(anonymous_9)
FNF:2
FNH:0
FNDA:0,(anonymous_6)
FNDA:0,(anonymous_9)
DA:1,0
DA:2,0
DA:3,0
DA:20,0
DA:31,0
DA:32,0
DA:45,0
DA:46,0
DA:65,0
DA:66,0
DA:87,0
DA:105,0
DA:110,0
DA:138,0
LF:14
LH:0
BRDA:21,0,0,0
BRDA:22,1,0,0
BRDA:23,2,0,0
BRDA:31,3,0,0
BRDA:32,4,0,0
BRDA:45,5,0,0
BRDA:46,6,0,0
BRDA:54,7,0,0
BRDA:65,8,0,0
BRDA:66,9,0,0
BRDA:87,10,0,0
BRF:11
BRH:0
end_of_record
TN:
SF:components/ui/data-table.tsx
FN:38,DataTable
FN:51,(anonymous_4)
FN:60,(anonymous_5)
FN:63,(anonymous_6)
FN:84,(anonymous_7)
FN:117,(anonymous_8)
FN:120,(anonymous_9)
FN:122,(anonymous_10)
FN:126,(anonymous_11)
FN:127,(anonymous_12)
FN:136,(anonymous_13)
FN:145,(anonymous_14)
FN:186,(anonymous_15)
FN:193,(anonymous_16)
FN:202,(anonymous_17)
FN:207,(anonymous_18)
FN:208,(anonymous_19)
FN:213,(anonymous_20)
FN:214,(anonymous_21)
FN:223,(anonymous_22)
FN:258,(anonymous_23)
FN:264,(anonymous_24)
FN:278,(anonymous_25)
FN:285,(anonymous_26)
FN:286,(anonymous_27)
FN:297,(anonymous_28)
FN:309,(anonymous_29)
FN:322,(anonymous_30)
FNF:28
FNH:0
FNDA:0,DataTable
FNDA:0,(anonymous_4)
FNDA:0,(anonymous_5)
FNDA:0,(anonymous_6)
FNDA:0,(anonymous_7)
FNDA:0,(anonymous_8)
FNDA:0,(anonymous_9)
FNDA:0,(anonymous_10)
FNDA:0,(anonymous_11)
FNDA:0,(anonymous_12)
FNDA:0,(anonymous_13)
FNDA:0,(anonymous_14)
FNDA:0,(anonymous_15)
FNDA:0,(anonymous_16)
FNDA:0,(anonymous_17)
FNDA:0,(anonymous_18)
FNDA:0,(anonymous_19)
FNDA:0,(anonymous_20)
FNDA:0,(anonymous_21)
FNDA:0,(anonymous_22)
FNDA:0,(anonymous_23)
FNDA:0,(anonymous_24)
FNDA:0,(anonymous_25)
FNDA:0,(anonymous_26)
FNDA:0,(anonymous_27)
FNDA:0,(anonymous_28)
FNDA:0,(anonymous_29)
FNDA:0,(anonymous_30)
DA:3,0
DA:4,0
DA:5,0
DA:6,0
DA:48,0
DA:49,0
DA:51,0
DA:52,0
DA:53,0
DA:55,0
DA:56,0
DA:60,0
DA:61,0
DA:63,0
DA:64,0
DA:65,0
DA:67,0
DA:68,0
DA:70,0
DA:71,0
DA:76,0
DA:77,0
DA:80,0
DA:84,0
DA:85,0
DA:87,0
DA:89,0
DA:91,0
DA:95,0
DA:96,0
DA:118,0
DA:121,0
DA:122,0
DA:123,0
DA:124,0
DA:126,0
DA:127,0
DA:128,0
DA:137,0
DA:145,0
DA:187,0
DA:193,0
DA:203,0
DA:204,0
DA:205,0
DA:208,0
DA:212,0
DA:213,0
DA:214,0
DA:224,0
DA:259,0
DA:260,0
DA:265,0
DA:278,0
DA:285,0
DA:287,0
DA:288,0
DA:290,0
DA:292,0
DA:293,0
DA:295,0
DA:298,0
DA:299,0
DA:301,0
DA:309,0
DA:322,0
DA:335,0
DA:336,0
LF:68
LH:0
BRDA:41,0,0,0
BRDA:45,1,0,0
BRDA:46,2,0,0
BRDA:52,3,0,0
BRDA:52,3,1,0
BRDA:53,4,0,0
BRDA:53,4,1,0
BRDA:61,5,0,0
BRDA:67,6,0,0
BRDA:67,7,0,0
BRDA:67,7,1,0
BRDA:68,8,0,0
BRDA:68,9,0,0
BRDA:68,9,1,0
BRDA:70,10,0,0
BRDA:70,11,0,0
BRDA:70,11,1,0
BRDA:71,12,0,0
BRDA:71,12,1,0
BRDA:76,13,0,0
BRDA:76,14,0,0
BRDA:76,14,1,0
BRDA:77,15,0,0
BRDA:77,15,1,0
BRDA:85,16,0,0
BRDA:85,16,1,0
BRDA:85,16,2,0
BRDA:96,17,0,0
BRDA:96,17,1,0
BRDA:112,18,0,0
BRDA:117,19,0,0
BRDA:117,19,1,0
BRDA:118,20,0,0
BRDA:118,20,1,0
BRDA:121,21,0,0
BRDA:121,21,1,0
BRDA:122,22,0,0
BRDA:122,22,1,0
BRDA:126,23,0,0
BRDA:126,23,1,0
BRDA:142,24,0,0
BRDA:142,24,1,0
BRDA:145,25,0,0
BRDA:145,25,1,0
BRDA:149,26,0,0
BRDA:149,26,1,0
BRDA:149,26,2,0
BRDA:150,27,0,0
BRDA:150,27,1,0
BRDA:164,28,0,0
BRDA:164,28,1,0
BRDA:167,29,0,0
BRDA:167,29,1,0
BRDA:176,30,0,0
BRDA:176,30,1,0
BRDA:179,31,0,0
BRDA:179,31,1,0
BRDA:191,32,0,0
BRDA:191,32,1,0
BRDA:193,33,0,0
BRDA:193,33,1,0
BRDA:196,34,0,0
BRDA:201,35,0,0
BRDA:201,35,1,0
BRDA:204,36,0,0
BRDA:204,36,1,0
BRDA:206,37,0,0
BRDA:206,37,1,0
BRDA:208,38,0,0
BRDA:208,38,1,0
BRDA:213,39,0,0
BRDA:213,39,1,0
BRDA:214,40,0,0
BRDA:214,40,1,0
BRDA:231,41,0,0
BRDA:231,41,1,0
BRDA:188,42,0,0
BRDA:188,42,1,0
BRDA:188,42,2,0
BRDA:244,43,0,0
BRDA:255,44,0,0
BRDA:264,45,0,0
BRDA:264,45,1,0
BRDA:290,46,0,0
BRDA:292,47,0,0
BRDA:292,48,0,0
BRDA:292,48,1,0
BRDA:293,49,0,0
BRDA:293,50,0,0
BRDA:293,50,1,0
BRDA:299,51,0,0
BRDA:299,51,1,0
BRDA:303,52,0,0
BRDA:307,53,0,0
BRDA:307,53,1,0
BRF:95
BRH:0
end_of_record
TN:
SF:components/ui/dialog.tsx
FNF:0
FNH:0
DA:1,0
DA:2,0
DA:3,0
DA:5,0
DA:7,0
DA:9,0
DA:11,0
DA:13,0
DA:28,0
DA:52,0
DA:66,0
DA:80,0
DA:95,0
DA:107,0
DA:110,0
DA:111,0
DA:112,0
DA:113,0
DA:114,0
DA:115,0
DA:116,0
DA:117,0
DA:118,0
DA:119,0
LF:24
LH:0
BRF:0
BRH:0
end_of_record
TN:
SF:components/ui/dropdown-menu.tsx
FN:169,(anonymous_27)
FNF:1
FNH:0
FNDA:0,(anonymous_27)
DA:1,0
DA:2,0
DA:3,0
DA:5,0
DA:7,0
DA:9,0
DA:11,0
DA:13,0
DA:15,0
DA:17,0
DA:38,0
DA:54,0
DA:73,0
DA:91,0
DA:114,0
DA:137,0
DA:155,0
DA:167,0
DA:169,0
DA:180,0
DA:183,0
DA:184,0
DA:185,0
DA:186,0
DA:187,0
DA:188,0
DA:189,0
DA:190,0
DA:191,0
DA:192,0
DA:193,0
DA:194,0
DA:195,0
DA:196,0
DA:197,0
LF:35
LH:0
BRDA:29,0,0,0
BRDA:29,0,1,0
BRDA:60,1,0,0
BRDA:85,2,0,0
BRDA:85,2,1,0
BRDA:149,3,0,0
BRDA:149,3,1,0
BRF:7
BRH:0
end_of_record
TN:
SF:components/ui/form.tsx
FN:31,(anonymous_12)
FN:44,(anonymous_13)
FN:78,(anonymous_14)
FN:92,(anonymous_15)
FN:109,(anonymous_16)
FN:131,(anonymous_17)
FN:148,(anonymous_18)
FNF:7
FNH:0
FNDA:0,(anonymous_12)
FNDA:0,(anonymous_13)
FNDA:0,(anonymous_14)
FNDA:0,(anonymous_15)
FNDA:0,(anonymous_16)
FNDA:0,(anonymous_17)
FNDA:0,(anonymous_18)
DA:3,0
DA:5,0
DA:13,0
DA:15,0
DA:16,0
DA:18,0
DA:27,0
DA:31,0
DA:44,0
DA:45,0
DA:46,0
DA:47,0
DA:49,0
DA:51,0
DA:52,0
DA:55,0
DA:57,0
DA:71,0
DA:75,0
DA:79,0
DA:87,0
DA:89,0
DA:93,0
DA:104,0
DA:106,0
DA:110,0
DA:126,0
DA:128,0
DA:132,0
DA:143,0
DA:145,0
DA:149,0
DA:150,0
DA:152,0
DA:153,0
DA:167,0
DA:170,0
DA:171,0
DA:172,0
DA:173,0
DA:174,0
DA:175,0
DA:176,0
DA:177,0
LF:44
LH:0
BRDA:51,0,0,0
BRDA:98,1,0,0
BRDA:98,1,1,0
BRDA:117,2,0,0
BRDA:117,2,1,0
BRDA:150,3,0,0
BRDA:150,3,1,0
BRDA:152,4,0,0
BRF:8
BRH:0
end_of_record
TN:
SF:components/ui/input.tsx
FN:9,(anonymous_4)
FNF:1
FNH:0
FNDA:0,(anonymous_4)
DA:1,0
DA:3,0
DA:8,0
DA:23,0
DA:25,0
LF:5
LH:0
BRF:0
BRH:0
end_of_record
TN:
SF:components/ui/label.tsx
FNF:0
FNH:0
DA:1,0
DA:2,0
DA:3,0
DA:5,0
DA:7,0
DA:22,0
DA:24,0
LF:7
LH:0
BRF:0
BRH:0
end_of_record
TN:
SF:components/ui/modern-dashboard.tsx
FN:61,(anonymous_3)
FN:123,(anonymous_4)
FN:152,(anonymous_5)
FN:200,(anonymous_6)
FNF:4
FNH:0
FNDA:0,(anonymous_3)
FNDA:0,(anonymous_4)
FNDA:0,(anonymous_5)
FNDA:0,(anonymous_6)
DA:3,0
DA:4,0
DA:14,0
DA:61,0
DA:62,0
DA:124,0
DA:153,0
DA:201,0
LF:8
LH:0
BRDA:25,0,0,0
BRDA:40,1,0,0
BRDA:42,2,0,0
BRDA:42,2,1,0
BRF:4
BRH:0
end_of_record
TN:
SF:components/ui/optimized-button.tsx
FN:20,(anonymous_4)
FN:35,(anonymous_5)
FN:40,(anonymous_6)
FN:41,(anonymous_7)
FN:42,(anonymous_8)
FN:84,(anonymous_9)
FNF:6
FNH:0
FNDA:0,(anonymous_4)
FNDA:0,(anonymous_5)
FNDA:0,(anonymous_6)
FNDA:0,(anonymous_7)
FNDA:0,(anonymous_8)
FNDA:0,(anonymous_9)
DA:3,0
DA:19,0
DA:33,0
DA:35,0
DA:36,0
DA:37,0
DA:40,0
DA:41,0
DA:42,0
DA:45,0
DA:48,0
DA:56,0
DA:64,0
DA:73,0
DA:75,0
DA:84,0
DA:85,0
DA:120,0
LF:18
LH:0
BRDA:21,0,0,0
BRDA:22,1,0,0
BRDA:23,2,0,0
BRDA:24,3,0,0
BRDA:25,4,0,0
BRDA:27,5,0,0
BRDA:29,6,0,0
BRDA:36,7,0,0
BRDA:36,8,0,0
BRDA:36,8,1,0
BRDA:64,9,0,0
BRDA:64,9,1,0
BRDA:66,10,0,0
BRDA:66,10,1,0
BRDA:68,11,0,0
BRDA:68,11,1,0
BRDA:73,12,0,0
BRDA:73,12,1,0
BRDA:85,13,0,0
BRDA:87,14,0,0
BRDA:87,14,1,0
BRDA:97,15,0,0
BRDA:97,15,1,0
BRDA:102,16,0,0
BRDA:102,16,1,0
BRDA:106,17,0,0
BRDA:112,18,0,0
BRDA:112,18,1,0
BRDA:113,19,0,0
BRDA:113,19,1,0
BRDA:114,20,0,0
BRDA:114,20,1,0
BRF:32
BRH:0
end_of_record
TN:
SF:components/ui/optimized-dashboard.tsx
FN:55,(anonymous_4)
FN:64,(anonymous_5)
FN:65,(anonymous_6)
FN:71,(anonymous_7)
FN:158,(anonymous_8)
FN:164,(anonymous_9)
FN:185,(anonymous_10)
FN:204,(anonymous_11)
FN:232,(anonymous_12)
FN:244,(anonymous_13)
FN:264,(anonymous_14)
FN:275,(anonymous_15)
FN:286,(anonymous_16)
FN:297,(anonymous_17)
FN:342,(anonymous_18)
FN:357,(anonymous_19)
FN:405,(anonymous_20)
FN:414,(anonymous_21)
FN:454,(anonymous_22)
FN:458,(anonymous_23)
FNF:20
FNH:0
FNDA:0,(anonymous_4)
FNDA:0,(anonymous_5)
FNDA:0,(anonymous_6)
FNDA:0,(anonymous_7)
FNDA:0,(anonymous_8)
FNDA:0,(anonymous_9)
FNDA:0,(anonymous_10)
FNDA:0,(anonymous_11)
FNDA:0,(anonymous_12)
FNDA:0,(anonymous_13)
FNDA:0,(anonymous_14)
FNDA:0,(anonymous_15)
FNDA:0,(anonymous_16)
FNDA:0,(anonymous_17)
FNDA:0,(anonymous_18)
FNDA:0,(anonymous_19)
FNDA:0,(anonymous_20)
FNDA:0,(anonymous_21)
FNDA:0,(anonymous_22)
FNDA:0,(anonymous_23)
DA:3,0
DA:4,0
DA:16,0
DA:17,0
DA:18,0
DA:19,0
DA:55,0
DA:56,0
DA:57,0
DA:58,0
DA:59,0
DA:60,0
DA:61,0
DA:64,0
DA:65,0
DA:66,0
DA:67,0
DA:68,0
DA:71,0
DA:74,0
DA:89,0
DA:119,0
DA:143,0
DA:144,0
DA:145,0
DA:147,0
DA:148,0
DA:150,0
DA:154,0
DA:158,0
DA:159,0
DA:164,0
DA:165,0
DA:171,0
DA:185,0
DA:186,0
DA:198,0
DA:204,0
DA:232,0
DA:245,0
DA:264,0
DA:275,0
DA:286,0
DA:297,0
DA:343,0
DA:358,0
DA:406,0
DA:415,0
DA:455,0
DA:458,0
LF:50
LH:0
BRDA:198,0,0,0
BRDA:244,1,0,0
BRDA:254,2,0,0
BRDA:260,3,0,0
BRDA:260,3,1,0
BRDA:271,4,0,0
BRDA:271,4,1,0
BRDA:282,5,0,0
BRDA:282,5,1,0
BRDA:293,6,0,0
BRDA:293,6,1,0
BRDA:340,7,0,0
BRDA:340,7,1,0
BRDA:367,8,0,0
BRDA:367,8,1,0
BRDA:368,9,0,0
BRDA:368,9,1,0
BRDA:403,10,0,0
BRDA:403,10,1,0
BRDA:418,11,0,0
BRDA:418,11,1,0
BRDA:419,12,0,0
BRDA:419,12,1,0
BRF:23
BRH:0
end_of_record
TN:
SF:components/ui/optimized-metric-card.tsx
FN:20,(anonymous_4)
FN:40,(anonymous_5)
FN:59,(anonymous_6)
FN:71,(anonymous_7)
FN:76,(anonymous_8)
FN:82,(anonymous_9)
FN:105,(anonymous_10)
FN:106,(anonymous_11)
FNF:8
FNH:0
FNDA:0,(anonymous_4)
FNDA:0,(anonymous_5)
FNDA:0,(anonymous_6)
FNDA:0,(anonymous_7)
FNDA:0,(anonymous_8)
FNDA:0,(anonymous_9)
FNDA:0,(anonymous_10)
FNDA:0,(anonymous_11)
DA:3,0
DA:20,0
DA:31,0
DA:33,0
DA:40,0
DA:41,0
DA:55,0
DA:59,0
DA:60,0
DA:61,0
DA:63,0
DA:64,0
DA:65,0
DA:66,0
DA:68,0
DA:71,0
DA:72,0
DA:73,0
DA:76,0
DA:77,0
DA:78,0
DA:79,0
DA:82,0
DA:83,0
DA:84,0
DA:85,0
DA:89,0
DA:105,0
DA:106,0
LF:29
LH:0
BRDA:24,0,0,0
BRDA:26,1,0,0
BRDA:27,2,0,0
BRDA:41,3,0,0
BRDA:60,4,0,0
BRDA:60,4,1,0
BRDA:61,5,0,0
BRDA:63,6,0,0
BRDA:63,6,1,0
BRDA:65,7,0,0
BRDA:72,8,0,0
BRDA:72,8,1,0
BRDA:77,9,0,0
BRDA:78,10,0,0
BRDA:83,11,0,0
BRDA:84,12,0,0
BRDA:84,12,1,0
BRDA:84,13,0,0
BRDA:84,13,1,0
BRDA:89,14,0,0
BRDA:104,15,0,0
BRDA:104,15,1,0
BRDA:108,16,0,0
BRDA:108,16,1,0
BRDA:109,17,0,0
BRDA:109,17,1,0
BRDA:110,18,0,0
BRDA:110,18,1,0
BRDA:116,19,0,0
BRDA:132,20,0,0
BRDA:138,21,0,0
BRF:31
BRH:0
end_of_record
TN:
SF:components/ui/popover.tsx
FNF:0
FNH:0
DA:3,0
DA:4,0
DA:5,0
DA:7,0
DA:9,0
DA:28,0
DA:30,0
LF:7
LH:0
BRDA:14,0,0,0
BRDA:14,1,0,0
BRF:2
BRH:0
end_of_record
TN:
SF:components/ui/progress.tsx
FNF:0
FNH:0
DA:1,0
DA:2,0
DA:4,0
DA:24,0
DA:26,0
LF:5
LH:0
BRDA:20,0,0,0
BRDA:20,0,1,0
BRF:2
BRH:0
end_of_record
TN:
SF:components/ui/select.tsx
FNF:0
FNH:0
DA:1,0
DA:2,0
DA:3,0
DA:5,0
DA:7,0
DA:9,0
DA:11,0
DA:31,0
DA:48,0
DA:65,0
DA:98,0
DA:110,0
DA:133,0
DA:145,0
DA:148,0
DA:149,0
DA:150,0
DA:151,0
DA:152,0
DA:153,0
DA:154,0
DA:155,0
DA:156,0
DA:157,0
LF:24
LH:0
BRDA:71,0,0,0
BRDA:77,1,0,0
BRDA:77,1,1,0
BRDA:88,2,0,0
BRDA:88,2,1,0
BRF:5
BRH:0
end_of_record
TN:
SF:components/ui/separator.tsx
FNF:0
FNH:0
DA:3,0
DA:4,0
DA:6,0
DA:29,0
DA:31,0
LF:5
LH:0
BRDA:13,0,0,0
BRDA:13,1,0,0
BRDA:22,2,0,0
BRDA:22,2,1,0
BRF:4
BRH:0
end_of_record
TN:
SF:components/ui/skeleton.tsx
FN:12,(anonymous_4)
FNF:1
FNH:0
FNDA:0,(anonymous_4)
DA:1,0
DA:12,0
DA:21,0
LF:3
LH:0
BRDA:12,0,0,0
BRF:1
BRH:0
end_of_record
TN:
SF:components/ui/switch.tsx
FNF:0
FNH:0
DA:3,0
DA:4,0
DA:6,0
DA:27,0
DA:29,0
LF:5
LH:0
BRF:0
BRH:0
end_of_record
TN:
SF:components/ui/table.tsx
FNF:0
FNH:0
DA:1,0
DA:3,0
DA:17,0
DA:25,0
DA:37,0
DA:52,0
DA:67,0
DA:82,0
DA:94,0
DA:106,0
DA:109,0
DA:110,0
DA:111,0
DA:112,0
DA:113,0
DA:114,0
DA:115,0
DA:116,0
LF:18
LH:0
BRF:0
BRH:0
end_of_record
TN:
SF:components/ui/tabs.tsx
FNF:0
FNH:0
DA:1,0
DA:2,0
DA:4,0
DA:6,0
DA:21,0
DA:36,0
DA:51,0
DA:53,0
LF:8
LH:0
BRF:0
BRH:0
end_of_record
TN:
SF:components/ui/textarea.tsx
FN:17,(anonymous_6)
FN:35,(anonymous_7)
FN:49,(anonymous_8)
FNF:3
FNH:0
FNDA:0,(anonymous_6)
FNDA:0,(anonymous_7)
FNDA:0,(anonymous_8)
DA:3,0
DA:4,0
DA:16,0
DA:32,0
DA:33,0
DA:35,0
DA:36,0
DA:37,0
DA:40,0
DA:41,0
DA:44,0
DA:45,0
DA:49,0
DA:50,0
DA:52,0
DA:54,0
DA:56,0
DA:58,0
DA:60,0
DA:64,0
DA:65,0
DA:145,0
DA:147,0
DA:148,0
LF:24
LH:0
BRDA:23,0,0,0
BRDA:25,1,0,0
BRDA:32,2,0,0
BRDA:32,2,1,0
BRDA:33,3,0,0
BRDA:33,3,1,0
BRDA:36,4,0,0
BRDA:36,5,0,0
BRDA:36,5,1,0
BRDA:40,6,0,0
BRDA:44,7,0,0
BRDA:50,8,0,0
BRDA:50,8,1,0
BRDA:50,8,2,0
BRDA:50,8,3,0
BRDA:50,8,4,0
BRDA:64,9,0,0
BRDA:64,9,1,0
BRDA:65,10,0,0
BRDA:65,10,1,0
BRDA:69,11,0,0
BRDA:73,12,0,0
BRDA:73,12,1,0
BRDA:87,13,0,0
BRDA:87,13,1,0
BRDA:97,14,0,0
BRDA:97,14,1,0
BRDA:97,15,0,0
BRDA:97,15,1,0
BRDA:97,16,0,0
BRDA:97,16,1,0
BRDA:97,17,0,0
BRDA:97,17,1,0
BRDA:101,18,0,0
BRDA:101,18,1,0
BRDA:109,19,0,0
BRDA:111,20,0,0
BRDA:111,20,1,0
BRDA:122,21,0,0
BRDA:122,21,1,0
BRDA:124,22,0,0
BRDA:124,22,1,0
BRDA:135,23,0,0
BRDA:135,23,1,0
BRF:44
BRH:0
end_of_record
TN:
SF:components/ui/theme-toggle.tsx
FN:11,(anonymous_2)
FNF:1
FNH:0
FNDA:0,(anonymous_2)
DA:3,0
DA:4,0
DA:5,0
DA:11,0
DA:12,0
DA:14,0
DA:21,0
LF:7
LH:0
BRDA:14,0,0,0
BRDA:30,1,0,0
BRDA:61,2,0,0
BRDA:61,2,1,0
BRDA:62,3,0,0
BRDA:62,3,1,0
BRDA:62,4,0,0
BRDA:62,4,1,0
BRDA:65,5,0,0
BRDA:65,5,1,0
BRF:10
BRH:0
end_of_record
TN:
SF:components/ui/user-profile-dropdown.tsx
FN:35,UserProfileDropdown
FN:41,(anonymous_5)
FN:49,(anonymous_6)
FN:54,(anonymous_7)
FN:59,(anonymous_8)
FN:64,(anonymous_9)
FN:69,(anonymous_10)
FNF:7
FNH:0
FNDA:0,UserProfileDropdown
FNDA:0,(anonymous_5)
FNDA:0,(anonymous_6)
FNDA:0,(anonymous_7)
FNDA:0,(anonymous_8)
FNDA:0,(anonymous_9)
FNDA:0,(anonymous_10)
DA:1,0
DA:2,0
DA:10,0
DA:11,0
DA:20,0
DA:35,0
DA:41,0
DA:43,0
DA:46,0
DA:49,0
DA:51,0
DA:54,0
DA:56,0
DA:59,0
DA:61,0
DA:64,0
DA:66,0
DA:69,0
DA:71,0
DA:150,0
LF:20
LH:0
BRDA:39,0,0,0
BRDA:101,1,0,0
BRF:2
BRH:0
end_of_record
TN:
SF:components/ui/data-state/DataStateManager.tsx
FN:51,DataStateManager
FN:80,(anonymous_7)
FN:119,(anonymous_8)
FN:134,(anonymous_9)
FN:145,(anonymous_10)
FN:166,(anonymous_11)
FN:182,(anonymous_12)
FN:214,StateContainer
FN:252,useDataWithState
FN:265,(anonymous_15)
FN:278,(anonymous_16)
FN:279,(anonymous_17)
FN:291,(anonymous_18)
FN:297,(anonymous_19)
FN:302,(anonymous_20)
FN:322,ListStateManager
FN:364,(anonymous_23)
FNF:17
FNH:0
FNDA:0,DataStateManager
FNDA:0,(anonymous_7)
FNDA:0,(anonymous_8)
FNDA:0,(anonymous_9)
FNDA:0,(anonymous_10)
FNDA:0,(anonymous_11)
FNDA:0,(anonymous_12)
FNDA:0,StateContainer
FNDA:0,useDataWithState
FNDA:0,(anonymous_15)
FNDA:0,(anonymous_16)
FNDA:0,(anonymous_17)
FNDA:0,(anonymous_18)
FNDA:0,(anonymous_19)
FNDA:0,(anonymous_20)
FNDA:0,ListStateManager
FNDA:0,(anonymous_23)
DA:3,0
DA:4,0
DA:5,0
DA:6,0
DA:7,0
DA:8,0
DA:51,0
DA:74,0
DA:75,0
DA:76,0
DA:77,0
DA:80,0
DA:81,0
DA:82,0
DA:86,0
DA:87,0
DA:90,0
DA:91,0
DA:94,0
DA:95,0
DA:98,0
DA:102,0
DA:105,0
DA:108,0
DA:111,0
DA:113,0
DA:119,0
DA:120,0
DA:121,0
DA:124,0
DA:131,0
DA:135,0
DA:145,0
DA:146,0
DA:147,0
DA:150,0
DA:166,0
DA:167,0
DA:168,0
DA:171,0
DA:182,0
DA:183,0
DA:184,0
DA:186,0
DA:214,0
DA:252,0
DA:262,0
DA:263,0
DA:265,0
DA:266,0
DA:267,0
DA:268,0
DA:269,0
DA:270,0
DA:271,0
DA:272,0
DA:274,0
DA:277,0
DA:278,0
DA:279,0
DA:280,0
DA:282,0
DA:285,0
DA:286,0
DA:287,0
DA:291,0
DA:292,0
DA:293,0
DA:297,0
DA:298,0
DA:299,0
DA:302,0
DA:303,0
DA:304,0
DA:307,0
DA:322,0
DA:365,0
LF:77
LH:0
BRDA:60,0,0,0
BRDA:61,1,0,0
BRDA:62,2,0,0
BRDA:63,3,0,0
BRDA:67,4,0,0
BRDA:68,5,0,0
BRDA:71,6,0,0
BRDA:75,7,0,0
BRDA:75,7,1,0
BRDA:76,8,0,0
BRDA:76,8,1,0
BRDA:77,9,0,0
BRDA:77,9,1,0
BRDA:81,10,0,0
BRDA:86,11,0,0
BRDA:86,12,0,0
BRDA:86,12,1,0
BRDA:90,13,0,0
BRDA:94,14,0,0
BRDA:102,15,0,0
BRDA:102,15,1,0
BRDA:105,16,0,0
BRDA:105,16,1,0
BRDA:108,17,0,0
BRDA:108,17,1,0
BRDA:108,17,2,0
BRDA:111,18,0,0
BRDA:111,18,1,0
BRDA:111,18,2,0
BRDA:114,19,0,0
BRDA:114,19,1,0
BRDA:115,20,0,0
BRDA:115,20,1,0
BRDA:120,21,0,0
BRDA:131,22,0,0
BRDA:131,23,0,0
BRDA:131,23,1,0
BRDA:146,24,0,0
BRDA:152,25,0,0
BRDA:167,26,0,0
BRDA:183,27,0,0
BRDA:194,28,0,0
BRDA:194,28,1,0
BRDA:196,29,0,0
BRDA:196,29,1,0
BRDA:196,29,2,0
BRDA:198,30,0,0
BRDA:198,30,1,0
BRDA:198,30,2,0
BRDA:198,30,3,0
BRDA:200,31,0,0
BRDA:200,31,1,0
BRDA:219,32,0,0
BRDA:220,33,0,0
BRDA:221,34,0,0
BRDA:225,35,0,0
BRDA:277,36,0,0
BRDA:277,37,0,0
BRDA:277,37,1,0
BRDA:281,38,0,0
BRDA:281,38,1,0
BRDA:285,39,0,0
BRDA:285,39,1,0
BRDA:292,40,0,0
BRDA:356,41,0,0
BRDA:356,41,1,0
BRF:66
BRH:0
end_of_record
TN:
SF:components/ui/data-state/DataStateProvider.tsx
FN:40,DataStateProvider
FN:50,(anonymous_8)
FN:51,(anonymous_9)
FN:58,(anonymous_10)
FN:59,(anonymous_11)
FN:72,(anonymous_12)
FN:73,(anonymous_13)
FN:80,(anonymous_14)
FN:81,(anonymous_15)
FN:93,(anonymous_16)
FN:94,(anonymous_17)
FN:124,useDataState
FN:136,useAsyncOperation
FN:147,(anonymous_20)
FN:165,(anonymous_21)
FNF:15
FNH:0
FNDA:0,DataStateProvider
FNDA:0,(anonymous_8)
FNDA:0,(anonymous_9)
FNDA:0,(anonymous_10)
FNDA:0,(anonymous_11)
FNDA:0,(anonymous_12)
FNDA:0,(anonymous_13)
FNDA:0,(anonymous_14)
FNDA:0,(anonymous_15)
FNDA:0,(anonymous_16)
FNDA:0,(anonymous_17)
FNDA:0,useDataState
FNDA:0,useAsyncOperation
FNDA:0,(anonymous_20)
FNDA:0,(anonymous_21)
DA:3,0
DA:27,0
DA:40,0
DA:45,0
DA:50,0
DA:51,0
DA:52,0
DA:53,0
DA:54,0
DA:58,0
DA:59,0
DA:60,0
DA:67,0
DA:68,0
DA:72,0
DA:73,0
DA:74,0
DA:75,0
DA:76,0
DA:80,0
DA:81,0
DA:82,0
DA:88,0
DA:89,0
DA:93,0
DA:94,0
DA:95,0
DA:100,0
DA:101,0
DA:105,0
DA:124,0
DA:125,0
DA:126,0
DA:127,0
DA:129,0
DA:136,0
DA:144,0
DA:145,0
DA:147,0
DA:148,0
DA:149,0
DA:150,0
DA:151,0
DA:152,0
DA:153,0
DA:154,0
DA:156,0
DA:157,0
DA:158,0
DA:159,0
DA:161,0
DA:165,0
DA:166,0
DA:167,0
DA:171,0
LF:55
LH:0
BRDA:126,0,0,0
BRDA:156,1,0,0
BRDA:156,1,1,0
BRDA:166,2,0,0
BRF:4
BRH:0
end_of_record
TN:
SF:components/ui/data-state/EmptyState.tsx
FN:96,EmptyState
FN:108,(anonymous_11)
FN:123,(anonymous_12)
FN:138,(anonymous_13)
FN:153,(anonymous_14)
FN:210,NoDataEmptyState
FN:235,NoResultsEmptyState
FN:254,NoProjectsEmptyState
FN:274,NoUsersEmptyState
FN:294,NotFoundEmptyState
FN:315,CardEmptyState
FN:339,InlineEmptyState
FNF:12
FNH:0
FNDA:0,EmptyState
FNDA:0,(anonymous_11)
FNDA:0,(anonymous_12)
FNDA:0,(anonymous_13)
FNDA:0,(anonymous_14)
FNDA:0,NoDataEmptyState
FNDA:0,NoResultsEmptyState
FNDA:0,NoProjectsEmptyState
FNDA:0,NoUsersEmptyState
FNDA:0,NotFoundEmptyState
FNDA:0,CardEmptyState
FNDA:0,InlineEmptyState
DA:3,0
DA:13,0
DA:14,0
DA:15,0
DA:44,0
DA:96,0
DA:106,0
DA:108,0
DA:109,0
DA:111,0
DA:113,0
DA:115,0
DA:117,0
DA:119,0
DA:123,0
DA:124,0
DA:126,0
DA:128,0
DA:130,0
DA:132,0
DA:134,0
DA:138,0
DA:139,0
DA:141,0
DA:143,0
DA:145,0
DA:147,0
DA:149,0
DA:153,0
DA:154,0
DA:156,0
DA:158,0
DA:160,0
DA:162,0
DA:164,0
DA:168,0
DA:210,0
DA:235,0
DA:254,0
DA:274,0
DA:294,0
DA:315,0
DA:339,0
LF:43
LH:0
BRDA:97,0,0,0
BRDA:103,1,0,0
BRDA:109,2,0,0
BRDA:109,2,1,0
BRDA:109,2,2,0
BRDA:109,2,3,0
BRDA:109,2,4,0
BRDA:124,3,0,0
BRDA:124,3,1,0
BRDA:124,3,2,0
BRDA:124,3,3,0
BRDA:124,3,4,0
BRDA:139,4,0,0
BRDA:139,4,1,0
BRDA:139,4,2,0
BRDA:139,4,3,0
BRDA:139,4,4,0
BRDA:154,5,0,0
BRDA:154,5,1,0
BRDA:154,5,2,0
BRDA:154,5,3,0
BRDA:154,5,4,0
BRDA:168,6,0,0
BRDA:168,6,1,0
BRDA:175,7,0,0
BRDA:178,8,0,0
BRDA:178,8,1,0
BRDA:178,9,0,0
BRDA:178,9,1,0
BRDA:178,10,0,0
BRDA:178,10,1,0
BRDA:190,11,0,0
BRDA:190,11,1,0
BRDA:197,12,0,0
BRDA:197,12,1,0
BRDA:200,13,0,0
BRDA:225,14,0,0
BRDA:244,15,0,0
BRDA:264,16,0,0
BRDA:284,17,0,0
BRDA:304,18,0,0
BRDA:316,19,0,0
BRDA:350,20,0,0
BRDA:350,20,1,0
BRF:44
BRH:0
end_of_record
TN:
SF:components/ui/data-state/ErrorState.tsx
FN:103,getSeverityColorClasses
FN:121,getErrorMessage
FN:131,ErrorState
FN:148,(anonymous_14)
FN:163,(anonymous_15)
FN:178,(anonymous_16)
FN:193,(anonymous_17)
FN:272,NetworkError
FN:282,ServerError
FN:293,PermissionError
FN:308,TimeoutError
FN:317,NotFoundError
FN:334,InlineErrorState
FN:366,WarningAlert
FN:420,(anonymous_25)
FN:434,(anonymous_26)
FN:425,(anonymous_27)
FN:429,(anonymous_28)
FN:438,(anonymous_29)
FN:449,DefaultErrorFallback
FNF:20
FNH:0
FNDA:0,getSeverityColorClasses
FNDA:0,getErrorMessage
FNDA:0,ErrorState
FNDA:0,(anonymous_14)
FNDA:0,(anonymous_15)
FNDA:0,(anonymous_16)
FNDA:0,(anonymous_17)
FNDA:0,NetworkError
FNDA:0,ServerError
FNDA:0,PermissionError
FNDA:0,TimeoutError
FNDA:0,NotFoundError
FNDA:0,InlineErrorState
FNDA:0,WarningAlert
FNDA:0,(anonymous_25)
FNDA:0,(anonymous_26)
FNDA:0,(anonymous_27)
FNDA:0,(anonymous_28)
FNDA:0,(anonymous_29)
FNDA:0,DefaultErrorFallback
DA:3,0
DA:13,0
DA:14,0
DA:15,0
DA:49,0
DA:104,0
DA:106,0
DA:108,0
DA:110,0
DA:112,0
DA:114,0
DA:122,0
DA:123,0
DA:124,0
DA:131,0
DA:144,0
DA:145,0
DA:146,0
DA:148,0
DA:149,0
DA:151,0
DA:153,0
DA:155,0
DA:157,0
DA:159,0
DA:163,0
DA:164,0
DA:166,0
DA:168,0
DA:170,0
DA:172,0
DA:174,0
DA:178,0
DA:179,0
DA:181,0
DA:183,0
DA:185,0
DA:187,0
DA:189,0
DA:193,0
DA:194,0
DA:196,0
DA:198,0
DA:200,0
DA:202,0
DA:204,0
DA:208,0
DA:272,0
DA:282,0
DA:293,0
DA:308,0
DA:317,0
DA:334,0
DA:366,0
DA:412,0
DA:421,0
DA:422,0
DA:426,0
DA:430,0
DA:431,0
DA:435,0
DA:439,0
DA:440,0
DA:444,0
LF:64
LH:0
BRDA:104,0,0,0
BRDA:104,0,1,0
BRDA:104,0,2,0
BRDA:104,0,3,0
BRDA:104,0,4,0
BRDA:122,1,0,0
BRDA:123,2,0,0
BRDA:124,3,0,0
BRDA:124,3,1,0
BRDA:132,4,0,0
BRDA:139,5,0,0
BRDA:140,6,0,0
BRDA:145,7,0,0
BRDA:145,7,1,0
BRDA:149,8,0,0
BRDA:149,8,1,0
BRDA:149,8,2,0
BRDA:149,8,3,0
BRDA:149,8,4,0
BRDA:164,9,0,0
BRDA:164,9,1,0
BRDA:164,9,2,0
BRDA:164,9,3,0
BRDA:164,9,4,0
BRDA:179,10,0,0
BRDA:179,10,1,0
BRDA:179,10,2,0
BRDA:179,10,3,0
BRDA:179,10,4,0
BRDA:194,11,0,0
BRDA:194,11,1,0
BRDA:194,11,2,0
BRDA:194,11,3,0
BRDA:194,11,4,0
BRDA:214,12,0,0
BRDA:220,13,0,0
BRDA:241,14,0,0
BRDA:241,14,1,0
BRDA:248,15,0,0
BRDA:248,15,1,0
BRDA:251,16,0,0
BRDA:251,16,1,0
BRDA:265,17,0,0
BRDA:265,17,1,0
BRDA:298,18,0,0
BRDA:323,19,0,0
BRDA:345,20,0,0
BRDA:345,20,1,0
BRDA:349,21,0,0
BRDA:384,22,0,0
BRDA:389,23,0,0
BRDA:397,24,0,0
BRDA:397,24,1,0
BRDA:439,25,0,0
BRDA:439,26,0,0
BRDA:439,26,1,0
BRDA:440,27,0,0
BRDA:440,27,1,0
BRF:58
BRH:0
end_of_record
TN:
SF:components/ui/data-state/LoadingState.tsx
FN:21,Skeleton
FN:29,(anonymous_8)
FN:44,(anonymous_9)
FN:65,(anonymous_10)
FN:109,LoadingState
FN:119,(anonymous_12)
FN:134,(anonymous_13)
FN:149,(anonymous_14)
FN:159,(anonymous_15)
FN:251,CardSkeleton
FN:270,MetricCardSkeleton
FN:285,TableSkeleton
FN:296,(anonymous_19)
FN:299,(anonymous_20)
FNF:14
FNH:0
FNDA:0,Skeleton
FNDA:0,(anonymous_8)
FNDA:0,(anonymous_9)
FNDA:0,(anonymous_10)
FNDA:0,LoadingState
FNDA:0,(anonymous_12)
FNDA:0,(anonymous_13)
FNDA:0,(anonymous_14)
FNDA:0,(anonymous_15)
FNDA:0,CardSkeleton
FNDA:0,MetricCardSkeleton
FNDA:0,TableSkeleton
FNDA:0,(anonymous_19)
FNDA:0,(anonymous_20)
DA:3,0
DA:4,0
DA:5,0
DA:21,0
DA:29,0
DA:30,0
DA:32,0
DA:34,0
DA:36,0
DA:38,0
DA:40,0
DA:44,0
DA:45,0
DA:47,0
DA:49,0
DA:51,0
DA:53,0
DA:57,0
DA:62,0
DA:66,0
DA:109,0
DA:119,0
DA:120,0
DA:122,0
DA:124,0
DA:126,0
DA:128,0
DA:130,0
DA:134,0
DA:135,0
DA:137,0
DA:139,0
DA:141,0
DA:143,0
DA:145,0
DA:149,0
DA:150,0
DA:160,0
DA:234,0
DA:247,0
DA:251,0
DA:270,0
DA:285,0
DA:297,0
DA:300,0
LF:45
LH:0
BRDA:23,0,0,0
BRDA:26,1,0,0
BRDA:27,2,0,0
BRDA:30,3,0,0
BRDA:30,3,1,0
BRDA:30,3,2,0
BRDA:30,3,3,0
BRDA:30,3,4,0
BRDA:45,4,0,0
BRDA:45,4,1,0
BRDA:45,4,2,0
BRDA:45,4,3,0
BRDA:58,5,0,0
BRDA:58,5,1,0
BRDA:59,6,0,0
BRDA:59,6,1,0
BRDA:59,7,0,0
BRDA:59,7,1,0
BRDA:62,8,0,0
BRDA:62,9,0,0
BRDA:62,9,1,0
BRDA:71,10,0,0
BRDA:71,10,1,0
BRDA:73,11,0,0
BRDA:73,11,1,0
BRDA:110,12,0,0
BRDA:111,13,0,0
BRDA:114,14,0,0
BRDA:115,15,0,0
BRDA:117,16,0,0
BRDA:120,17,0,0
BRDA:120,17,1,0
BRDA:120,17,2,0
BRDA:120,17,3,0
BRDA:120,17,4,0
BRDA:135,18,0,0
BRDA:135,18,1,0
BRDA:135,18,2,0
BRDA:135,18,3,0
BRDA:135,18,4,0
BRDA:164,19,0,0
BRDA:164,19,1,0
BRDA:165,20,0,0
BRDA:165,20,1,0
BRDA:166,21,0,0
BRDA:166,21,1,0
BRDA:182,22,0,0
BRDA:182,22,1,0
BRDA:184,23,0,0
BRDA:184,23,1,0
BRDA:193,24,0,0
BRDA:193,24,1,0
BRDA:219,25,0,0
BRDA:219,25,1,0
BRDA:223,26,0,0
BRDA:223,26,1,0
BRDA:223,26,2,0
BRDA:234,27,0,0
BRDA:238,28,0,0
BRDA:238,28,1,0
BRDA:285,29,0,0
BRDA:285,30,0,0
BRF:62
BRH:0
end_of_record
TN:
SF:components/ui/data-state/index.ts
FNF:0
FNH:0
DA:5,0
DA:6,0
DA:7,0
DA:12,0
DA:16,0
DA:17,0
DA:18,0
DA:19,0
DA:20,0
DA:23,0
DA:27,0
DA:28,0
DA:29,0
DA:30,0
DA:31,0
DA:32,0
DA:33,0
DA:34,0
DA:37,0
DA:41,0
DA:42,0
DA:43,0
DA:44,0
DA:45,0
DA:46,0
DA:47,0
DA:48,0
DA:49,0
DA:54,0
DA:58,0
DA:59,0
DA:60,0
DA:61,0
DA:64,0
LF:34
LH:0
BRF:0
BRH:0
end_of_record
TN:
SF:src/app/layout.tsx
FN:10,RootLayout
FNF:1
FNH:0
FNDA:0,RootLayout
DA:2,0
DA:3,0
DA:5,0
DA:10,0
LF:4
LH:0
BRF:0
BRH:0
end_of_record
TN:
SF:src/app/providers.tsx
FN:7,Providers
FN:8,(anonymous_3)
FNF:2
FNH:0
FNDA:0,Providers
FNDA:0,(anonymous_3)
DA:3,0
DA:4,0
DA:5,0
DA:7,0
DA:8,0
LF:5
LH:0
BRF:0
BRH:0
end_of_record
TN:
SF:src/app/(dashboard)/layout.tsx
FN:9,DashboardLayout
FNF:1
FNH:0
FNDA:0,DashboardLayout
DA:3,0
DA:9,0
LF:2
LH:0
BRF:0
BRH:0
end_of_record
TN:
SF:src/app/(dashboard)/page.tsx
FN:14,DashboardRoute
FNF:1
FNH:0
FNDA:0,DashboardRoute
DA:7,0
DA:9,0
DA:14,0
DA:15,0
LF:4
LH:0
BRF:0
BRH:0
end_of_record
TN:
SF:src/app/(dashboard)/ad-accounts/page.tsx
FN:9,Page
FNF:1
FNH:0
FNDA:0,Page
DA:7,0
DA:9,0
DA:10,0
LF:3
LH:0
BRF:0
BRH:0
end_of_record
TN:
SF:src/app/(dashboard)/channels/page.tsx
FN:9,Page
FNF:1
FNH:0
FNDA:0,Page
DA:7,0
DA:9,0
DA:10,0
LF:3
LH:0
BRF:0
BRH:0
end_of_record
TN:
SF:src/app/(dashboard)/daily-reports/page.tsx
FN:9,Page
FNF:1
FNH:0
FNDA:0,Page
DA:7,0
DA:9,0
DA:10,0
LF:3
LH:0
BRF:0
BRH:0
end_of_record
TN:
SF:src/app/(dashboard)/finance/profit/page.tsx
FN:15,FinanceProfitRoute
FNF:1
FNH:0
FNDA:0,FinanceProfitRoute
DA:8,0
DA:10,0
DA:15,0
DA:16,0
LF:4
LH:0
BRF:0
BRH:0
end_of_record
TN:
SF:src/app/(dashboard)/import-jobs/page.tsx
FN:9,Page
FNF:1
FNH:0
FNDA:0,Page
DA:7,0
DA:9,0
DA:10,0
LF:3
LH:0
BRF:0
BRH:0
end_of_record
TN:
SF:src/app/(dashboard)/ledger/page.tsx
FN:9,Page
FNF:1
FNH:0
FNDA:0,Page
DA:7,0
DA:9,0
DA:10,0
LF:3
LH:0
BRF:0
BRH:0
end_of_record
TN:
SF:src/app/(dashboard)/projects/page.tsx
FN:9,Page
FNF:1
FNH:0
FNDA:0,Page
DA:7,0
DA:9,0
DA:10,0
LF:3
LH:0
BRF:0
BRH:0
end_of_record
TN:
SF:src/app/(dashboard)/reconciliation/page.tsx
FN:9,Page
FNF:1
FNH:0
FNDA:0,Page
DA:7,0
DA:9,0
DA:10,0
LF:3
LH:0
BRF:0
BRH:0
end_of_record
TN:
SF:src/app/(dashboard)/reports/page.tsx
FN:9,Page
FNF:1
FNH:0
FNDA:0,Page
DA:7,0
DA:9,0
DA:10,0
LF:3
LH:0
BRF:0
BRH:0
end_of_record
TN:
SF:src/app/(dashboard)/settlements/page.tsx
FN:9,Page
FNF:1
FNH:0
FNDA:0,Page
DA:7,0
DA:9,0
DA:10,0
LF:3
LH:0
BRF:0
BRH:0
end_of_record
TN:
SF:src/app/(dashboard)/suppliers/page.tsx
FN:9,Page
FNF:1
FNH:0
FNDA:0,Page
DA:7,0
DA:9,0
DA:10,0
LF:3
LH:0
BRF:0
BRH:0
end_of_record
TN:
SF:src/app/(dashboard)/topups/page.tsx
FN:9,Page
FNF:1
FNH:0
FNDA:0,Page
DA:7,0
DA:9,0
DA:10,0
LF:3
LH:0
BRF:0
BRH:0
end_of_record
TN:
SF:src/app/(dashboard)/transfers/page.tsx
FN:9,Page
FNF:1
FNH:0
FNDA:0,Page
DA:7,0
DA:9,0
DA:10,0
LF:3
LH:0
BRF:0
BRH:0
end_of_record
TN:
SF:src/app/login/page.tsx
FN:3,Login
FNF:1
FNH:0
FNDA:0,Login
DA:1,0
DA:3,0
DA:4,0
LF:3
LH:0
BRF:0
BRH:0
end_of_record
TN:
SF:src/components/dashboard/AbnormalAccountsTable.tsx
FN:65,(anonymous_2)
FN:75,(anonymous_3)
FN:84,(anonymous_4)
FN:93,AbnormalAccountsTable
FN:108,(anonymous_6)
FN:118,(anonymous_7)
FNF:6
FNH:0
FNDA:0,(anonymous_2)
FNDA:0,(anonymous_3)
FNDA:0,(anonymous_4)
FNDA:0,AbnormalAccountsTable
FNDA:0,(anonymous_6)
FNDA:0,(anonymous_7)
DA:3,0
DA:4,0
DA:6,0
DA:8,0
DA:26,0
DA:65,0
DA:66,0
DA:67,0
DA:68,0
DA:69,0
DA:70,0
DA:71,0
DA:75,0
DA:76,0
DA:77,0
DA:78,0
DA:79,0
DA:80,0
DA:84,0
DA:85,0
DA:86,0
DA:87,0
DA:88,0
DA:89,0
DA:93,0
DA:108,0
DA:119,0
LF:27
LH:0
BRDA:66,0,0,0
BRDA:66,0,1,0
BRDA:66,0,2,0
BRDA:66,0,3,0
BRDA:66,0,4,0
BRDA:76,1,0,0
BRDA:76,1,1,0
BRDA:76,1,2,0
BRDA:76,1,3,0
BRDA:85,2,0,0
BRDA:85,2,1,0
BRDA:85,2,2,0
BRDA:85,2,3,0
BRDA:94,3,0,0
BRDA:95,4,0,0
BRDA:126,5,0,0
BRDA:126,5,1,0
BRDA:127,6,0,0
BRDA:127,6,1,0
BRDA:135,7,0,0
BRDA:138,8,0,0
BRF:21
BRH:0
end_of_record
TN:
SF:src/components/dashboard/AppLayout.tsx
FN:38,AppLayout
FN:50,(anonymous_8)
FN:51,(anonymous_9)
FN:55,(anonymous_10)
FN:59,(anonymous_11)
FN:78,(anonymous_12)
FN:83,(anonymous_13)
FNF:7
FNH:0
FNDA:0,AppLayout
FNDA:0,(anonymous_8)
FNDA:0,(anonymous_9)
FNDA:0,(anonymous_10)
FNDA:0,(anonymous_11)
FNDA:0,(anonymous_12)
FNDA:0,(anonymous_13)
DA:3,0
DA:4,0
DA:5,0
DA:6,0
DA:16,0
DA:31,0
DA:38,0
DA:45,0
DA:46,0
DA:47,0
DA:50,0
DA:51,0
DA:52,0
DA:55,0
DA:56,0
DA:59,0
DA:61,0
DA:62,0
DA:63,0
DA:65,0
DA:67,0
DA:68,0
DA:70,0
DA:71,0
DA:73,0
DA:78,0
DA:79,0
DA:83,0
DA:110,0
LF:29
LH:0
BRDA:40,0,0,0
BRDA:43,1,0,0
BRDA:52,2,0,0
BRDA:52,2,1,0
BRDA:61,3,0,0
BRDA:61,3,1,0
BRDA:63,4,0,0
BRDA:63,4,1,0
BRDA:68,5,0,0
BRDA:68,5,1,0
BRDA:71,6,0,0
BRF:11
BRH:0
end_of_record
TN:
SF:src/components/dashboard/ChartCard.tsx
FN:17,ChartCard
FNF:1
FNH:0
FNDA:0,ChartCard
DA:1,0
DA:17,0
DA:25,0
DA:58,0
LF:4
LH:0
BRDA:20,0,0,0
BRDA:22,1,0,0
BRDA:25,2,0,0
BRDA:43,3,0,0
BRF:4
BRH:0
end_of_record
TN:
SF:src/components/dashboard/ChartLegend.tsx
FN:15,ChartLegend
FN:18,(anonymous_5)
FNF:2
FNH:0
FNDA:0,ChartLegend
FNDA:0,(anonymous_5)
DA:3,0
DA:15,0
DA:19,0
DA:28,0
LF:4
LH:0
BRDA:15,0,0,0
BRF:1
BRH:0
end_of_record
TN:
SF:src/components/dashboard/DashboardStats.tsx
FN:26,DashboardStats
FN:37,(anonymous_5)
FN:43,(anonymous_6)
FN:112,(anonymous_7)
FN:123,(anonymous_9)
FN:138,(anonymous_11)
FNF:6
FNH:0
FNDA:0,DashboardStats
FNDA:0,(anonymous_5)
FNDA:0,(anonymous_6)
FNDA:0,(anonymous_7)
FNDA:0,(anonymous_9)
FNDA:0,(anonymous_11)
DA:3,0
DA:4,0
DA:5,0
DA:6,0
DA:7,0
DA:26,0
DA:32,0
DA:33,0
DA:34,0
DA:37,0
DA:38,0
DA:39,0
DA:40,0
DA:43,0
DA:45,0
DA:102,0
DA:104,0
DA:105,0
DA:107,0
DA:112,0
DA:113,0
DA:117,0
DA:118,0
DA:124,0
DA:139,0
LF:25
LH:0
BRDA:27,0,0,0
BRDA:117,1,0,0
BRDA:117,1,1,0
BRDA:118,2,0,0
BRDA:118,2,1,0
BRDA:168,3,0,0
BRDA:168,3,1,0
BRDA:169,4,0,0
BRDA:169,4,1,0
BRF:9
BRH:0
end_of_record
TN:
SF:src/components/dashboard/DonutChart.tsx
FN:25,(anonymous_4)
FN:33,(anonymous_5)
FN:36,(anonymous_6)
FN:38,(anonymous_7)
FN:56,(anonymous_8)
FN:98,(anonymous_9)
FN:122,(anonymous_10)
FNF:7
FNH:0
FNDA:0,(anonymous_4)
FNDA:0,(anonymous_5)
FNDA:0,(anonymous_6)
FNDA:0,(anonymous_7)
FNDA:0,(anonymous_8)
FNDA:0,(anonymous_9)
FNDA:0,(anonymous_10)
DA:3,0
DA:4,0
DA:25,0
DA:33,0
DA:36,0
DA:37,0
DA:38,0
DA:39,0
DA:40,0
DA:41,0
DA:42,0
DA:43,0
DA:45,0
DA:56,0
DA:57,0
DA:58,0
DA:60,0
DA:61,0
DA:62,0
DA:63,0
DA:65,0
DA:66,0
DA:67,0
DA:68,0
DA:70,0
DA:72,0
DA:81,0
DA:82,0
DA:83,0
DA:99,0
DA:123,0
DA:144,0
LF:32
LH:0
BRDA:28,0,0,0
BRDA:29,1,0,0
BRDA:70,2,0,0
BRDA:70,2,1,0
BRDA:111,3,0,0
BRF:5
BRH:0
end_of_record
TN:
SF:src/components/dashboard/ModuleCard.tsx
FN:69,ModuleCard
FNF:1
FNH:0
FNDA:0,ModuleCard
DA:3,0
DA:4,0
DA:5,0
DA:6,0
DA:7,0
DA:20,0
DA:42,0
DA:69,0
DA:82,0
DA:85,0
DA:86,0
DA:88,0
DA:89,0
DA:178,0
LF:14
LH:0
BRDA:72,0,0,0
BRDA:75,1,0,0
BRDA:79,2,0,0
BRDA:85,3,0,0
BRDA:85,3,1,0
BRDA:88,4,0,0
BRDA:88,4,1,0
BRDA:89,5,0,0
BRDA:89,5,1,0
BRDA:107,6,0,0
BRDA:107,6,1,0
BRDA:108,7,0,0
BRDA:108,7,1,0
BRDA:109,8,0,0
BRDA:109,8,1,0
BRDA:110,9,0,0
BRDA:110,9,1,0
BRDA:111,10,0,0
BRDA:111,10,1,0
BRDA:112,11,0,0
BRDA:112,11,1,0
BRDA:117,12,0,0
BRDA:117,12,1,0
BRDA:117,13,0,0
BRDA:117,13,1,0
BRDA:117,14,0,0
BRDA:117,14,1,0
BRDA:117,15,0,0
BRDA:117,15,1,0
BRDA:122,16,0,0
BRDA:122,16,1,0
BRDA:122,17,0,0
BRDA:122,17,1,0
BRDA:122,18,0,0
BRDA:122,18,1,0
BRDA:141,19,0,0
BRDA:151,20,0,0
BRF:37
BRH:0
end_of_record
TN:
SF:src/components/dashboard/ModuleGrid.tsx
FN:23,(anonymous_5)
FN:46,(anonymous_6)
FN:60,(anonymous_7)
FN:73,ModuleGrid
FN:86,(anonymous_9)
FN:92,(anonymous_10)
FN:111,(anonymous_11)
FN:116,(anonymous_12)
FN:129,(anonymous_14)
FN:210,(anonymous_15)
FNF:10
FNH:0
FNDA:0,(anonymous_5)
FNDA:0,(anonymous_6)
FNDA:0,(anonymous_7)
FNDA:0,ModuleGrid
FNDA:0,(anonymous_9)
FNDA:0,(anonymous_10)
FNDA:0,(anonymous_11)
FNDA:0,(anonymous_12)
FNDA:0,(anonymous_14)
FNDA:0,(anonymous_15)
DA:3,0
DA:4,0
DA:5,0
DA:6,0
DA:7,0
DA:8,0
DA:11,0
DA:23,0
DA:24,0
DA:26,0
DA:27,0
DA:30,0
DA:31,0
DA:34,0
DA:35,0
DA:38,0
DA:39,0
DA:42,0
DA:46,0
DA:47,0
DA:55,0
DA:60,0
DA:61,0
DA:63,0
DA:65,0
DA:67,0
DA:69,0
DA:73,0
DA:81,0
DA:82,0
DA:83,0
DA:86,0
DA:87,0
DA:88,0
DA:89,0
DA:92,0
DA:95,0
DA:96,0
DA:97,0
DA:101,0
DA:103,0
DA:104,0
DA:106,0
DA:111,0
DA:112,0
DA:116,0
DA:117,0
DA:118,0
DA:123,0
DA:124,0
DA:130,0
DA:131,0
DA:211,0
DA:212,0
DA:213,0
LF:55
LH:0
BRDA:26,0,0,0
BRDA:26,1,0,0
BRDA:26,1,1,0
BRDA:30,2,0,0
BRDA:34,3,0,0
BRDA:38,4,0,0
BRDA:47,5,0,0
BRDA:61,6,0,0
BRDA:61,6,1,0
BRDA:61,6,2,0
BRDA:61,6,3,0
BRDA:75,7,0,0
BRDA:95,8,0,0
BRDA:117,9,0,0
BRDA:123,10,0,0
BRDA:123,10,1,0
BRDA:124,11,0,0
BRDA:124,11,1,0
BRDA:142,12,0,0
BRDA:142,12,1,0
BRDA:143,13,0,0
BRDA:143,13,1,0
BRDA:178,14,0,0
BRDA:181,15,0,0
BRDA:181,15,1,0
BRDA:183,16,0,0
BRDA:183,16,1,0
BRDA:198,17,0,0
BRDA:211,18,0,0
BRDA:211,19,0,0
BRDA:211,19,1,0
BRDA:242,20,0,0
BRDA:248,21,0,0
BRDA:248,21,1,0
BRDA:263,22,0,0
BRDA:263,22,1,0
BRDA:264,23,0,0
BRDA:264,23,1,0
BRF:38
BRH:0
end_of_record
TN:
SF:src/components/dashboard/ProjectTable.tsx
FN:31,ProjectTable
FN:40,(anonymous_5)
FN:85,(anonymous_6)
FNF:3
FNH:0
FNDA:0,ProjectTable
FNDA:0,(anonymous_5)
FNDA:0,(anonymous_6)
DA:3,0
DA:4,0
DA:31,0
DA:33,0
DA:41,0
DA:51,0
DA:86,0
DA:110,0
LF:8
LH:0
BRDA:31,0,0,0
BRDA:31,1,0,0
BRDA:33,2,0,0
BRDA:51,3,0,0
BRDA:51,4,0,0
BRDA:51,4,1,0
BRF:6
BRH:0
end_of_record
TN:
SF:src/components/dashboard/ProjectTopList.tsx
FN:67,ProjectTopList
FN:86,(anonymous_3)
FN:130,(anonymous_4)
FNF:3
FNH:0
FNDA:0,ProjectTopList
FNDA:0,(anonymous_3)
FNDA:0,(anonymous_4)
DA:3,0
DA:4,0
DA:6,0
DA:7,0
DA:24,0
DA:67,0
DA:87,0
DA:130,0
LF:8
LH:0
BRDA:68,0,0,0
BRDA:69,1,0,0
BRDA:94,2,0,0
BRDA:94,2,1,0
BRDA:95,3,0,0
BRDA:95,3,1,0
BRDA:96,4,0,0
BRDA:96,4,1,0
BRDA:113,5,0,0
BRDA:116,6,0,0
BRF:10
BRH:0
end_of_record
TN:
SF:src/components/dashboard/RightColumn.tsx
FN:34,(anonymous_5)
FN:53,(anonymous_6)
FN:70,(anonymous_7)
FN:82,RightColumn
FN:96,(anonymous_9)
FN:102,(anonymous_10)
FN:109,(anonymous_11)
FN:116,(anonymous_12)
FN:128,(anonymous_13)
FN:133,(anonymous_14)
FN:154,(anonymous_16)
FN:211,(anonymous_18)
FNF:12
FNH:0
FNDA:0,(anonymous_5)
FNDA:0,(anonymous_6)
FNDA:0,(anonymous_7)
FNDA:0,RightColumn
FNDA:0,(anonymous_9)
FNDA:0,(anonymous_10)
FNDA:0,(anonymous_11)
FNDA:0,(anonymous_12)
FNDA:0,(anonymous_13)
FNDA:0,(anonymous_14)
FNDA:0,(anonymous_16)
FNDA:0,(anonymous_18)
DA:3,0
DA:4,0
DA:5,0
DA:17,0
DA:18,0
DA:19,0
DA:34,0
DA:35,0
DA:36,0
DA:53,0
DA:54,0
DA:55,0
DA:65,0
DA:70,0
DA:71,0
DA:72,0
DA:73,0
DA:74,0
DA:76,0
DA:77,0
DA:78,0
DA:79,0
DA:82,0
DA:90,0
DA:91,0
DA:92,0
DA:93,0
DA:96,0
DA:97,0
DA:98,0
DA:99,0
DA:102,0
DA:105,0
DA:106,0
DA:109,0
DA:110,0
DA:113,0
DA:114,0
DA:116,0
DA:117,0
DA:120,0
DA:121,0
DA:123,0
DA:128,0
DA:129,0
DA:133,0
DA:134,0
DA:135,0
DA:137,0
DA:138,0
DA:143,0
DA:144,0
DA:155,0
DA:156,0
DA:212,0
LF:55
LH:0
BRDA:55,0,0,0
BRDA:76,1,0,0
BRDA:77,2,0,0
BRDA:78,3,0,0
BRDA:85,4,0,0
BRDA:105,5,0,0
BRDA:105,5,1,0
BRDA:113,6,0,0
BRDA:113,6,1,0
BRDA:134,7,0,0
BRDA:137,8,0,0
BRDA:143,9,0,0
BRDA:143,9,1,0
BRDA:144,10,0,0
BRDA:144,10,1,0
BRDA:198,11,0,0
BRDA:230,12,0,0
BRDA:235,13,0,0
BRDA:299,14,0,0
BRDA:299,14,1,0
BRDA:313,15,0,0
BRDA:313,15,1,0
BRDA:314,16,0,0
BRDA:314,16,1,0
BRF:24
BRH:0
end_of_record
TN:
SF:src/components/dashboard/TodayTasksCard.tsx
FN:73,(anonymous_2)
FN:82,(anonymous_3)
FN:91,(anonymous_4)
FN:99,TodayTasksCard
FN:104,(anonymous_6)
FN:105,(anonymous_7)
FN:106,(anonymous_8)
FN:126,(anonymous_9)
FN:130,(anonymous_10)
FNF:9
FNH:0
FNDA:0,(anonymous_2)
FNDA:0,(anonymous_3)
FNDA:0,(anonymous_4)
FNDA:0,TodayTasksCard
FNDA:0,(anonymous_6)
FNDA:0,(anonymous_7)
FNDA:0,(anonymous_8)
FNDA:0,(anonymous_9)
FNDA:0,(anonymous_10)
DA:3,0
DA:4,0
DA:7,0
DA:25,0
DA:73,0
DA:74,0
DA:75,0
DA:76,0
DA:77,0
DA:78,0
DA:82,0
DA:83,0
DA:84,0
DA:85,0
DA:86,0
DA:87,0
DA:91,0
DA:92,0
DA:99,0
DA:104,0
DA:105,0
DA:106,0
DA:127,0
DA:130,0
LF:24
LH:0
BRDA:74,0,0,0
BRDA:74,0,1,0
BRDA:74,0,2,0
BRDA:74,0,3,0
BRDA:83,1,0,0
BRDA:83,1,1,0
BRDA:83,1,2,0
BRDA:83,1,3,0
BRDA:100,2,0,0
BRDA:101,3,0,0
BRDA:118,4,0,0
BRDA:140,5,0,0
BRDA:140,5,1,0
BRDA:147,6,0,0
BRDA:150,7,0,0
BRDA:150,7,1,0
BRDA:153,8,0,0
BRDA:162,9,0,0
BRDA:162,9,1,0
BRDA:163,10,0,0
BRDA:163,10,1,0
BRF:21
BRH:0
end_of_record
TN:
SF:src/components/dashboard/TrendChart.tsx
FN:26,(anonymous_4)
FN:35,(anonymous_5)
FN:40,(anonymous_6)
FN:43,(anonymous_7)
FN:50,(anonymous_8)
FN:56,(anonymous_9)
FN:77,(anonymous_10)
FN:91,(anonymous_11)
FN:101,(anonymous_12)
FN:133,(anonymous_13)
FN:146,(anonymous_14)
FN:166,(anonymous_15)
FNF:12
FNH:0
FNDA:0,(anonymous_4)
FNDA:0,(anonymous_5)
FNDA:0,(anonymous_6)
FNDA:0,(anonymous_7)
FNDA:0,(anonymous_8)
FNDA:0,(anonymous_9)
FNDA:0,(anonymous_10)
FNDA:0,(anonymous_11)
FNDA:0,(anonymous_12)
FNDA:0,(anonymous_13)
FNDA:0,(anonymous_14)
FNDA:0,(anonymous_15)
DA:3,0
DA:4,0
DA:26,0
DA:35,0
DA:36,0
DA:37,0
DA:40,0
DA:41,0
DA:42,0
DA:43,0
DA:50,0
DA:51,0
DA:52,0
DA:56,0
DA:58,0
DA:59,0
DA:78,0
DA:92,0
DA:102,0
DA:103,0
DA:105,0
DA:134,0
DA:135,0
DA:136,0
DA:147,0
DA:148,0
DA:149,0
DA:167,0
DA:182,0
LF:29
LH:0
BRDA:30,0,0,0
BRDA:31,1,0,0
BRDA:32,2,0,0
BRDA:58,3,0,0
BRDA:68,4,0,0
BRDA:102,5,0,0
BRDA:102,5,1,0
BRDA:113,6,0,0
BRDA:113,6,1,0
BRDA:127,7,0,0
BRDA:127,7,1,0
BRF:11
BRH:0
end_of_record
TN:
SF:src/components/dashboard/TrendChartCard.tsx
FN:22,TrendChartCard
FN:70,(anonymous_3)
FN:87,(anonymous_4)
FNF:3
FNH:0
FNDA:0,TrendChartCard
FNDA:0,(anonymous_3)
FNDA:0,(anonymous_4)
DA:3,0
DA:4,0
DA:5,0
DA:6,0
DA:22,0
DA:71,0
DA:88,0
DA:89,0
DA:90,0
LF:9
LH:0
BRDA:26,0,0,0
BRDA:35,1,0,0
BRDA:41,2,0,0
BRDA:41,2,1,0
BRDA:44,3,0,0
BRDA:44,3,1,0
BRF:6
BRH:0
end_of_record
TN:
SF:src/components/dashboard/header.tsx
FN:42,Header
FN:51,(anonymous_5)
FN:75,(anonymous_6)
FNF:3
FNH:0
FNDA:0,Header
FNDA:0,(anonymous_5)
FNDA:0,(anonymous_6)
DA:3,0
DA:4,0
DA:5,0
DA:6,0
DA:7,0
DA:8,0
DA:16,0
DA:26,0
DA:42,0
DA:48,0
DA:51,0
DA:53,0
DA:54,0
DA:56,0
DA:58,0
DA:62,0
DA:63,0
DA:64,0
DA:65,0
DA:67,0
DA:68,0
DA:74,0
DA:75,0
DA:81,0
DA:84,0
DA:185,0
LF:26
LH:0
BRDA:56,0,0,0
BRDA:67,1,0,0
BRDA:67,1,1,0
BRDA:70,2,0,0
BRDA:70,2,1,0
BRDA:76,3,0,0
BRDA:76,3,1,0
BRF:7
BRH:0
end_of_record
TN:
SF:src/components/dashboard/sidebar.tsx
FN:35,Sidebar
FN:55,(anonymous_5)
FN:58,(anonymous_6)
FN:80,(anonymous_7)
FN:83,(anonymous_8)
FNF:5
FNH:0
FNDA:0,Sidebar
FNDA:0,(anonymous_5)
FNDA:0,(anonymous_6)
FNDA:0,(anonymous_7)
FNDA:0,(anonymous_8)
DA:3,0
DA:21,0
DA:29,0
DA:35,0
DA:56,0
DA:58,0
DA:81,0
DA:83,0
DA:99,0
LF:9
LH:0
BRDA:38,0,0,0
BRDA:39,1,0,0
BRDA:60,2,0,0
BRDA:60,2,1,0
BRDA:69,3,0,0
BRDA:85,4,0,0
BRDA:85,4,1,0
BRF:7
BRH:0
end_of_record
TN:
SF:src/components/layout/AppLayout.tsx
FN:14,AppLayout
FNF:1
FNH:0
FNDA:0,AppLayout
DA:3,0
DA:4,0
DA:5,0
DA:14,0
DA:20,0
LF:5
LH:0
BRDA:18,0,0,0
BRF:1
BRH:0
end_of_record
TN:
SF:src/components/layout/AppShell.tsx
FN:27,AppShell
FN:40,(anonymous_6)
FN:46,(anonymous_7)
FNF:3
FNH:0
FNDA:0,AppShell
FNDA:0,(anonymous_6)
FNDA:0,(anonymous_7)
DA:15,0
DA:16,0
DA:17,0
DA:27,0
DA:28,0
DA:32,0
DA:40,0
DA:46,0
LF:8
LH:0
BRF:0
BRH:0
end_of_record
TN:
SF:src/components/layout/DashboardLayout.tsx
FN:16,DashboardLayout
FN:25,(anonymous_6)
FN:31,(anonymous_7)
FNF:3
FNH:0
FNDA:0,DashboardLayout
FNDA:0,(anonymous_6)
FNDA:0,(anonymous_7)
DA:3,0
DA:4,0
DA:5,0
DA:16,0
DA:17,0
DA:25,0
DA:31,0
LF:7
LH:0
BRF:0
BRH:0
end_of_record
TN:
SF:src/components/layout/Header.tsx
FN:14,Header
FN:24,(anonymous_5)
FN:25,(anonymous_6)
FN:31,(anonymous_7)
FN:42,(anonymous_8)
FN:111,(anonymous_9)
FN:151,(anonymous_10)
FNF:7
FNH:0
FNDA:0,Header
FNDA:0,(anonymous_5)
FNDA:0,(anonymous_6)
FNDA:0,(anonymous_7)
FNDA:0,(anonymous_8)
FNDA:0,(anonymous_9)
FNDA:0,(anonymous_10)
DA:3,0
DA:4,0
DA:5,0
DA:14,0
DA:20,0
DA:21,0
DA:24,0
DA:25,0
DA:26,0
DA:27,0
DA:31,0
DA:32,0
DA:33,0
DA:37,0
DA:38,0
DA:39,0
DA:42,0
DA:43,0
DA:44,0
DA:111,0
DA:152,0
DA:153,0
DA:154,0
DA:155,0
LF:24
LH:0
BRDA:16,0,0,0
BRDA:17,1,0,0
BRDA:18,2,0,0
BRDA:26,3,0,0
BRDA:26,4,0,0
BRDA:26,4,1,0
BRDA:32,5,0,0
BRDA:37,6,0,0
BRDA:71,7,0,0
BRDA:131,8,0,0
BRDA:131,8,1,0
BRF:11
BRH:0
end_of_record
TN:
SF:src/components/layout/Sidebar.tsx
FN:50,Sidebar
FN:101,(anonymous_3)
FN:142,(anonymous_4)
FNF:3
FNH:0
FNDA:0,Sidebar
FNDA:0,(anonymous_3)
FNDA:0,(anonymous_4)
DA:3,0
DA:4,0
DA:5,0
DA:6,0
DA:7,0
DA:23,0
DA:38,0
DA:50,0
DA:51,0
DA:52,0
DA:102,0
DA:105,0
DA:143,0
DA:146,0
LF:14
LH:0
BRDA:50,0,0,0
BRDA:57,1,0,0
BRDA:69,2,0,0
BRDA:69,2,1,0
BRDA:102,3,0,0
BRDA:102,3,1,0
BRDA:104,4,0,0
BRDA:104,4,1,0
BRDA:111,5,0,0
BRDA:111,5,1,0
BRDA:119,6,0,0
BRDA:119,6,1,0
BRDA:123,7,0,0
BRDA:126,8,0,0
BRDA:126,8,1,0
BRDA:143,9,0,0
BRDA:143,9,1,0
BRDA:145,10,0,0
BRDA:145,10,1,0
BRDA:152,11,0,0
BRDA:152,11,1,0
BRDA:160,12,0,0
BRDA:160,12,1,0
BRDA:164,13,0,0
BRDA:167,14,0,0
BRDA:167,14,1,0
BRDA:208,15,0,0
BRDA:216,16,0,0
BRDA:216,16,1,0
BRF:29
BRH:0
end_of_record
TN:
SF:src/components/layout/modern-navigation.tsx
FN:55,(anonymous_5)
FN:59,(anonymous_6)
FN:110,(anonymous_7)
FN:146,(anonymous_8)
FN:157,(anonymous_9)
FN:195,(anonymous_10)
FNF:6
FNH:0
FNDA:0,(anonymous_5)
FNDA:0,(anonymous_6)
FNDA:0,(anonymous_7)
FNDA:0,(anonymous_8)
FNDA:0,(anonymous_9)
FNDA:0,(anonymous_10)
DA:3,0
DA:4,0
DA:5,0
DA:6,0
DA:23,0
DA:25,0
DA:55,0
DA:56,0
DA:57,0
DA:59,0
DA:60,0
DA:110,0
DA:147,0
DA:158,0
DA:195,0
LF:15
LH:0
BRDA:60,0,0,0
BRDA:60,0,1,0
BRDA:68,1,0,0
BRDA:68,1,1,0
BRDA:74,2,0,0
BRDA:84,3,0,0
BRDA:84,3,1,0
BRDA:91,4,0,0
BRDA:105,5,0,0
BRDA:119,6,0,0
BRDA:119,6,1,0
BRDA:121,7,0,0
BRDA:121,7,1,0
BRDA:198,8,0,0
BRDA:205,9,0,0
BRDA:205,9,1,0
BRF:16
BRH:0
end_of_record
TN:
SF:src/components/layout/optimized-navigation.tsx
FN:120,(anonymous_5)
FN:127,(anonymous_6)
FN:128,(anonymous_7)
FN:137,(anonymous_8)
FN:141,(anonymous_9)
FN:142,(anonymous_10)
FN:150,(anonymous_11)
FN:155,(anonymous_12)
FN:162,(anonymous_13)
FN:167,(anonymous_14)
FN:233,(anonymous_15)
FN:249,(anonymous_16)
FN:292,(anonymous_17)
FN:303,(anonymous_18)
FN:345,(anonymous_19)
FN:369,(anonymous_20)
FN:383,(anonymous_21)
FN:404,(anonymous_22)
FNF:18
FNH:0
FNDA:0,(anonymous_5)
FNDA:0,(anonymous_6)
FNDA:0,(anonymous_7)
FNDA:0,(anonymous_8)
FNDA:0,(anonymous_9)
FNDA:0,(anonymous_10)
FNDA:0,(anonymous_11)
FNDA:0,(anonymous_12)
FNDA:0,(anonymous_13)
FNDA:0,(anonymous_14)
FNDA:0,(anonymous_15)
FNDA:0,(anonymous_16)
FNDA:0,(anonymous_17)
FNDA:0,(anonymous_18)
FNDA:0,(anonymous_19)
FNDA:0,(anonymous_20)
FNDA:0,(anonymous_21)
FNDA:0,(anonymous_22)
DA:3,0
DA:4,0
DA:5,0
DA:6,0
DA:22,0
DA:23,0
DA:24,0
DA:25,0
DA:42,0
DA:120,0
DA:121,0
DA:122,0
DA:123,0
DA:124,0
DA:127,0
DA:128,0
DA:129,0
DA:130,0
DA:131,0
DA:135,0
DA:136,0
DA:137,0
DA:141,0
DA:142,0
DA:143,0
DA:144,0
DA:148,0
DA:149,0
DA:150,0
DA:155,0
DA:156,0
DA:157,0
DA:159,0
DA:162,0
DA:163,0
DA:167,0
DA:168,0
DA:234,0
DA:235,0
DA:236,0
DA:249,0
DA:293,0
DA:304,0
DA:345,0
DA:369,0
DA:383,0
DA:404,0
LF:47
LH:0
BRDA:130,0,0,0
BRDA:143,1,0,0
BRDA:143,2,0,0
BRDA:143,2,1,0
BRDA:143,2,2,0
BRDA:148,3,0,0
BRDA:156,4,0,0
BRDA:156,4,1,0
BRDA:156,5,0,0
BRDA:156,5,1,0
BRDA:168,6,0,0
BRDA:168,6,1,0
BRDA:168,6,2,0
BRDA:176,7,0,0
BRDA:176,7,1,0
BRDA:181,8,0,0
BRDA:181,8,1,0
BRDA:185,9,0,0
BRDA:196,10,0,0
BRDA:196,10,1,0
BRDA:204,11,0,0
BRDA:208,12,0,0
BRDA:208,12,1,0
BRDA:210,13,0,0
BRDA:210,13,1,0
BRDA:216,14,0,0
BRDA:244,15,0,0
BRDA:244,15,1,0
BRDA:260,16,0,0
BRDA:260,16,1,0
BRDA:260,17,0,0
BRDA:260,17,1,0
BRDA:261,18,0,0
BRDA:261,18,1,0
BRDA:261,19,0,0
BRDA:261,19,1,0
BRDA:264,20,0,0
BRDA:264,20,1,0
BRDA:346,21,0,0
BRDA:347,22,0,0
BRDA:347,22,1,0
BRDA:357,23,0,0
BRDA:357,23,1,0
BRDA:358,24,0,0
BRDA:358,24,1,0
BRF:45
BRH:0
end_of_record
TN:
SF:src/components/layout/page-header.tsx
FN:19,(anonymous_4)
FNF:1
FNH:0
FNDA:0,(anonymous_4)
DA:3,0
DA:4,0
DA:19,0
DA:48,0
LF:4
LH:0
BRDA:23,0,0,0
BRDA:32,1,0,0
BRDA:38,2,0,0
BRF:3
BRH:0
end_of_record
TN:
SF:src/components/layout/page-template.tsx
FN:20,PageTemplate
FN:39,(anonymous_4)
FNF:2
FNH:0
FNDA:0,PageTemplate
FNDA:0,(anonymous_4)
DA:4,0
DA:40,0
DA:107,0
DA:108,0
LF:4
LH:0
BRDA:26,0,0,0
BRDA:34,1,0,0
BRDA:36,2,0,0
BRDA:36,2,1,0
BRDA:42,3,0,0
BRDA:53,4,0,0
BRDA:82,5,0,0
BRDA:90,6,0,0
BRF:8
BRH:0
end_of_record
TN:
SF:src/components/shared/GlobalErrorBoundary.tsx
FN:27,(anonymous_6)
FN:53,(anonymous_7)
FN:61,(anonymous_8)
FN:65,(anonymous_9)
FN:36,(anonymous_10)
FN:40,(anonymous_11)
FN:69,(anonymous_12)
FNF:7
FNH:0
FNDA:0,(anonymous_6)
FNDA:0,(anonymous_7)
FNDA:0,(anonymous_8)
FNDA:0,(anonymous_9)
FNDA:0,(anonymous_10)
FNDA:0,(anonymous_11)
FNDA:0,(anonymous_12)
DA:10,0
DA:11,0
DA:12,0
DA:13,0
DA:26,0
DA:28,0
DA:29,0
DA:37,0
DA:41,0
DA:44,0
DA:45,0
DA:46,0
DA:54,0
DA:62,0
DA:66,0
DA:70,0
DA:72,0
DA:73,0
DA:137,0
DA:141,0
LF:20
LH:0
BRDA:44,0,0,0
BRDA:70,1,0,0
BRDA:72,2,0,0
BRDA:90,3,0,0
BRDA:90,3,1,0
BRDA:95,4,0,0
BRF:6
BRH:0
end_of_record
TN:
SF:src/components/shared/error-boundary.tsx
FN:24,(anonymous_4)
FN:42,(anonymous_5)
FN:29,(anonymous_6)
FN:33,(anonymous_7)
FN:47,(anonymous_8)
FN:83,(anonymous_9)
FN:98,withErrorBoundary
FN:102,WithErrorBoundary
FNF:8
FNH:0
FNDA:0,(anonymous_4)
FNDA:0,(anonymous_5)
FNDA:0,(anonymous_6)
FNDA:0,(anonymous_7)
FNDA:0,(anonymous_8)
FNDA:0,(anonymous_9)
FNDA:0,withErrorBoundary
FNDA:0,WithErrorBoundary
DA:3,0
DA:4,0
DA:5,0
DA:23,0
DA:25,0
DA:26,0
DA:30,0
DA:35,0
DA:36,0
DA:43,0
DA:44,0
DA:48,0
DA:50,0
DA:51,0
DA:83,0
DA:91,0
DA:98,0
DA:102,0
DA:111,0
LF:19
LH:0
BRDA:48,0,0,0
BRDA:50,1,0,0
BRDA:64,2,0,0
BRDA:64,2,1,0
BRDA:67,3,0,0
BRDA:67,3,1,0
BRF:6
BRH:0
end_of_record
TN:
SF:src/components/shared/index.ts
FNF:0
FNH:0
DA:1,0
DA:2,0
LF:2
LH:0
BRF:0
BRH:0
end_of_record
TN:
SF:src/components/ui/MetricCard.tsx
FN:24,(anonymous_4)
FN:38,(anonymous_5)
FN:74,(anonymous_6)
FN:101,(anonymous_7)
FN:159,(anonymous_8)
FNF:5
FNH:4
FNDA:15,(anonymous_4)
FNDA:15,(anonymous_5)
FNDA:15,(anonymous_6)
FNDA:15,(anonymous_7)
FNDA:0,(anonymous_8)
DA:1,1
DA:2,1
DA:24,1
DA:38,15
DA:39,15
DA:41,0
DA:47,0
DA:53,0
DA:59,0
DA:65,15
DA:74,15
DA:75,15
DA:77,0
DA:84,0
DA:91,15
DA:101,15
DA:102,15
DA:103,4
DA:110,11
DA:111,11
DA:118,15
DA:119,15
DA:120,15
DA:121,15
DA:124,15
DA:160,0
DA:161,0
DA:162,0
DA:205,8
LF:29
LH:20
BRDA:31,0,0,13
BRDA:32,1,0,14
BRDA:33,2,0,15
BRDA:35,3,0,15
BRDA:39,4,0,0
BRDA:39,4,1,0
BRDA:39,4,2,0
BRDA:39,4,3,0
BRDA:39,4,4,15
BRDA:75,5,0,0
BRDA:75,5,1,0
BRDA:75,5,2,15
BRDA:102,6,0,4
BRDA:102,7,0,15
BRDA:102,7,1,11
BRDA:114,8,0,9
BRDA:114,8,1,2
BRDA:124,9,0,1
BRDA:151,10,0,0
BRDA:151,10,1,14
BRDA:156,11,0,0
BRDA:156,11,1,14
BRDA:157,12,0,0
BRDA:157,12,1,14
BRDA:159,13,0,0
BRDA:159,13,1,14
BRDA:160,14,0,0
BRDA:160,15,0,0
BRDA:160,15,1,0
BRDA:171,16,0,14
BRDA:187,17,0,14
BRDA:190,18,0,8
BRDA:190,18,1,4
BRDA:191,19,0,12
BRDA:196,20,0,14
BRF:35
BRH:22
end_of_record
TN:
SF:src/components/ui/SSRSafeWrapper.tsx
FN:23,(anonymous_8)
FN:46,(anonymous_9)
FN:68,(anonymous_10)
FN:90,(anonymous_11)
FN:114,(anonymous_12)
FN:138,(anonymous_13)
FN:144,(anonymous_14)
FNF:7
FNH:0
FNDA:0,(anonymous_8)
FNDA:0,(anonymous_9)
FNDA:0,(anonymous_10)
FNDA:0,(anonymous_11)
FNDA:0,(anonymous_12)
FNDA:0,(anonymous_13)
FNDA:0,(anonymous_14)
DA:10,0
DA:11,0
DA:23,0
DA:28,0
DA:29,0
DA:31,0
DA:46,0
DA:50,0
DA:52,0
DA:68,0
DA:73,0
DA:75,0
DA:90,0
DA:94,0
DA:96,0
DA:114,0
DA:120,0
DA:121,0
DA:123,0
DA:138,0
DA:142,0
DA:144,0
DA:145,0
DA:148,0
LF:24
LH:0
BRDA:25,0,0,0
BRDA:26,1,0,0
BRDA:31,2,0,0
BRDA:31,3,0,0
BRDA:31,3,1,0
BRDA:48,4,0,0
BRDA:52,5,0,0
BRDA:71,6,0,0
BRDA:75,7,0,0
BRDA:92,8,0,0
BRDA:96,9,0,0
BRDA:116,10,0,0
BRDA:117,11,0,0
BRDA:118,12,0,0
BRDA:123,13,0,0
BRDA:123,14,0,0
BRDA:123,14,1,0
BRDA:140,15,0,0
BRDA:148,16,0,0
BRF:19
BRH:0
end_of_record
TN:
SF:src/components/ui/StatusBadge.tsx
FN:21,(anonymous_4)
FN:31,(anonymous_5)
FN:117,(anonymous_6)
FNF:3
FNH:0
FNDA:0,(anonymous_4)
FNDA:0,(anonymous_5)
FNDA:0,(anonymous_6)
DA:1,0
DA:21,0
DA:31,0
DA:32,0
DA:34,0
DA:44,0
DA:54,0
DA:64,0
DA:74,0
DA:84,0
DA:94,0
DA:104,0
DA:117,0
DA:118,0
DA:120,0
DA:125,0
DA:130,0
DA:137,0
DA:138,0
DA:169,0
LF:20
LH:0
BRDA:24,0,0,0
BRDA:25,1,0,0
BRDA:26,2,0,0
BRDA:27,3,0,0
BRDA:32,4,0,0
BRDA:32,4,1,0
BRDA:32,4,2,0
BRDA:32,4,3,0
BRDA:32,4,4,0
BRDA:32,4,5,0
BRDA:32,4,6,0
BRDA:32,4,7,0
BRDA:36,5,0,0
BRDA:36,5,1,0
BRDA:46,6,0,0
BRDA:46,6,1,0
BRDA:56,7,0,0
BRDA:56,7,1,0
BRDA:66,8,0,0
BRDA:66,8,1,0
BRDA:76,9,0,0
BRDA:76,9,1,0
BRDA:86,10,0,0
BRDA:86,10,1,0
BRDA:96,11,0,0
BRDA:96,11,1,0
BRDA:106,12,0,0
BRDA:106,12,1,0
BRDA:118,13,0,0
BRDA:118,13,1,0
BRDA:118,13,2,0
BRDA:151,14,0,0
BRDA:151,14,1,0
BRDA:153,15,0,0
BRDA:159,16,0,0
BRDA:159,16,1,0
BRF:36
BRH:0
end_of_record
TN:
SF:src/components/ui/alert-dialog.tsx
FNF:0
FNH:0
DA:1,0
DA:2,0
DA:4,0
DA:5,0
DA:7,0
DA:9,0
DA:11,0
DA:26,0
DA:44,0
DA:58,0
DA:72,0
DA:84,0
DA:96,0
DA:109,0
DA:125,0
DA:128,0
DA:129,0
DA:130,0
DA:131,0
DA:132,0
DA:133,0
DA:134,0
DA:135,0
DA:136,0
DA:137,0
DA:138,0
LF:26
LH:0
BRF:0
BRH:0
end_of_record
TN:
SF:src/components/ui/alert.tsx
FN:59,Alert
FNF:1
FNH:0
FNDA:0,Alert
DA:4,0
DA:5,0
DA:6,0
DA:21,0
DA:59,0
DA:69,0
DA:70,0
DA:120,0
DA:123,0
DA:127,0
DA:131,0
DA:135,0
DA:140,0
DA:157,0
LF:14
LH:0
BRDA:60,0,0,0
BRDA:64,1,0,0
BRDA:65,2,0,0
BRDA:66,3,0,0
BRDA:82,4,0,0
BRDA:97,5,0,0
BRDA:103,6,0,0
BRDA:109,7,0,0
BRDA:109,7,1,0
BRDA:111,8,0,0
BRDA:111,8,1,0
BRDA:142,9,0,0
BRDA:159,10,0,0
BRF:13
BRH:0
end_of_record
TN:
SF:src/components/ui/avatar.tsx
FNF:0
FNH:0
DA:1,0
DA:2,0
DA:4,0
DA:19,0
DA:31,0
DA:46,0
DA:48,0
LF:7
LH:0
BRF:0
BRH:0
end_of_record
TN:
SF:src/components/ui/badge.tsx
FN:34,Badge
FNF:1
FNH:0
FNDA:0,Badge
DA:1,0
DA:2,0
DA:4,0
DA:6,0
DA:40,0
LF:5
LH:0
BRF:0
BRH:0
end_of_record
TN:
SF:src/components/ui/breadcrumb.tsx
FN:22,Breadcrumb
FN:33,(anonymous_5)
FNF:2
FNH:0
FNDA:0,Breadcrumb
FNDA:0,(anonymous_5)
DA:1,0
DA:2,0
DA:3,0
DA:22,0
DA:34,0
DA:56,0
LF:6
LH:0
BRDA:22,0,0,0
BRDA:37,1,0,0
BRDA:41,2,0,0
BRDA:46,3,0,0
BRF:4
BRH:0
end_of_record
TN:
SF:src/components/ui/button.tsx
FN:44,(anonymous_6)
FNF:1
FNH:0
FNDA:0,(anonymous_6)
DA:1,0
DA:2,0
DA:3,0
DA:5,0
DA:7,0
DA:43,0
DA:45,0
DA:55,0
DA:57,0
LF:9
LH:0
BRDA:44,0,0,0
BRDA:45,1,0,0
BRDA:45,1,1,0
BRF:3
BRH:0
end_of_record
TN:
SF:src/components/ui/calendar.tsx
FN:32,Calendar
FN:53,(anonymous_4)
FN:58,(anonymous_5)
FN:63,(anonymous_6)
FN:68,(anonymous_7)
FN:72,(anonymous_8)
FN:79,(anonymous_9)
FN:85,(anonymous_10)
FN:93,(anonymous_11)
FN:102,(anonymous_12)
FN:105,(anonymous_13)
FN:130,(anonymous_14)
FN:135,(anonymous_15)
FN:140,(anonymous_16)
FN:182,(anonymous_17)
FN:231,(anonymous_18)
FN:248,(anonymous_19)
FN:267,(anonymous_20)
FNF:18
FNH:0
FNDA:0,Calendar
FNDA:0,(anonymous_4)
FNDA:0,(anonymous_5)
FNDA:0,(anonymous_6)
FNDA:0,(anonymous_7)
FNDA:0,(anonymous_8)
FNDA:0,(anonymous_9)
FNDA:0,(anonymous_10)
FNDA:0,(anonymous_11)
FNDA:0,(anonymous_12)
FNDA:0,(anonymous_13)
FNDA:0,(anonymous_14)
FNDA:0,(anonymous_15)
FNDA:0,(anonymous_16)
FNDA:0,(anonymous_17)
FNDA:0,(anonymous_18)
FNDA:0,(anonymous_19)
FNDA:0,(anonymous_20)
DA:3,0
DA:4,0
DA:5,0
DA:6,0
DA:25,0
DA:30,0
DA:46,0
DA:47,0
DA:49,0
DA:50,0
DA:53,0
DA:54,0
DA:58,0
DA:59,0
DA:63,0
DA:64,0
DA:68,0
DA:69,0
DA:71,0
DA:72,0
DA:75,0
DA:79,0
DA:80,0
DA:81,0
DA:85,0
DA:86,0
DA:87,0
DA:88,0
DA:89,0
DA:93,0
DA:94,0
DA:98,0
DA:99,0
DA:100,0
DA:101,0
DA:102,0
DA:104,0
DA:105,0
DA:107,0
DA:111,0
DA:112,0
DA:113,0
DA:114,0
DA:115,0
DA:116,0
DA:118,0
DA:121,0
DA:125,0
DA:126,0
DA:130,0
DA:131,0
DA:135,0
DA:136,0
DA:140,0
DA:141,0
DA:142,0
DA:143,0
DA:145,0
DA:146,0
DA:149,0
DA:150,0
DA:152,0
DA:155,0
DA:158,0
DA:159,0
DA:161,0
DA:163,0
DA:165,0
DA:166,0
DA:167,0
DA:168,0
DA:170,0
DA:182,0
DA:190,0
DA:191,0
DA:195,0
DA:232,0
DA:233,0
DA:249,0
DA:267,0
DA:273,0
DA:274,0
LF:82
LH:0
BRDA:33,0,0,0
BRDA:37,1,0,0
BRDA:39,2,0,0
BRDA:40,3,0,0
BRDA:41,4,0,0
BRDA:42,5,0,0
BRDA:69,6,0,0
BRDA:71,7,0,0
BRDA:86,8,0,0
BRDA:86,9,0,0
BRDA:86,9,1,0
BRDA:87,10,0,0
BRDA:87,11,0,0
BRDA:87,11,1,0
BRDA:88,12,0,0
BRDA:88,13,0,0
BRDA:88,13,1,0
BRDA:94,14,0,0
BRDA:98,15,0,0
BRDA:98,15,1,0
BRDA:100,16,0,0
BRDA:100,16,1,0
BRDA:101,17,0,0
BRDA:101,17,1,0
BRDA:104,18,0,0
BRDA:104,18,1,0
BRDA:111,19,0,0
BRDA:111,19,1,0
BRDA:111,20,0,0
BRDA:111,20,1,0
BRDA:113,21,0,0
BRDA:113,21,1,0
BRDA:115,22,0,0
BRDA:115,22,1,0
BRDA:140,23,0,0
BRDA:150,24,0,0
BRDA:150,24,1,0
BRDA:161,25,0,0
BRDA:161,25,1,0
BRDA:173,26,0,0
BRDA:173,26,1,0
BRDA:176,27,0,0
BRDA:176,27,1,0
BRDA:177,28,0,0
BRDA:177,28,1,0
BRDA:177,28,2,0
BRDA:178,29,0,0
BRDA:178,29,1,0
BRDA:178,29,2,0
BRDA:179,30,0,0
BRDA:179,30,1,0
BRDA:190,31,0,0
BRDA:190,32,0,0
BRDA:190,32,1,0
BRDA:190,32,2,0
BRDA:202,33,0,0
BRDA:226,34,0,0
BRDA:246,35,0,0
BRDA:266,36,0,0
BRDA:266,36,1,0
BRF:60
BRH:0
end_of_record
TN:
SF:src/components/ui/card.tsx
FNF:0
FNH:0
DA:1,0
DA:3,0
DA:18,0
DA:30,0
DA:45,0
DA:57,0
DA:65,0
DA:77,0
DA:79,0
LF:9
LH:0
BRF:0
BRH:0
end_of_record
TN:
SF:src/components/ui/checkbox.tsx
FNF:0
FNH:0
DA:3,0
DA:4,0
DA:5,0
DA:7,0
DA:28,0
DA:30,0
LF:6
LH:0
BRF:0
BRH:0
end_of_record
TN:
SF:src/components/ui/data-state-manager.tsx
FN:20,(anonymous_6)
FN:109,(anonymous_9)
FNF:2
FNH:0
FNDA:0,(anonymous_6)
FNDA:0,(anonymous_9)
DA:1,0
DA:2,0
DA:3,0
DA:20,0
DA:31,0
DA:32,0
DA:45,0
DA:46,0
DA:65,0
DA:66,0
DA:87,0
DA:105,0
DA:110,0
DA:138,0
LF:14
LH:0
BRDA:21,0,0,0
BRDA:22,1,0,0
BRDA:23,2,0,0
BRDA:31,3,0,0
BRDA:32,4,0,0
BRDA:45,5,0,0
BRDA:46,6,0,0
BRDA:54,7,0,0
BRDA:65,8,0,0
BRDA:66,9,0,0
BRDA:87,10,0,0
BRF:11
BRH:0
end_of_record
TN:
SF:src/components/ui/data-table.tsx
FN:38,DataTable
FN:51,(anonymous_4)
FN:60,(anonymous_5)
FN:63,(anonymous_6)
FN:84,(anonymous_7)
FN:117,(anonymous_8)
FN:120,(anonymous_9)
FN:122,(anonymous_10)
FN:126,(anonymous_11)
FN:127,(anonymous_12)
FN:136,(anonymous_13)
FN:145,(anonymous_14)
FN:186,(anonymous_15)
FN:193,(anonymous_16)
FN:202,(anonymous_17)
FN:206,(anonymous_18)
FN:206,(anonymous_19)
FN:207,(anonymous_20)
FN:213,(anonymous_21)
FN:215,(anonymous_22)
FN:215,(anonymous_23)
FN:216,(anonymous_24)
FN:225,(anonymous_25)
FN:260,(anonymous_26)
FN:266,(anonymous_27)
FN:280,(anonymous_28)
FN:287,(anonymous_29)
FN:288,(anonymous_30)
FN:299,(anonymous_31)
FN:311,(anonymous_32)
FN:324,(anonymous_33)
FNF:31
FNH:0
FNDA:0,DataTable
FNDA:0,(anonymous_4)
FNDA:0,(anonymous_5)
FNDA:0,(anonymous_6)
FNDA:0,(anonymous_7)
FNDA:0,(anonymous_8)
FNDA:0,(anonymous_9)
FNDA:0,(anonymous_10)
FNDA:0,(anonymous_11)
FNDA:0,(anonymous_12)
FNDA:0,(anonymous_13)
FNDA:0,(anonymous_14)
FNDA:0,(anonymous_15)
FNDA:0,(anonymous_16)
FNDA:0,(anonymous_17)
FNDA:0,(anonymous_18)
FNDA:0,(anonymous_19)
FNDA:0,(anonymous_20)
FNDA:0,(anonymous_21)
FNDA:0,(anonymous_22)
FNDA:0,(anonymous_23)
FNDA:0,(anonymous_24)
FNDA:0,(anonymous_25)
FNDA:0,(anonymous_26)
FNDA:0,(anonymous_27)
FNDA:0,(anonymous_28)
FNDA:0,(anonymous_29)
FNDA:0,(anonymous_30)
FNDA:0,(anonymous_31)
FNDA:0,(anonymous_32)
FNDA:0,(anonymous_33)
DA:3,0
DA:4,0
DA:5,0
DA:6,0
DA:48,0
DA:49,0
DA:51,0
DA:52,0
DA:53,0
DA:55,0
DA:56,0
DA:60,0
DA:61,0
DA:63,0
DA:64,0
DA:65,0
DA:67,0
DA:68,0
DA:70,0
DA:71,0
DA:76,0
DA:77,0
DA:80,0
DA:84,0
DA:85,0
DA:87,0
DA:89,0
DA:91,0
DA:95,0
DA:96,0
DA:118,0
DA:121,0
DA:122,0
DA:123,0
DA:124,0
DA:126,0
DA:127,0
DA:128,0
DA:137,0
DA:145,0
DA:187,0
DA:193,0
DA:203,0
DA:204,0
DA:205,0
DA:206,0
DA:207,0
DA:208,0
DA:213,0
DA:214,0
DA:215,0
DA:216,0
DA:217,0
DA:226,0
DA:261,0
DA:262,0
DA:267,0
DA:280,0
DA:287,0
DA:289,0
DA:290,0
DA:292,0
DA:294,0
DA:295,0
DA:297,0
DA:300,0
DA:301,0
DA:303,0
DA:311,0
DA:324,0
DA:337,0
DA:338,0
LF:72
LH:0
BRDA:41,0,0,0
BRDA:45,1,0,0
BRDA:46,2,0,0
BRDA:52,3,0,0
BRDA:52,3,1,0
BRDA:53,4,0,0
BRDA:53,4,1,0
BRDA:61,5,0,0
BRDA:67,6,0,0
BRDA:67,7,0,0
BRDA:67,7,1,0
BRDA:68,8,0,0
BRDA:68,9,0,0
BRDA:68,9,1,0
BRDA:70,10,0,0
BRDA:70,11,0,0
BRDA:70,11,1,0
BRDA:71,12,0,0
BRDA:71,12,1,0
BRDA:76,13,0,0
BRDA:76,14,0,0
BRDA:76,14,1,0
BRDA:77,15,0,0
BRDA:77,15,1,0
BRDA:85,16,0,0
BRDA:85,16,1,0
BRDA:85,16,2,0
BRDA:96,17,0,0
BRDA:96,17,1,0
BRDA:112,18,0,0
BRDA:117,19,0,0
BRDA:117,19,1,0
BRDA:118,20,0,0
BRDA:118,20,1,0
BRDA:121,21,0,0
BRDA:121,21,1,0
BRDA:122,22,0,0
BRDA:122,22,1,0
BRDA:126,23,0,0
BRDA:126,23,1,0
BRDA:142,24,0,0
BRDA:142,24,1,0
BRDA:145,25,0,0
BRDA:145,25,1,0
BRDA:149,26,0,0
BRDA:149,26,1,0
BRDA:149,26,2,0
BRDA:150,27,0,0
BRDA:150,27,1,0
BRDA:164,28,0,0
BRDA:164,28,1,0
BRDA:167,29,0,0
BRDA:167,29,1,0
BRDA:176,30,0,0
BRDA:176,30,1,0
BRDA:179,31,0,0
BRDA:179,31,1,0
BRDA:191,32,0,0
BRDA:191,32,1,0
BRDA:193,33,0,0
BRDA:193,33,1,0
BRDA:196,34,0,0
BRDA:201,35,0,0
BRDA:201,35,1,0
BRDA:204,36,0,0
BRDA:204,36,1,0
BRDA:206,37,0,0
BRDA:206,37,1,0
BRDA:209,38,0,0
BRDA:209,38,1,0
BRDA:213,39,0,0
BRDA:213,39,1,0
BRDA:215,40,0,0
BRDA:215,40,1,0
BRDA:233,41,0,0
BRDA:233,41,1,0
BRDA:188,42,0,0
BRDA:188,42,1,0
BRDA:188,42,2,0
BRDA:246,43,0,0
BRDA:257,44,0,0
BRDA:266,45,0,0
BRDA:266,45,1,0
BRDA:292,46,0,0
BRDA:294,47,0,0
BRDA:294,48,0,0
BRDA:294,48,1,0
BRDA:295,49,0,0
BRDA:295,50,0,0
BRDA:295,50,1,0
BRDA:301,51,0,0
BRDA:301,51,1,0
BRDA:305,52,0,0
BRDA:309,53,0,0
BRDA:309,53,1,0
BRF:95
BRH:0
end_of_record
TN:
[...]
FNDA:0,(anonymous_11)
FNDA:0,(anonymous_12)
FNDA:0,(anonymous_13)
FNDA:0,(anonymous_14)
FNDA:0,TopupDetailDialog
FNDA:0,(anonymous_16)
FNDA:0,(anonymous_17)
FNDA:0,(anonymous_18)
FNDA:0,(anonymous_19)
FNDA:0,(anonymous_20)
FNDA:0,TopupsPage
FNDA:0,(anonymous_22)
FNDA:0,(anonymous_23)
FNDA:0,(anonymous_24)
FNDA:0,(anonymous_25)
FNDA:0,(anonymous_26)
FNDA:0,(anonymous_27)
FNDA:0,(anonymous_28)
FNDA:0,(anonymous_29)
FNDA:0,(anonymous_30)
FNDA:0,(anonymous_31)
FNDA:0,(anonymous_32)
FNDA:0,(anonymous_33)
FNDA:0,(anonymous_34)
FNDA:0,(anonymous_35)
FNDA:0,(anonymous_36)
FNDA:0,(anonymous_37)
DA:10,0
DA:11,0
DA:12,0
DA:13,0
DA:20,0
DA:27,0
DA:28,0
DA:29,0
DA:42,0
DA:43,0
DA:44,0
DA:45,0
DA:51,0
DA:56,0
DA:57,0
DA:82,0
DA:86,0
DA:97,0
DA:98,0
DA:99,0
DA:108,0
DA:115,0
DA:154,0
DA:172,0
DA:180,0
DA:193,0
DA:202,0
DA:212,0
DA:222,0
DA:252,0
DA:255,0
DA:258,0
DA:261,0
DA:264,0
DA:267,0
DA:271,0
DA:341,0
DA:347,0
DA:353,0
DA:359,0
DA:365,0
DA:379,0
DA:381,0
DA:382,0
DA:383,0
DA:384,0
DA:394,0
DA:395,0
DA:396,0
DA:399,0
DA:400,0
DA:403,0
DA:406,0
DA:407,0
DA:413,0
DA:414,0
DA:415,0
DA:416,0
DA:419,0
DA:420,0
DA:421,0
DA:422,0
DA:423,0
DA:424,0
DA:426,0
DA:430,0
DA:431,0
DA:434,0
DA:435,0
DA:445,0
DA:446,0
DA:449,0
DA:450,0
DA:451,0
DA:454,0
DA:456,0
DA:457,0
DA:458,0
DA:459,0
DA:460,0
DA:462,0
DA:468,0
DA:469,0
DA:470,0
DA:471,0
DA:472,0
DA:473,0
DA:476,0
DA:478,0
DA:479,0
DA:480,0
DA:484,0
DA:485,0
DA:486,0
DA:489,0
DA:490,0
DA:491,0
DA:505,0
DA:513,0
DA:532,0
DA:554,0
DA:600,0
DA:627,0
DA:634,0
LF:104
LH:0
BRDA:82,0,0,0
BRDA:97,1,0,0
BRDA:97,1,1,0
BRDA:98,2,0,0
BRDA:98,2,1,0
BRDA:99,3,0,0
BRDA:99,3,1,0
BRDA:99,4,0,0
BRDA:99,4,1,0
BRDA:119,5,0,0
BRDA:119,5,1,0
BRDA:125,6,0,0
BRDA:125,6,1,0
BRDA:125,7,0,0
BRDA:125,7,1,0
BRDA:137,8,0,0
BRDA:137,8,1,0
BRDA:252,9,0,0
BRDA:255,10,0,0
BRDA:255,10,1,0
BRDA:258,11,0,0
BRDA:258,11,1,0
BRDA:261,12,0,0
BRDA:261,12,1,0
BRDA:264,13,0,0
BRDA:264,13,1,0
BRDA:267,14,0,0
BRDA:267,14,1,0
BRDA:271,15,0,0
BRDA:271,15,1,0
BRDA:273,16,0,0
BRDA:273,16,1,0
BRDA:307,17,0,0
BRDA:307,17,1,0
BRDA:311,18,0,0
BRDA:311,18,1,0
BRDA:315,19,0,0
BRDA:315,19,1,0
BRDA:324,20,0,0
BRDA:340,21,0,0
BRDA:346,22,0,0
BRDA:352,23,0,0
BRDA:358,24,0,0
BRDA:364,25,0,0
BRDA:413,26,0,0
BRDA:413,26,1,0
BRDA:415,27,0,0
BRDA:419,28,0,0
BRDA:420,29,0,0
BRDA:421,30,0,0
BRDA:423,31,0,0
BRDA:457,32,0,0
BRDA:457,32,1,0
BRDA:459,33,0,0
BRDA:459,33,1,0
BRDA:485,34,0,0
BRDA:490,35,0,0
BRDA:530,36,0,0
BRDA:530,36,1,0
BRDA:535,37,0,0
BRDA:535,37,1,0
BRDA:541,38,0,0
BRDA:558,39,0,0
BRDA:558,39,1,0
BRDA:562,40,0,0
BRDA:562,40,1,0
BRDA:566,41,0,0
BRDA:566,41,1,0
BRDA:570,42,0,0
BRDA:570,42,1,0
BRDA:574,43,0,0
BRDA:574,43,1,0
BRDA:578,44,0,0
BRDA:578,44,1,0
BRDA:597,45,0,0
BRDA:600,46,0,0
BRDA:600,46,1,0
BRF:77
BRH:0
end_of_record
TN:
SF:src/features/topups/components/TopupsTable.tsx
FN:44,TopupsTable
FN:52,(anonymous_4)
FN:53,(anonymous_5)
FN:56,(anonymous_6)
FN:61,(anonymous_7)
FN:82,(anonymous_8)
FN:133,(anonymous_9)
FN:141,(anonymous_10)
FN:165,(anonymous_11)
FN:173,(anonymous_12)
FN:180,(anonymous_13)
FN:183,(anonymous_14)
FN:209,(anonymous_15)
FN:217,(anonymous_16)
FNF:14
FNH:0
FNDA:0,TopupsTable
FNDA:0,(anonymous_4)
FNDA:0,(anonymous_5)
FNDA:0,(anonymous_6)
FNDA:0,(anonymous_7)
FNDA:0,(anonymous_8)
FNDA:0,(anonymous_9)
FNDA:0,(anonymous_10)
FNDA:0,(anonymous_11)
FNDA:0,(anonymous_12)
FNDA:0,(anonymous_13)
FNDA:0,(anonymous_14)
FNDA:0,(anonymous_15)
FNDA:0,(anonymous_16)
DA:10,0
DA:18,0
DA:19,0
DA:26,0
DA:35,0
DA:36,0
DA:37,0
DA:44,0
DA:45,0
DA:50,0
DA:52,0
DA:53,0
DA:56,0
DA:57,0
DA:61,0
DA:62,0
DA:63,0
DA:66,0
DA:70,0
DA:78,0
DA:79,0
DA:82,0
DA:88,0
DA:90,0
DA:92,0
DA:93,0
DA:94,0
DA:96,0
DA:97,0
DA:98,0
DA:100,0
DA:101,0
DA:102,0
DA:104,0
DA:105,0
DA:108,0
DA:134,0
DA:135,0
DA:137,0
DA:141,0
DA:165,0
DA:173,0
DA:181,0
DA:183,0
DA:209,0
DA:217,0
DA:229,0
LF:47
LH:0
BRDA:62,0,0,0
BRDA:63,1,0,0
BRDA:63,1,1,0
BRDA:66,2,0,0
BRDA:70,3,0,0
BRDA:78,4,0,0
BRDA:78,4,1,0
BRDA:90,5,0,0
BRDA:90,5,1,0
BRDA:90,5,2,0
BRDA:90,5,3,0
BRDA:126,6,0,0
BRDA:126,6,1,0
BRDA:146,7,0,0
BRDA:146,7,1,0
BRDA:151,8,0,0
BRDA:151,8,1,0
BRDA:162,9,0,0
BRDA:162,9,1,0
BRDA:178,10,0,0
BRDA:178,10,1,0
BRDA:184,11,0,0
BRDA:184,11,1,0
BRDA:200,12,0,0
BRDA:200,12,1,0
BRF:25
BRH:0
end_of_record
TN:
SF:src/features/topups/components/index.ts
FNF:0
FNH:0
DA:1,0
DA:2,0
DA:3,0
DA:4,0
DA:5,0
DA:6,0
LF:6
LH:0
BRF:0
BRH:0
end_of_record
TN:
SF:src/features/topups/hooks/index.ts
FNF:0
FNH:0
DA:5,0
DA:6,0
LF:2
LH:0
BRF:0
BRH:0
end_of_record
TN:
SF:src/features/topups/hooks/useTopupActions.ts
FN:31,canTransition
FN:39,canPerformAction
FN:47,getAvailableActions
FN:178,useTopupActions
FN:183,(anonymous_10)
FN:184,(anonymous_11)
FN:188,(anonymous_12)
FN:189,(anonymous_13)
FN:193,(anonymous_14)
FN:194,(anonymous_15)
FN:198,(anonymous_16)
FN:199,(anonymous_17)
FN:203,(anonymous_18)
FN:204,(anonymous_19)
FN:209,(anonymous_20)
FN:217,(anonymous_21)
FN:224,(anonymous_22)
FN:231,(anonymous_23)
FN:238,(anonymous_24)
FN:245,(anonymous_25)
FN:252,(anonymous_26)
FN:268,(anonymous_27)
FNF:22
FNH:0
FNDA:0,canTransition
FNDA:0,canPerformAction
FNDA:0,getAvailableActions
FNDA:0,useTopupActions
FNDA:0,(anonymous_10)
FNDA:0,(anonymous_11)
FNDA:0,(anonymous_12)
FNDA:0,(anonymous_13)
FNDA:0,(anonymous_14)
FNDA:0,(anonymous_15)
FNDA:0,(anonymous_16)
FNDA:0,(anonymous_17)
FNDA:0,(anonymous_18)
FNDA:0,(anonymous_19)
FNDA:0,(anonymous_20)
FNDA:0,(anonymous_21)
FNDA:0,(anonymous_22)
FNDA:0,(anonymous_23)
FNDA:0,(anonymous_24)
FNDA:0,(anonymous_25)
FNDA:0,(anonymous_26)
FNDA:0,(anonymous_27)
DA:8,0
DA:15,0
DA:24,0
DA:31,0
DA:32,0
DA:33,0
DA:39,0
DA:40,0
DA:41,0
DA:47,0
DA:65,0
DA:67,0
DA:69,0
DA:70,0
DA:78,0
DA:79,0
DA:87,0
DA:90,0
DA:91,0
DA:99,0
DA:100,0
DA:108,0
DA:109,0
DA:117,0
DA:120,0
DA:121,0
DA:129,0
DA:130,0
DA:138,0
DA:139,0
DA:147,0
DA:150,0
DA:151,0
DA:159,0
DA:165,0
DA:168,0
DA:178,0
DA:179,0
DA:182,0
DA:183,0
DA:184,0
DA:187,0
DA:188,0
DA:189,0
DA:192,0
DA:193,0
DA:194,0
DA:197,0
DA:198,0
DA:199,0
DA:202,0
DA:203,0
DA:204,0
DA:208,0
DA:211,0
DA:216,0
DA:218,0
DA:223,0
DA:225,0
DA:230,0
DA:232,0
DA:237,0
DA:239,0
DA:244,0
DA:246,0
DA:251,0
DA:253,0
DA:260,0
DA:267,0
DA:277,0
DA:279,0
DA:282,0
DA:285,0
DA:286,0
DA:288,0
DA:294,0
DA:297,0
DA:298,0
DA:300,0
DA:306,0
DA:309,0
DA:312,0
DA:326,0
DA:354,0
LF:84
LH:0
BRDA:33,0,0,0
BRDA:33,0,1,0
BRDA:41,1,0,0
BRDA:41,1,1,0
BRDA:67,2,0,0
BRDA:67,2,1,0
BRDA:67,2,2,0
BRDA:67,2,3,0
BRDA:67,2,4,0
BRDA:67,2,5,0
BRDA:67,2,6,0
BRDA:69,3,0,0
BRDA:78,4,0,0
BRDA:90,5,0,0
BRDA:99,6,0,0
BRDA:108,7,0,0
BRDA:120,8,0,0
BRDA:129,9,0,0
BRDA:138,10,0,0
BRDA:150,11,0,0
BRDA:178,12,0,0
BRDA:260,13,0,0
BRDA:260,13,1,0
BRDA:260,13,2,0
BRDA:260,13,3,0
BRDA:260,13,4,0
BRDA:277,14,0,0
BRDA:277,14,1,0
BRDA:277,14,2,0
BRDA:277,14,3,0
BRDA:277,14,4,0
BRDA:277,14,5,0
BRDA:277,14,6,0
BRDA:277,14,7,0
BRDA:285,15,0,0
BRDA:290,16,0,0
BRDA:290,16,1,0
BRDA:297,17,0,0
BRDA:302,18,0,0
BRDA:302,18,1,0
BRF:40
BRH:0
end_of_record
TN:
SF:src/features/topups/hooks/useTopups.ts
FN:41,useTopups
FN:47,(anonymous_11)
FN:55,useTopup
FN:61,(anonymous_13)
FN:70,useTopupsByProject
FN:77,(anonymous_15)
FN:86,useTopupStats
FN:92,(anonymous_17)
FN:102,useCreateTopup
FN:109,(anonymous_19)
FN:119,useApproveTopup
FN:125,(anonymous_21)
FN:126,(anonymous_22)
FN:137,useRejectTopup
FN:143,(anonymous_24)
FN:144,(anonymous_25)
FN:155,useCompleteTopup
FN:162,(anonymous_27)
FN:175,useCancelTopup
FN:182,(anonymous_29)
FNF:20
FNH:0
FNDA:0,useTopups
FNDA:0,(anonymous_11)
FNDA:0,useTopup
FNDA:0,(anonymous_13)
FNDA:0,useTopupsByProject
FNDA:0,(anonymous_15)
FNDA:0,useTopupStats
FNDA:0,(anonymous_17)
FNDA:0,useCreateTopup
FNDA:0,(anonymous_19)
FNDA:0,useApproveTopup
FNDA:0,(anonymous_21)
FNDA:0,(anonymous_22)
FNDA:0,useRejectTopup
FNDA:0,(anonymous_24)
FNDA:0,(anonymous_25)
FNDA:0,useCompleteTopup
FNDA:0,(anonymous_27)
FNDA:0,useCancelTopup
FNDA:0,(anonymous_29)
DA:13,0
DA:14,0
DA:26,0
DA:41,0
DA:45,0
DA:47,0
DA:55,0
DA:59,0
DA:61,0
DA:70,0
DA:75,0
DA:77,0
DA:86,0
DA:90,0
DA:92,0
DA:102,0
DA:105,0
DA:107,0
DA:110,0
DA:119,0
DA:122,0
DA:124,0
DA:125,0
DA:127,0
DA:128,0
DA:137,0
DA:140,0
DA:142,0
DA:143,0
DA:145,0
DA:146,0
DA:155,0
DA:158,0
DA:160,0
DA:163,0
DA:164,0
DA:166,0
DA:175,0
DA:178,0
DA:180,0
DA:183,0
DA:184,0
LF:42
LH:0
BRDA:42,0,0,0
BRDA:72,1,0,0
BRDA:87,2,0,0
BRF:3
BRH:0
end_of_record
TN:
SF:src/features/topups/services/index.ts
FNF:0
FNH:0
DA:5,0
LF:1
LH:0
BRF:0
BRH:0
end_of_record
TN:
SF:src/features/topups/services/topupsApi.ts
FN:26,getTopups
FN:35,(anonymous_11)
FN:56,getTopup
FN:64,getTopupsByProject
FN:77,createTopup
FN:91,approveTopup
FN:106,rejectTopup
FN:121,completeTopup
FN:132,cancelTopup
FN:144,getTopupStats
FNF:10
FNH:0
FNDA:0,getTopups
FNDA:0,(anonymous_11)
FNDA:0,getTopup
FNDA:0,getTopupsByProject
FNDA:0,createTopup
FNDA:0,approveTopup
FNDA:0,rejectTopup
FNDA:0,completeTopup
FNDA:0,cancelTopup
FNDA:0,getTopupStats
DA:7,0
DA:18,0
DA:26,0
DA:29,0
DA:31,0
DA:32,0
DA:33,0
DA:34,0
DA:35,0
DA:37,0
DA:38,0
DA:39,0
DA:40,0
DA:41,0
DA:42,0
DA:43,0
DA:44,0
DA:46,0
DA:47,0
DA:49,0
DA:56,0
DA:57,0
DA:64,0
DA:68,0
DA:77,0
DA:80,0
DA:91,0
DA:95,0
DA:106,0
DA:110,0
DA:121,0
DA:122,0
DA:132,0
DA:133,0
DA:144,0
DA:153,0
DA:154,0
DA:155,0
DA:156,0
DA:158,0
DA:159,0
DA:161,0
LF:42
LH:0
BRDA:27,0,0,0
BRDA:31,1,0,0
BRDA:32,2,0,0
BRDA:33,3,0,0
BRDA:34,4,0,0
BRDA:34,4,1,0
BRDA:37,5,0,0
BRDA:38,6,0,0
BRDA:39,7,0,0
BRDA:40,8,0,0
BRDA:41,9,0,0
BRDA:42,10,0,0
BRDA:43,11,0,0
BRDA:44,12,0,0
BRDA:47,13,0,0
BRDA:47,13,1,0
BRDA:66,14,0,0
BRDA:97,15,0,0
BRDA:97,15,1,0
BRDA:154,16,0,0
BRDA:155,17,0,0
BRDA:156,18,0,0
BRDA:159,19,0,0
BRDA:159,19,1,0
BRF:24
BRH:0
end_of_record
TN:
SF:src/features/topups/types/index.ts
FNF:0
FNH:0
DA:5,0
LF:1
LH:0
BRF:0
BRH:0
end_of_record
TN:
SF:src/features/topups/types/topup.types.ts
FNF:0
FNH:0
DA:178,0
DA:183,0
DA:230,0
DA:242,0
LF:4
LH:0
BRF:0
BRH:0
end_of_record
TN:
SF:src/features/transfers/index.ts
FNF:0
FNH:0
DA:8,0
DA:9,0
DA:10,0
DA:11,0
LF:4
LH:0
BRF:0
BRH:0
end_of_record
TN:
SF:src/features/transfers/components/TransferForm.tsx
FN:40,(anonymous_1)
FN:52,TransferForm
FN:65,(anonymous_3)
FN:98,(anonymous_5)
FN:119,(anonymous_7)
FN:141,(anonymous_9)
FN:171,(anonymous_11)
FNF:7
FNH:0
FNDA:0,(anonymous_1)
FNDA:0,TransferForm
FNDA:0,(anonymous_3)
FNDA:0,(anonymous_5)
FNDA:0,(anonymous_7)
FNDA:0,(anonymous_9)
FNDA:0,(anonymous_11)
DA:10,0
DA:11,0
DA:12,0
DA:20,0
DA:29,0
DA:30,0
DA:31,0
DA:32,0
DA:33,0
DA:35,0
DA:40,0
DA:52,0
DA:53,0
DA:55,0
DA:65,0
DA:66,0
DA:67,0
DA:68,0
DA:69,0
DA:71,0
DA:98,0
DA:119,0
DA:141,0
DA:171,0
LF:24
LH:0
BRDA:98,0,0,0
BRDA:98,0,1,0
BRDA:99,1,0,0
BRDA:99,1,1,0
BRDA:119,2,0,0
BRDA:119,2,1,0
BRDA:120,3,0,0
BRDA:120,3,1,0
BRDA:141,4,0,0
BRDA:141,4,1,0
BRDA:142,5,0,0
BRDA:142,5,1,0
BRDA:176,6,0,0
BRDA:176,6,1,0
BRF:14
BRH:0
end_of_record
TN:
SF:src/features/transfers/components/TransfersPage.tsx
FN:16,TransfersPage
FN:26,(anonymous_2)
FNF:2
FNH:0
FNDA:0,TransfersPage
FNDA:0,(anonymous_2)
DA:10,0
DA:11,0
DA:12,0
DA:13,0
DA:14,0
DA:16,0
DA:17,0
DA:26,0
LF:8
LH:0
BRF:0
BRH:0
end_of_record
TN:
SF:src/features/transfers/components/TransfersTable.tsx
FN:47,TransfersTable
FN:59,(anonymous_2)
FN:60,(anonymous_3)
FN:63,(anonymous_4)
FN:67,(anonymous_5)
FN:71,(anonymous_6)
FN:78,(anonymous_7)
FN:125,(anonymous_8)
FN:167,(anonymous_9)
FN:176,(anonymous_10)
FN:185,(anonymous_11)
FN:196,(anonymous_12)
FN:224,(anonymous_13)
FN:232,(anonymous_14)
FNF:14
FNH:0
FNDA:0,TransfersTable
FNDA:0,(anonymous_2)
FNDA:0,(anonymous_3)
FNDA:0,(anonymous_4)
FNDA:0,(anonymous_5)
FNDA:0,(anonymous_6)
FNDA:0,(anonymous_7)
FNDA:0,(anonymous_8)
FNDA:0,(anonymous_9)
FNDA:0,(anonymous_10)
FNDA:0,(anonymous_11)
FNDA:0,(anonymous_12)
FNDA:0,(anonymous_13)
FNDA:0,(anonymous_14)
DA:9,0
DA:17,0
DA:18,0
DA:19,0
DA:26,0
DA:33,0
DA:40,0
DA:44,0
DA:47,0
DA:48,0
DA:53,0
DA:54,0
DA:55,0
DA:56,0
DA:57,0
DA:59,0
DA:60,0
DA:63,0
DA:64,0
DA:67,0
DA:68,0
DA:71,0
DA:72,0
DA:73,0
DA:74,0
DA:78,0
DA:79,0
DA:83,0
DA:88,0
DA:92,0
DA:100,0
DA:101,0
DA:126,0
DA:127,0
DA:128,0
DA:167,0
DA:176,0
DA:185,0
DA:196,0
DA:224,0
DA:232,0
LF:41
LH:0
BRDA:73,0,0,0
BRDA:83,1,0,0
BRDA:83,1,1,0
BRDA:83,1,2,0
BRDA:83,1,3,0
BRDA:88,2,0,0
BRDA:92,3,0,0
BRDA:100,4,0,0
BRDA:100,4,1,0
BRDA:118,5,0,0
BRDA:118,5,1,0
BRDA:127,6,0,0
BRDA:127,6,1,0
BRDA:134,7,0,0
BRDA:134,7,1,0
BRDA:137,8,0,0
BRDA:137,8,1,0
BRDA:148,9,0,0
BRDA:165,10,0,0
BRDA:174,11,0,0
BRDA:183,12,0,0
BRDA:192,13,0,0
BRDA:215,14,0,0
BRDA:215,14,1,0
BRF:24
BRH:0
end_of_record
TN:
SF:src/features/transfers/components/index.ts
FNF:0
FNH:0
DA:1,0
DA:2,0
DA:3,0
LF:3
LH:0
BRF:0
BRH:0
end_of_record
TN:
SF:src/features/transfers/hooks/index.ts
FNF:0
FNH:0
DA:1,0
LF:1
LH:0
BRF:0
BRH:0
end_of_record
TN:
SF:src/features/transfers/hooks/useTransfers.ts
FN:28,(anonymous_9)
FN:29,(anonymous_10)
FN:30,(anonymous_11)
FN:31,(anonymous_12)
FN:35,useTransfers
FN:38,(anonymous_14)
FN:43,useTransfer
FN:46,(anonymous_16)
FN:52,useCreateTransfer
FN:56,(anonymous_18)
FN:57,(anonymous_19)
FN:64,useSubmitTransfer
FN:68,(anonymous_21)
FN:69,(anonymous_22)
FN:77,useApproveTransfer
FN:81,(anonymous_24)
FN:83,(anonymous_25)
FN:91,useRejectTransfer
FN:95,(anonymous_27)
FN:97,(anonymous_28)
FN:105,useCompleteTransfer
FN:109,(anonymous_30)
FN:110,(anonymous_31)
FNF:23
FNH:0
FNDA:0,(anonymous_9)
FNDA:0,(anonymous_10)
FNDA:0,(anonymous_11)
FNDA:0,(anonymous_12)
FNDA:0,useTransfers
FNDA:0,(anonymous_14)
FNDA:0,useTransfer
FNDA:0,(anonymous_16)
FNDA:0,useCreateTransfer
FNDA:0,(anonymous_18)
FNDA:0,(anonymous_19)
FNDA:0,useSubmitTransfer
FNDA:0,(anonymous_21)
FNDA:0,(anonymous_22)
FNDA:0,useApproveTransfer
FNDA:0,(anonymous_24)
FNDA:0,(anonymous_25)
FNDA:0,useRejectTransfer
FNDA:0,(anonymous_27)
FNDA:0,(anonymous_28)
FNDA:0,useCompleteTransfer
FNDA:0,(anonymous_30)
FNDA:0,(anonymous_31)
DA:8,0
DA:17,0
DA:26,0
DA:28,0
DA:29,0
DA:30,0
DA:31,0
DA:35,0
DA:36,0
DA:38,0
DA:43,0
DA:44,0
DA:46,0
DA:52,0
DA:53,0
DA:55,0
DA:56,0
DA:58,0
DA:64,0
DA:65,0
DA:67,0
DA:68,0
DA:70,0
DA:71,0
DA:77,0
DA:78,0
DA:80,0
DA:82,0
DA:84,0
DA:85,0
DA:91,0
DA:92,0
DA:94,0
DA:96,0
DA:98,0
DA:99,0
DA:105,0
DA:106,0
DA:108,0
DA:109,0
DA:111,0
DA:112,0
LF:42
LH:0
BRF:0
BRH:0
end_of_record
TN:
SF:src/features/transfers/services/index.ts
FNF:0
FNH:0
DA:1,0
LF:1
LH:0
BRF:0
BRH:0
end_of_record
TN:
SF:src/features/transfers/services/transfersApi.ts
FN:19,getTransfers
FN:30,getTransfer
FN:35,createTransfer
FN:43,submitTransfer
FN:50,approveTransfer
FN:58,rejectTransfer
FN:66,completeTransfer
FNF:7
FNH:0
FNDA:0,getTransfers
FNDA:0,getTransfer
FNDA:0,createTransfer
FNDA:0,submitTransfer
FNDA:0,approveTransfer
FNDA:0,rejectTransfer
FNDA:0,completeTransfer
DA:7,0
DA:16,0
DA:19,0
DA:20,0
DA:21,0
DA:22,0
DA:23,0
DA:25,0
DA:26,0
DA:30,0
DA:31,0
DA:35,0
DA:36,0
DA:43,0
DA:44,0
DA:50,0
DA:51,0
DA:58,0
DA:59,0
DA:66,0
DA:67,0
LF:21
LH:0
BRDA:21,0,0,0
BRDA:22,1,0,0
BRDA:23,2,0,0
BRDA:26,3,0,0
BRDA:26,3,1,0
BRF:5
BRH:0
end_of_record
TN:
SF:src/features/transfers/types/index.ts
FNF:0
FNH:0
DA:1,0
LF:1
LH:0
BRF:0
BRH:0
end_of_record
TN:
SF:src/features/transfers/types/transfer.types.ts
FNF:0
FNH:0
DA:17,0
DA:20,0
DA:29,0
LF:3
LH:0
BRF:0
BRH:0
end_of_record
TN:
SF:src/features/users/index.ts
FNF:0
FNH:0
DA:5,0
DA:6,0
LF:2
LH:0
BRF:0
BRH:0
end_of_record
TN:
SF:src/features/users/components/UsersPage.tsx
FN:72,getRoleConfig
FN:73,(anonymous_7)
FN:76,getStatusConfig
FN:77,(anonymous_9)
FN:80,UsersPage
FN:86,(anonymous_11)
FN:98,(anonymous_12)
FN:100,(anonymous_13)
FN:104,(anonymous_14)
FN:138,(anonymous_15)
FN:160,(anonymous_16)
FN:167,(anonymous_17)
FN:171,(anonymous_18)
FN:211,(anonymous_19)
FN:322,(anonymous_20)
FNF:15
FNH:0
FNDA:0,getRoleConfig
FNDA:0,(anonymous_7)
FNDA:0,getStatusConfig
FNDA:0,(anonymous_9)
FNDA:0,UsersPage
FNDA:0,(anonymous_11)
FNDA:0,(anonymous_12)
FNDA:0,(anonymous_13)
FNDA:0,(anonymous_14)
FNDA:0,(anonymous_15)
FNDA:0,(anonymous_16)
FNDA:0,(anonymous_17)
FNDA:0,(anonymous_18)
FNDA:0,(anonymous_19)
FNDA:0,(anonymous_20)
DA:9,0
DA:21,0
DA:22,0
DA:25,0
DA:73,0
DA:77,0
DA:80,0
DA:81,0
DA:82,0
DA:83,0
DA:84,0
DA:86,0
DA:88,0
DA:93,0
DA:95,0
DA:98,0
DA:99,0
DA:100,0
DA:101,0
DA:104,0
DA:105,0
DA:106,0
DA:138,0
DA:160,0
DA:167,0
DA:172,0
DA:212,0
DA:213,0
DA:215,0
DA:322,0
DA:334,0
LF:31
LH:0
BRDA:73,0,0,0
BRDA:73,0,1,0
BRDA:77,1,0,0
BRDA:77,1,1,0
BRDA:88,2,0,0
BRDA:88,2,1,0
BRDA:88,2,2,0
BRDA:88,2,3,0
BRDA:93,3,0,0
BRDA:93,3,1,0
BRDA:95,4,0,0
BRDA:95,4,1,0
BRDA:105,5,0,0
BRDA:134,6,0,0
BRDA:134,6,1,0
BRDA:222,7,0,0
BRDA:222,7,1,0
BRDA:228,8,0,0
BRDA:228,8,1,0
BRDA:243,9,0,0
BRDA:243,9,1,0
BRDA:245,10,0,0
BRDA:245,10,1,0
BRDA:247,11,0,0
BRDA:247,11,1,0
BRDA:249,12,0,0
BRDA:249,12,1,0
BRDA:261,13,0,0
BRDA:261,13,1,0
BRDA:263,14,0,0
BRDA:263,14,1,0
BRDA:302,15,0,0
BRDA:316,16,0,0
BRF:33
BRH:0
end_of_record
TN:
SF:src/features/users/components/index.ts
FNF:0
FNH:0
DA:1,0
LF:1
LH:0
BRF:0
BRH:0
end_of_record
TN:
SF:src/features/users/types/index.ts
FNF:0
FNH:0
DA:1,0
LF:1
LH:0
BRF:0
BRH:0
end_of_record
TN:
SF:src/features/users/types/user.types.ts
FNF:0
FNH:0
DA:7,0
DA:15,0
DA:67,0
DA:75,0
LF:4
LH:0
BRF:0
BRH:0
end_of_record
TN:
SF:src/hooks/index.ts
FNF:0
FNH:0
DA:7,0
DA:8,0
DA:9,0
LF:3
LH:0
BRF:0
BRH:0
end_of_record
TN:
SF:src/hooks/use-table-params.ts
FN:62,useTableParams
FN:69,(anonymous_5)
FN:82,(anonymous_6)
FN:115,(anonymous_7)
FNF:4
FNH:0
FNDA:0,useTableParams
FNDA:0,(anonymous_5)
FNDA:0,(anonymous_6)
FNDA:0,(anonymous_7)
DA:28,0
DA:34,0
DA:35,0
DA:36,0
DA:39,0
DA:57,0
DA:62,0
DA:63,0
DA:69,0
DA:73,0
DA:75,0
DA:76,0
DA:78,0
DA:82,0
DA:83,0
DA:93,0
DA:100,0
DA:116,0
DA:118,0
DA:119,0
DA:121,0
DA:125,0
DA:132,0
LF:23
LH:0
BRDA:73,0,0,0
BRDA:73,0,1,0
BRDA:73,0,2,0
BRDA:75,1,0,0
BRDA:75,2,0,0
BRDA:75,2,1,0
BRDA:94,3,0,0
BRDA:94,3,1,0
BRDA:94,3,2,0
BRDA:94,3,3,0
BRDA:116,4,0,0
BRDA:116,4,1,0
BRDA:118,5,0,0
BRDA:118,5,1,0
BRF:14
BRH:0
end_of_record
TN:
SF:src/hooks/use-theme.ts
FN:12,useTheme
FN:23,(anonymous_4)
FNF:2
FNH:0
FNDA:0,useTheme
FNDA:0,(anonymous_4)
DA:9,0
DA:10,0
DA:12,0
DA:13,0
DA:14,0
DA:16,0
DA:23,0
DA:28,0
LF:8
LH:0
BRDA:17,0,0,0
BRDA:17,0,1,0
BRDA:23,1,0,0
BRDA:23,1,1,0
BRF:4
BRH:0
end_of_record
TN:
SF:src/hooks/useAuth.ts
FN:35,useAuth
FN:42,(anonymous_2)
FN:52,(anonymous_3)
FN:56,(anonymous_4)
FN:71,(anonymous_5)
FN:74,(anonymous_6)
FNF:6
FNH:0
FNDA:0,useAuth
FNDA:0,(anonymous_2)
FNDA:0,(anonymous_3)
FNDA:0,(anonymous_4)
FNDA:0,(anonymous_5)
FNDA:0,(anonymous_6)
DA:6,0
DA:7,0
DA:8,0
DA:9,0
DA:35,0
DA:36,0
DA:37,0
DA:40,0
DA:43,0
DA:44,0
DA:51,0
DA:53,0
DA:54,0
DA:57,0
DA:58,0
DA:63,0
DA:64,0
DA:70,0
DA:72,0
DA:75,0
DA:76,0
DA:77,0
DA:81,0
LF:23
LH:0
BRDA:46,0,0,0
BRDA:46,0,1,0
BRDA:57,1,0,0
BRDA:61,2,0,0
BRDA:61,2,1,0
BRF:5
BRH:0
end_of_record
TN:
SF:src/hooks/useIsMounted.ts
FN:12,useIsMounted
FN:15,(anonymous_5)
FN:28,useDeferredRender
FN:31,(anonymous_7)
FN:33,(anonymous_8)
FN:34,(anonymous_9)
FNF:6
FNH:0
FNDA:0,useIsMounted
FNDA:0,(anonymous_5)
FNDA:0,useDeferredRender
FNDA:0,(anonymous_7)
FNDA:0,(anonymous_8)
FNDA:0,(anonymous_9)
DA:10,0
DA:12,0
DA:13,0
DA:15,0
DA:16,0
DA:19,0
DA:28,0
DA:29,0
DA:31,0
DA:32,0
DA:33,0
DA:34,0
DA:36,0
DA:40,0
DA:43,0
LF:15
LH:0
BRDA:28,0,0,0
BRDA:32,1,0,0
BRDA:32,1,1,0
BRF:3
BRH:0
end_of_record
TN:
SF:src/hooks/useTheme.ts
FNF:0
FNH:0
DA:7,0
LF:1
LH:0
BRF:0
BRH:0
end_of_record
TN:
SF:src/public/debug-console.js
FN:32,(anonymous_0)
FN:78,(anonymous_1)
FN:90,(anonymous_2)
FNF:3
FNH:0
FNDA:0,(anonymous_0)
FNDA:0,(anonymous_1)
FNDA:0,(anonymous_2)
DA:4,0
DA:7,0
DA:8,0
DA:9,0
DA:10,0
DA:11,0
DA:12,0
DA:13,0
DA:14,0
DA:15,0
DA:16,0
DA:17,0
DA:18,0
DA:20,0
DA:24,0
DA:25,0
DA:26,0
DA:27,0
DA:28,0
DA:29,0
DA:30,0
DA:31,0
DA:32,0
DA:33,0
DA:36,0
DA:40,0
DA:41,0
DA:42,0
DA:43,0
DA:44,0
DA:46,0
DA:50,0
DA:51,0
DA:52,0
DA:53,0
DA:54,0
DA:56,0
DA:60,0
DA:61,0
DA:62,0
DA:65,0
DA:66,0
DA:67,0
DA:68,0
DA:69,0
DA:71,0
DA:75,0
DA:76,0
DA:77,0
DA:78,0
DA:79,0
DA:80,0
DA:88,0
DA:89,0
DA:90,0
DA:91,0
DA:94,0
DA:95,0
DA:96,0
LF:59
LH:0
BRDA:9,0,0,0
BRDA:9,0,1,0
BRDA:26,1,0,0
BRDA:26,1,1,0
BRDA:42,2,0,0
BRDA:42,2,1,0
BRDA:52,3,0,0
BRDA:52,3,1,0
BRDA:61,4,0,0
BRDA:61,4,1,0
BRDA:62,5,0,0
BRDA:62,5,1,0
BRDA:67,6,0,0
BRDA:67,6,1,0
BRF:14
BRH:0
end_of_record
TN:
SF:src/types/index.ts
FNF:0
FNH:0
DA:5,0
LF:1
LH:0
BRF:0
BRH:0
end_of_record
