{"meta": {"format": 3, "version": "7.6.1", "timestamp": "2025-12-10T04:34:06.213481", "branch_coverage": false, "show_contexts": false}, "files": {"backend/core/__init__.py": {"executed_lines": [1], "summary": {"covered_lines": 0, "num_statements": 0, "percent_covered": 100.0, "percent_covered_display": "100.00", "missing_lines": 0, "excluded_lines": 0}, "missing_lines": [], "excluded_lines": [], "functions": {"": {"executed_lines": [1], "summary": {"covered_lines": 0, "num_statements": 0, "percent_covered": 100.0, "percent_covered_display": "100.00", "missing_lines": 0, "excluded_lines": 0}, "missing_lines": [], "excluded_lines": []}}, "classes": {"": {"executed_lines": [1], "summary": {"covered_lines": 0, "num_statements": 0, "percent_covered": 100.0, "percent_covered_display": "100.00", "missing_lines": 0, "excluded_lines": 0}, "missing_lines": [], "excluded_lines": []}}}, "backend/core/audit.py": {"executed_lines": [1, 6, 7, 8, 9, 10, 12, 13, 14, 15, 16, 18, 21, 22, 23, 24, 25, 26, 27, 28, 29, 30, 31, 32, 35, 36, 37, 38, 39, 40, 44, 45, 52, 53, 55, 56, 57, 58, 59, 60, 61, 62, 63, 64, 65, 66, 68, 72, 73, 74, 76, 77, 78, 79, 80, 81, 82, 83, 84, 85, 87, 91, 92, 94, 95, 96, 99, 100, 103, 104, 106, 160, 178, 198, 216, 230, 241, 262, 263, 265, 266, 267, 270, 271, 274, 275, 277, 326, 342, 358, 369, 380, 398, 399, 403, 450, 460, 472, 485, 486, 488, 489, 508, 509, 528, 529, 552], "summary": {"covered_lines": 97, "num_statements": 229, "percent_covered": 42.35807860262009, "percent_covered_display": "42.36", "missing_lines": 132, "excluded_lines": 4}, "missing_lines": [120, 122, 136, 137, 138, 141, 142, 143, 145, 146, 147, 148, 149, 150, 152, 154, 156, 157, 158, 169, 188, 207, 218, 219, 221, 232, 249, 250, 252, 288, 290, 300, 301, 302, 305, 306, 307, 308, 309, 311, 312, 313, 314, 315, 316, 318, 320, 322, 323, 324, 328, 333, 344, 350, 360, 371, 382, 387, 406, 407, 409, 410, 412, 413, 420, 422, 424, 425, 427, 428, 436, 438, 439, 446, 447, 452, 453, 454, 455, 456, 457, 462, 464, 465, 466, 467, 468, 469, 474, 477, 478, 479, 480, 481, 496, 497, 499, 500, 501, 502, 503, 504, 506, 516, 517, 519, 520, 521, 522, 523, 524, 526, 536, 537, 539, 540, 541, 542, 543, 544, 545, 546, 548, 554, 556, 557, 560, 562, 563, 564, 565, 566], "excluded_lines": [68, 69, 87, 88], "functions": {"CoreAuditLog.__repr__": {"executed_lines": [], "summary": {"covered_lines": 0, "num_statements": 0, "percent_covered": 100.0, "percent_covered_display": "100.00", "missing_lines": 0, "excluded_lines": 1}, "missing_lines": [], "excluded_lines": [69]}, "SecurityEvent.__repr__": {"executed_lines": [], "summary": {"covered_lines": 0, "num_statements": 0, "percent_covered": 100.0, "percent_covered_display": "100.00", "missing_lines": 0, "excluded_lines": 1}, "missing_lines": [], "excluded_lines": [88]}, "AuditLogger.__init__": {"executed_lines": [95, 96, 99, 100, 103, 104], "summary": {"covered_lines": 6, "num_statements": 6, "percent_covered": 100.0, "percent_covered_display": "100.00", "missing_lines": 0, "excluded_lines": 0}, "missing_lines": [], "excluded_lines": []}, "AuditLogger.log_action": {"executed_lines": [], "summary": {"covered_lines": 0, "num_statements": 19, "percent_covered": 0.0, "percent_covered_display": "0.00", "missing_lines": 19, "excluded_lines": 0}, "missing_lines": [120, 122, 136, 137, 138, 141, 142, 143, 145, 146, 147, 148, 149, 150, 152, 154, 156, 157, 158], "excluded_lines": []}, "AuditLogger.log_create": {"executed_lines": [], "summary": {"covered_lines": 0, "num_statements": 1, "percent_covered": 0.0, "percent_covered_display": "0.00", "missing_lines": 1, "excluded_lines": 0}, "missing_lines": [169], "excluded_lines": []}, "AuditLogger.log_update": {"executed_lines": [], "summary": {"covered_lines": 0, "num_statements": 1, "percent_covered": 0.0, "percent_covered_display": "0.00", "missing_lines": 1, "excluded_lines": 0}, "missing_lines": [188], "excluded_lines": []}, "AuditLogger.log_delete": {"executed_lines": [], "summary": {"covered_lines": 0, "num_statements": 1, "percent_covered": 0.0, "percent_covered_display": "0.00", "missing_lines": 1, "excluded_lines": 0}, "missing_lines": [207], "excluded_lines": []}, "AuditLogger.log_login": {"executed_lines": [], "summary": {"covered_lines": 0, "num_statements": 3, "percent_covered": 0.0, "percent_covered_display": "0.00", "missing_lines": 3, "excluded_lines": 0}, "missing_lines": [218, 219, 221], "excluded_lines": []}, "AuditLogger.log_logout": {"executed_lines": [], "summary": {"covered_lines": 0, "num_statements": 1, "percent_covered": 0.0, "percent_covered_display": "0.00", "missing_lines": 1, "excluded_lines": 0}, "missing_lines": [232], "excluded_lines": []}, "AuditLogger.log_export": {"executed_lines": [], "summary": {"covered_lines": 0, "num_statements": 3, "percent_covered": 0.0, "percent_covered_display": "0.00", "missing_lines": 3, "excluded_lines": 0}, "missing_lines": [249, 250, 252], "excluded_lines": []}, "SecurityEventLogger.__init__": {"executed_lines": [266, 267, 270, 271, 274, 275], "summary": {"covered_lines": 6, "num_statements": 6, "percent_covered": 100.0, "percent_covered_display": "100.00", "missing_lines": 0, "excluded_lines": 0}, "missing_lines": [], "excluded_lines": []}, "SecurityEventLogger.log_security_event": {"executed_lines": [], "summary": {"covered_lines": 0, "num_statements": 21, "percent_covered": 0.0, "percent_covered_display": "0.00", "missing_lines": 21, "excluded_lines": 0}, "missing_lines": [288, 290, 300, 301, 302, 305, 306, 307, 308, 309, 311, 312, 313, 314, 315, 316, 318, 320, 322, 323, 324], "excluded_lines": []}, "SecurityEventLogger.log_failed_login": {"executed_lines": [], "summary": {"covered_lines": 0, "num_statements": 2, "percent_covered": 0.0, "percent_covered_display": "0.00", "missing_lines": 2, "excluded_lines": 0}, "missing_lines": [328, 333], "excluded_lines": []}, "SecurityEventLogger.log_brute_force_attempt": {"executed_lines": [], "summary": {"covered_lines": 0, "num_statements": 2, "percent_covered": 0.0, "percent_covered_display": "0.00", "missing_lines": 2, "excluded_lines": 0}, "missing_lines": [344, 350], "excluded_lines": []}, "SecurityEventLogger.log_suspicious_activity": {"executed_lines": [], "summary": {"covered_lines": 0, "num_statements": 1, "percent_covered": 0.0, "percent_covered_display": "0.00", "missing_lines": 1, "excluded_lines": 0}, "missing_lines": [360], "excluded_lines": []}, "SecurityEventLogger.log_data_access_violation": {"executed_lines": [], "summary": {"covered_lines": 0, "num_statements": 1, "percent_covered": 0.0, "percent_covered_display": "0.00", "missing_lines": 1, "excluded_lines": 0}, "missing_lines": [371], "excluded_lines": []}, "SecurityEventLogger.log_privilege_escalation": {"executed_lines": [], "summary": {"covered_lines": 0, "num_statements": 2, "percent_covered": 0.0, "percent_covered_display": "0.00", "missing_lines": 2, "excluded_lines": 0}, "missing_lines": [382, 387], "excluded_lines": []}, "setup_audit_triggers": {"executed_lines": [], "summary": {"covered_lines": 0, "num_statements": 2, "percent_covered": 0.0, "percent_covered_display": "0.00", "missing_lines": 2, "excluded_lines": 0}, "missing_lines": [406, 407], "excluded_lines": []}, "setup_audit_triggers.receive_before_flush": {"executed_lines": [], "summary": {"covered_lines": 0, "num_statements": 15, "percent_covered": 0.0, "percent_covered_display": "0.00", "missing_lines": 15, "excluded_lines": 0}, "missing_lines": [409, 410, 412, 413, 420, 422, 424, 425, 427, 428, 436, 438, 439, 446, 447], "excluded_lines": []}, "instance_to_dict": {"executed_lines": [], "summary": {"covered_lines": 0, "num_statements": 6, "percent_covered": 0.0, "percent_covered_display": "0.00", "missing_lines": 6, "excluded_lines": 0}, "missing_lines": [452, 453, 454, 455, 456, 457], "excluded_lines": []}, "get_old_values": {"executed_lines": [], "summary": {"covered_lines": 0, "num_statements": 7, "percent_covered": 0.0, "percent_covered_display": "0.00", "missing_lines": 7, "excluded_lines": 0}, "missing_lines": [462, 464, 465, 466, 467, 468, 469], "excluded_lines": []}, "get_current_user_from_session": {"executed_lines": [], "summary": {"covered_lines": 0, "num_statements": 6, "percent_covered": 0.0, "percent_covered_display": "0.00", "missing_lines": 6, "excluded_lines": 0}, "missing_lines": [474, 477, 478, 479, 480, 481], "excluded_lines": []}, "AuditQuery.get_user_actions": {"executed_lines": [], "summary": {"covered_lines": 0, "num_statements": 9, "percent_covered": 0.0, "percent_covered_display": "0.00", "missing_lines": 9, "excluded_lines": 0}, "missing_lines": [496, 497, 499, 500, 501, 502, 503, 504, 506], "excluded_lines": []}, "AuditQuery.get_table_actions": {"executed_lines": [], "summary": {"covered_lines": 0, "num_statements": 9, "percent_covered": 0.0, "percent_covered_display": "0.00", "missing_lines": 9, "excluded_lines": 0}, "missing_lines": [516, 517, 519, 520, 521, 522, 523, 524, 526], "excluded_lines": []}, "AuditQuery.get_security_events": {"executed_lines": [], "summary": {"covered_lines": 0, "num_statements": 11, "percent_covered": 0.0, "percent_covered_display": "0.00", "missing_lines": 11, "excluded_lines": 0}, "missing_lines": [536, 537, 539, 540, 541, 542, 543, 544, 545, 546, 548], "excluded_lines": []}, "init_audit_system": {"executed_lines": [], "summary": {"covered_lines": 0, "num_statements": 9, "percent_covered": 0.0, "percent_covered_display": "0.00", "missing_lines": 9, "excluded_lines": 0}, "missing_lines": [554, 556, 557, 560, 562, 563, 564, 565, 566], "excluded_lines": []}, "": {"executed_lines": [1, 6, 7, 8, 9, 10, 12, 13, 14, 15, 16, 18, 21, 22, 23, 24, 25, 26, 27, 28, 29, 30, 31, 32, 35, 36, 37, 38, 39, 40, 44, 45, 52, 53, 55, 56, 57, 58, 59, 60, 61, 62, 63, 64, 65, 66, 68, 72, 73, 74, 76, 77, 78, 79, 80, 81, 82, 83, 84, 85, 87, 91, 92, 94, 106, 160, 178, 198, 216, 230, 241, 262, 263, 265, 277, 326, 342, 358, 369, 380, 398, 399, 403, 450, 460, 472, 485, 486, 488, 489, 508, 509, 528, 529, 552], "summary": {"covered_lines": 85, "num_statements": 85, "percent_covered": 100.0, "percent_covered_display": "100.00", "missing_lines": 0, "excluded_lines": 2}, "missing_lines": [], "excluded_lines": [68, 87]}}, "classes": {"AuditAction": {"executed_lines": [], "summary": {"covered_lines": 0, "num_statements": 0, "percent_covered": 100.0, "percent_covered_display": "100.00", "missing_lines": 0, "excluded_lines": 0}, "missing_lines": [], "excluded_lines": []}, "AuditLevel": {"executed_lines": [], "summary": {"covered_lines": 0, "num_statements": 0, "percent_covered": 100.0, "percent_covered_display": "100.00", "missing_lines": 0, "excluded_lines": 0}, "missing_lines": [], "excluded_lines": []}, "CoreAuditLog": {"executed_lines": [], "summary": {"covered_lines": 0, "num_statements": 0, "percent_covered": 100.0, "percent_covered_display": "100.00", "missing_lines": 0, "excluded_lines": 1}, "missing_lines": [], "excluded_lines": [69]}, "SecurityEvent": {"executed_lines": [], "summary": {"covered_lines": 0, "num_statements": 0, "percent_covered": 100.0, "percent_covered_display": "100.00", "missing_lines": 0, "excluded_lines": 1}, "missing_lines": [], "excluded_lines": [88]}, "AuditLogger": {"executed_lines": [95, 96, 99, 100, 103, 104], "summary": {"covered_lines": 6, "num_statements": 35, "percent_covered": 17.142857142857142, "percent_covered_display": "17.14", "missing_lines": 29, "excluded_lines": 0}, "missing_lines": [120, 122, 136, 137, 138, 141, 142, 143, 145, 146, 147, 148, 149, 150, 152, 154, 156, 157, 158, 169, 188, 207, 218, 219, 221, 232, 249, 250, 252], "excluded_lines": []}, "SecurityEventLogger": {"executed_lines": [266, 267, 270, 271, 274, 275], "summary": {"covered_lines": 6, "num_statements": 35, "percent_covered": 17.142857142857142, "percent_covered_display": "17.14", "missing_lines": 29, "excluded_lines": 0}, "missing_lines": [288, 290, 300, 301, 302, 305, 306, 307, 308, 309, 311, 312, 313, 314, 315, 316, 318, 320, 322, 323, 324, 328, 333, 344, 350, 360, 371, 382, 387], "excluded_lines": []}, "AuditQuery": {"executed_lines": [], "summary": {"covered_lines": 0, "num_statements": 29, "percent_covered": 0.0, "percent_covered_display": "0.00", "missing_lines": 29, "excluded_lines": 0}, "missing_lines": [496, 497, 499, 500, 501, 502, 503, 504, 506, 516, 517, 519, 520, 521, 522, 523, 524, 526, 536, 537, 539, 540, 541, 542, 543, 544, 545, 546, 548], "excluded_lines": []}, "": {"executed_lines": [1, 6, 7, 8, 9, 10, 12, 13, 14, 15, 16, 18, 21, 22, 23, 24, 25, 26, 27, 28, 29, 30, 31, 32, 35, 36, 37, 38, 39, 40, 44, 45, 52, 53, 55, 56, 57, 58, 59, 60, 61, 62, 63, 64, 65, 66, 68, 72, 73, 74, 76, 77, 78, 79, 80, 81, 82, 83, 84, 85, 87, 91, 92, 94, 106, 160, 178, 198, 216, 230, 241, 262, 263, 265, 277, 326, 342, 358, 369, 380, 398, 399, 403, 450, 460, 472, 485, 486, 488, 489, 508, 509, 528, 529, 552], "summary": {"covered_lines": 85, "num_statements": 130, "percent_covered": 65.38461538461539, "percent_covered_display": "65.38", "missing_lines": 45, "excluded_lines": 2}, "missing_lines": [406, 407, 409, 410, 412, 413, 420, 422, 424, 425, 427, 428, 436, 438, 439, 446, 447, 452, 453, 454, 455, 456, 457, 462, 464, 465, 466, 467, 468, 469, 474, 477, 478, 479, 480, 481, 554, 556, 557, 560, 562, 563, 564, 565, 566], "excluded_lines": [68, 87]}}}, "backend/core/config.py": {"executed_lines": [1, 6, 7, 8, 9, 11, 12, 15, 16, 17, 18, 19, 20, 22, 23, 34, 35, 37, 43, 44, 45, 48, 49, 50, 51, 54, 55, 56, 57, 60, 61, 62, 63, 64, 65, 66, 67, 69, 70, 74, 75, 82, 88, 89, 90, 93, 95, 96, 99, 101, 108, 110, 112, 113, 115, 116, 118, 120, 121, 123, 127, 128, 129, 132, 134, 135, 137, 139, 141, 142, 143, 144, 149, 152, 158, 159, 160, 162, 166, 168, 170, 174, 178, 191, 192, 194, 195, 199, 200, 204, 205, 222, 228, 229, 231, 234, 235, 236, 244, 246, 247, 250, 251, 252, 255, 272, 273, 274, 277], "summary": {"covered_lines": 105, "num_statements": 160, "percent_covered": 65.625, "percent_covered_display": "65.62", "missing_lines": 55, "excluded_lines": 0}, "missing_lines": [25, 26, 28, 29, 30, 31, 72, 77, 100, 102, 103, 104, 105, 107, 109, 117, 124, 130, 138, 145, 146, 147, 153, 154, 155, 156, 164, 172, 176, 180, 182, 183, 184, 185, 186, 197, 202, 207, 224, 225, 238, 239, 240, 241, 242, 253, 258, 259, 262, 263, 264, 266, 267, 268, 270], "excluded_lines": [], "functions": {"SecurityConfig.validate_jwt_secret": {"executed_lines": [], "summary": {"covered_lines": 0, "num_statements": 6, "percent_covered": 0.0, "percent_covered_display": "0.00", "missing_lines": 6, "excluded_lines": 0}, "missing_lines": [25, 26, 28, 29, 30, 31], "excluded_lines": []}, "Settings.supabase_key": {"executed_lines": [], "summary": {"covered_lines": 0, "num_statements": 1, "percent_covered": 0.0, "percent_covered_display": "0.00", "missing_lines": 1, "excluded_lines": 0}, "missing_lines": [72], "excluded_lines": []}, "Settings.supabase_service_key": {"executed_lines": [], "summary": {"covered_lines": 0, "num_statements": 1, "percent_covered": 0.0, "percent_covered_display": "0.00", "missing_lines": 1, "excluded_lines": 0}, "missing_lines": [77], "excluded_lines": []}, "Settings.parse_allowed_origins": {"executed_lines": [99, 101, 108, 110], "summary": {"covered_lines": 4, "num_statements": 11, "percent_covered": 36.36363636363637, "percent_covered_display": "36.36", "missing_lines": 7, "excluded_lines": 0}, "missing_lines": [100, 102, 103, 104, 105, 107, 109], "excluded_lines": []}, "Settings.validate_env_name": {"executed_lines": [115, 116, 118], "summary": {"covered_lines": 3, "num_statements": 4, "percent_covered": 75.0, "percent_covered_display": "75.00", "missing_lines": 1, "excluded_lines": 0}, "missing_lines": [117], "excluded_lines": []}, "Settings.validate_database_url": {"executed_lines": [123, 127, 128, 129, 132], "summary": {"covered_lines": 5, "num_statements": 7, "percent_covered": 71.42857142857143, "percent_covered_display": "71.43", "missing_lines": 2, "excluded_lines": 0}, "missing_lines": [124, 130], "excluded_lines": []}, "Settings.validate_supabase_url": {"executed_lines": [137, 139], "summary": {"covered_lines": 2, "num_statements": 3, "percent_covered": 66.66666666666667, "percent_covered_display": "66.67", "missing_lines": 1, "excluded_lines": 0}, "missing_lines": [138], "excluded_lines": []}, "Settings.validate_supabase_fallback_url": {"executed_lines": [143, 144], "summary": {"covered_lines": 2, "num_statements": 5, "percent_covered": 40.0, "percent_covered_display": "40.00", "missing_lines": 3, "excluded_lines": 0}, "missing_lines": [145, 146, 147], "excluded_lines": []}, "Settings._validate_consistency": {"executed_lines": [152], "summary": {"covered_lines": 1, "num_statements": 5, "percent_covered": 20.0, "percent_covered_display": "20.00", "missing_lines": 4, "excluded_lines": 0}, "missing_lines": [153, 154, 155, 156], "excluded_lines": []}, "Settings.__init__": {"executed_lines": [159, 160], "summary": {"covered_lines": 2, "num_statements": 2, "percent_covered": 100.0, "percent_covered_display": "100.00", "missing_lines": 0, "excluded_lines": 0}, "missing_lines": [], "excluded_lines": []}, "Settings.is_production": {"executed_lines": [], "summary": {"covered_lines": 0, "num_statements": 1, "percent_covered": 0.0, "percent_covered_display": "0.00", "missing_lines": 1, "excluded_lines": 0}, "missing_lines": [164], "excluded_lines": []}, "Settings.is_development": {"executed_lines": [168], "summary": {"covered_lines": 1, "num_statements": 1, "percent_covered": 100.0, "percent_covered_display": "100.00", "missing_lines": 0, "excluded_lines": 0}, "missing_lines": [], "excluded_lines": []}, "Settings.get_allowed_origins": {"executed_lines": [], "summary": {"covered_lines": 0, "num_statements": 1, "percent_covered": 0.0, "percent_covered_display": "0.00", "missing_lines": 1, "excluded_lines": 0}, "missing_lines": [172], "excluded_lines": []}, "Settings.generate_secure_secret": {"executed_lines": [], "summary": {"covered_lines": 0, "num_statements": 1, "percent_covered": 0.0, "percent_covered_display": "0.00", "missing_lines": 1, "excluded_lines": 0}, "missing_lines": [176], "excluded_lines": []}, "Settings.validate_config": {"executed_lines": [], "summary": {"covered_lines": 0, "num_statements": 6, "percent_covered": 0.0, "percent_covered_display": "0.00", "missing_lines": 6, "excluded_lines": 0}, "missing_lines": [180, 182, 183, 184, 185, 186], "excluded_lines": []}, "ConfigGenerator.generate_jwt_secret": {"executed_lines": [], "summary": {"covered_lines": 0, "num_statements": 1, "percent_covered": 0.0, "percent_covered_display": "0.00", "missing_lines": 1, "excluded_lines": 0}, "missing_lines": [197], "excluded_lines": []}, "ConfigGenerator.generate_encryption_key": {"executed_lines": [], "summary": {"covered_lines": 0, "num_statements": 1, "percent_covered": 0.0, "percent_covered_display": "0.00", "missing_lines": 1, "excluded_lines": 0}, "missing_lines": [202], "excluded_lines": []}, "ConfigGenerator.generate_secure_config_template": {"executed_lines": [], "summary": {"covered_lines": 0, "num_statements": 1, "percent_covered": 0.0, "percent_covered_display": "0.00", "missing_lines": 1, "excluded_lines": 0}, "missing_lines": [207], "excluded_lines": []}, "validate_environment": {"executed_lines": [], "summary": {"covered_lines": 0, "num_statements": 2, "percent_covered": 0.0, "percent_covered_display": "0.00", "missing_lines": 2, "excluded_lines": 0}, "missing_lines": [224, 225], "excluded_lines": []}, "get_settings": {"executed_lines": [231, 234, 235, 236, 244, 246, 247, 250, 251, 252, 255, 272, 273, 274, 277], "summary": {"covered_lines": 15, "num_statements": 30, "percent_covered": 50.0, "percent_covered_display": "50.00", "missing_lines": 15, "excluded_lines": 0}, "missing_lines": [238, 239, 240, 241, 242, 253, 258, 259, 262, 263, 264, 266, 267, 268, 270], "excluded_lines": []}, "get_settings.validate_jwt_secret_strength": {"executed_lines": [], "summary": {"covered_lines": 0, "num_statements": 0, "percent_covered": 100.0, "percent_covered_display": "100.00", "missing_lines": 0, "excluded_lines": 0}, "missing_lines": [], "excluded_lines": []}, "get_settings.validate_encryption_key_strength": {"executed_lines": [], "summary": {"covered_lines": 0, "num_statements": 0, "percent_covered": 100.0, "percent_covered_display": "100.00", "missing_lines": 0, "excluded_lines": 0}, "missing_lines": [], "excluded_lines": []}, "get_settings.validate_database_url_security": {"executed_lines": [], "summary": {"covered_lines": 0, "num_statements": 0, "percent_covered": 100.0, "percent_covered_display": "100.00", "missing_lines": 0, "excluded_lines": 0}, "missing_lines": [], "excluded_lines": []}, "": {"executed_lines": [1, 6, 7, 8, 9, 11, 12, 15, 16, 17, 18, 19, 20, 22, 23, 34, 35, 37, 43, 44, 45, 48, 49, 50, 51, 54, 55, 56, 57, 60, 61, 62, 63, 64, 65, 66, 67, 69, 70, 74, 75, 82, 88, 89, 90, 93, 95, 96, 112, 113, 120, 121, 134, 135, 141, 142, 149, 158, 162, 166, 170, 174, 178, 191, 192, 194, 195, 199, 200, 204, 205, 222, 228, 229], "summary": {"covered_lines": 70, "num_statements": 70, "percent_covered": 100.0, "percent_covered_display": "100.00", "missing_lines": 0, "excluded_lines": 0}, "missing_lines": [], "excluded_lines": []}}, "classes": {"SecurityConfig": {"executed_lines": [], "summary": {"covered_lines": 0, "num_statements": 6, "percent_covered": 0.0, "percent_covered_display": "0.00", "missing_lines": 6, "excluded_lines": 0}, "missing_lines": [25, 26, 28, 29, 30, 31], "excluded_lines": []}, "Settings": {"executed_lines": [99, 101, 108, 110, 115, 116, 118, 123, 127, 128, 129, 132, 137, 139, 143, 144, 152, 159, 160, 168], "summary": {"covered_lines": 20, "num_statements": 49, "percent_covered": 40.816326530612244, "percent_covered_display": "40.82", "missing_lines": 29, "excluded_lines": 0}, "missing_lines": [72, 77, 100, 102, 103, 104, 105, 107, 109, 117, 124, 130, 138, 145, 146, 147, 153, 154, 155, 156, 164, 172, 176, 180, 182, 183, 184, 185, 186], "excluded_lines": []}, "ConfigGenerator": {"executed_lines": [], "summary": {"covered_lines": 0, "num_statements": 3, "percent_covered": 0.0, "percent_covered_display": "0.00", "missing_lines": 3, "excluded_lines": 0}, "missing_lines": [197, 202, 207], "excluded_lines": []}, "": {"executed_lines": [1, 6, 7, 8, 9, 11, 12, 15, 16, 17, 18, 19, 20, 22, 23, 34, 35, 37, 43, 44, 45, 48, 49, 50, 51, 54, 55, 56, 57, 60, 61, 62, 63, 64, 65, 66, 67, 69, 70, 74, 75, 82, 88, 89, 90, 93, 95, 96, 112, 113, 120, 121, 134, 135, 141, 142, 149, 158, 162, 166, 170, 174, 178, 191, 192, 194, 195, 199, 200, 204, 205, 222, 228, 229, 231, 234, 235, 236, 244, 246, 247, 250, 251, 252, 255, 272, 273, 274, 277], "summary": {"covered_lines": 85, "num_statements": 102, "percent_covered": 83.33333333333333, "percent_covered_display": "83.33", "missing_lines": 17, "excluded_lines": 0}, "missing_lines": [224, 225, 238, 239, 240, 241, 242, 253, 258, 259, 262, 263, 264, 266, 267, 268, 270], "excluded_lines": []}}}, "backend/core/db.py": {"executed_lines": [1, 6, 7, 8, 10, 11, 12, 13, 15, 16, 19, 20, 21, 36, 39, 40, 43, 44, 46, 47, 49, 51, 67, 68, 70, 73, 96, 98, 99, 101, 102, 110, 111, 116, 127, 128, 134, 135, 143, 146, 150, 151, 152, 154, 156, 157, 158, 159, 161, 164, 168, 169, 170, 176, 179, 199, 200, 202, 203, 204, 206, 215, 224, 234, 238, 249, 250, 252, 253, 273, 274, 300, 303, 321, 326], "summary": {"covered_lines": 71, "num_statements": 165, "percent_covered": 43.03030303030303, "percent_covered_display": "43.03", "missing_lines": 94, "excluded_lines": 0}, "missing_lines": [22, 24, 25, 53, 55, 56, 57, 62, 63, 64, 65, 74, 77, 80, 81, 83, 86, 89, 92, 93, 94, 113, 117, 129, 184, 185, 187, 188, 189, 191, 192, 193, 196, 208, 209, 210, 211, 212, 213, 217, 218, 219, 220, 221, 222, 226, 227, 228, 229, 230, 231, 232, 236, 240, 241, 242, 243, 244, 245, 246, 255, 256, 257, 259, 267, 268, 276, 277, 278, 280, 281, 282, 284, 286, 291, 292, 305, 307, 308, 311, 313, 314, 315, 316, 317, 323, 328, 329, 330, 331, 332, 333, 334, 335], "excluded_lines": [], "functions": {"get_db_settings": {"executed_lines": [20, 21], "summary": {"covered_lines": 2, "num_statements": 5, "percent_covered": 40.0, "percent_covered_display": "40.00", "missing_lines": 3, "excluded_lines": 0}, "missing_lines": [22, 24, 25], "excluded_lines": []}, "DatabaseConfig.create_ssl_context": {"executed_lines": [49, 51], "summary": {"covered_lines": 2, "num_statements": 10, "percent_covered": 20.0, "percent_covered_display": "20.00", "missing_lines": 8, "excluded_lines": 0}, "missing_lines": [53, 55, 56, 57, 62, 63, 64, 65], "excluded_lines": []}, "DatabaseConfig.get_database_url": {"executed_lines": [70, 73, 96], "summary": {"covered_lines": 3, "num_statements": 13, "percent_covered": 23.076923076923077, "percent_covered_display": "23.08", "missing_lines": 10, "excluded_lines": 0}, "missing_lines": [74, 77, 80, 81, 83, 86, 89, 92, 93, 94], "excluded_lines": []}, "DatabaseConfig.get_engine_kwargs": {"executed_lines": [101, 102, 110, 111, 116, 127, 128, 134, 135, 143], "summary": {"covered_lines": 10, "num_statements": 13, "percent_covered": 76.92307692307692, "percent_covered_display": "76.92", "missing_lines": 3, "excluded_lines": 0}, "missing_lines": [113, 117, 129], "excluded_lines": []}, "get_engine": {"executed_lines": [150, 151, 152, 154, 156, 157, 158, 159, 161], "summary": {"covered_lines": 9, "num_statements": 9, "percent_covered": 100.0, "percent_covered_display": "100.00", "missing_lines": 0, "excluded_lines": 0}, "missing_lines": [], "excluded_lines": []}, "get_session_factory": {"executed_lines": [168, 169, 170, 176], "summary": {"covered_lines": 4, "num_statements": 4, "percent_covered": 100.0, "percent_covered_display": "100.00", "missing_lines": 0, "excluded_lines": 0}, "missing_lines": [], "excluded_lines": []}, "get_db": {"executed_lines": [], "summary": {"covered_lines": 0, "num_statements": 9, "percent_covered": 0.0, "percent_covered_display": "0.00", "missing_lines": 9, "excluded_lines": 0}, "missing_lines": [184, 185, 187, 188, 189, 191, 192, 193, 196], "excluded_lines": []}, "DatabaseManager.__init__": {"executed_lines": [203, 204], "summary": {"covered_lines": 2, "num_statements": 2, "percent_covered": 100.0, "percent_covered_display": "100.00", "missing_lines": 0, "excluded_lines": 0}, "missing_lines": [], "excluded_lines": []}, "DatabaseManager.create_tables": {"executed_lines": [], "summary": {"covered_lines": 0, "num_statements": 6, "percent_covered": 0.0, "percent_covered_display": "0.00", "missing_lines": 6, "excluded_lines": 0}, "missing_lines": [208, 209, 210, 211, 212, 213], "excluded_lines": []}, "DatabaseManager.drop_tables": {"executed_lines": [], "summary": {"covered_lines": 0, "num_statements": 6, "percent_covered": 0.0, "percent_covered_display": "0.00", "missing_lines": 6, "excluded_lines": 0}, "missing_lines": [217, 218, 219, 220, 221, 222], "excluded_lines": []}, "DatabaseManager.check_connection": {"executed_lines": [], "summary": {"covered_lines": 0, "num_statements": 7, "percent_covered": 0.0, "percent_covered_display": "0.00", "missing_lines": 7, "excluded_lines": 0}, "missing_lines": [226, 227, 228, 229, 230, 231, 232], "excluded_lines": []}, "DatabaseManager.get_session": {"executed_lines": [], "summary": {"covered_lines": 0, "num_statements": 1, "percent_covered": 0.0, "percent_covered_display": "0.00", "missing_lines": 1, "excluded_lines": 0}, "missing_lines": [236], "excluded_lines": []}, "DatabaseManager.execute_sql": {"executed_lines": [], "summary": {"covered_lines": 0, "num_statements": 7, "percent_covered": 0.0, "percent_covered_display": "0.00", "missing_lines": 7, "excluded_lines": 0}, "missing_lines": [240, 241, 242, 243, 244, 245, 246], "excluded_lines": []}, "DatabaseHealthChecker.check_connection_pool": {"executed_lines": [], "summary": {"covered_lines": 0, "num_statements": 6, "percent_covered": 0.0, "percent_covered_display": "0.00", "missing_lines": 6, "excluded_lines": 0}, "missing_lines": [255, 256, 257, 259, 267, 268], "excluded_lines": []}, "DatabaseHealthChecker.check_database_latency": {"executed_lines": [], "summary": {"covered_lines": 0, "num_statements": 10, "percent_covered": 0.0, "percent_covered_display": "0.00", "missing_lines": 10, "excluded_lines": 0}, "missing_lines": [276, 277, 278, 280, 281, 282, 284, 286, 291, 292], "excluded_lines": []}, "init_database": {"executed_lines": [], "summary": {"covered_lines": 0, "num_statements": 9, "percent_covered": 0.0, "percent_covered_display": "0.00", "missing_lines": 9, "excluded_lines": 0}, "missing_lines": [305, 307, 308, 311, 313, 314, 315, 316, 317], "excluded_lines": []}, "get_db_session": {"executed_lines": [], "summary": {"covered_lines": 0, "num_statements": 1, "percent_covered": 0.0, "percent_covered_display": "0.00", "missing_lines": 1, "excluded_lines": 0}, "missing_lines": [323], "excluded_lines": []}, "execute_raw_sql": {"executed_lines": [], "summary": {"covered_lines": 0, "num_statements": 8, "percent_covered": 0.0, "percent_covered_display": "0.00", "missing_lines": 8, "excluded_lines": 0}, "missing_lines": [328, 329, 330, 331, 332, 333, 334, 335], "excluded_lines": []}, "": {"executed_lines": [1, 6, 7, 8, 10, 11, 12, 13, 15, 16, 19, 36, 39, 40, 43, 44, 46, 47, 67, 68, 98, 99, 146, 164, 179, 199, 200, 202, 206, 215, 224, 234, 238, 249, 250, 252, 253, 273, 274, 300, 303, 321, 326], "summary": {"covered_lines": 39, "num_statements": 39, "percent_covered": 100.0, "percent_covered_display": "100.00", "missing_lines": 0, "excluded_lines": 0}, "missing_lines": [], "excluded_lines": []}}, "classes": {"DatabaseConfig": {"executed_lines": [49, 51, 70, 73, 96, 101, 102, 110, 111, 116, 127, 128, 134, 135, 143], "summary": {"covered_lines": 15, "num_statements": 36, "percent_covered": 41.666666666666664, "percent_covered_display": "41.67", "missing_lines": 21, "excluded_lines": 0}, "missing_lines": [53, 55, 56, 57, 62, 63, 64, 65, 74, 77, 80, 81, 83, 86, 89, 92, 93, 94, 113, 117, 129], "excluded_lines": []}, "DatabaseManager": {"executed_lines": [203, 204], "summary": {"covered_lines": 2, "num_statements": 29, "percent_covered": 6.896551724137931, "percent_covered_display": "6.90", "missing_lines": 27, "excluded_lines": 0}, "missing_lines": [208, 209, 210, 211, 212, 213, 217, 218, 219, 220, 221, 222, 226, 227, 228, 229, 230, 231, 232, 236, 240, 241, 242, 243, 244, 245, 246], "excluded_lines": []}, "DatabaseHealthChecker": {"executed_lines": [], "summary": {"covered_lines": 0, "num_statements": 16, "percent_covered": 0.0, "percent_covered_display": "0.00", "missing_lines": 16, "excluded_lines": 0}, "missing_lines": [255, 256, 257, 259, 267, 268, 276, 277, 278, 280, 281, 282, 284, 286, 291, 292], "excluded_lines": []}, "": {"executed_lines": [1, 6, 7, 8, 10, 11, 12, 13, 15, 16, 19, 20, 21, 36, 39, 40, 43, 44, 46, 47, 67, 68, 98, 99, 146, 150, 151, 152, 154, 156, 157, 158, 159, 161, 164, 168, 169, 170, 176, 179, 199, 200, 202, 206, 215, 224, 234, 238, 249, 250, 252, 253, 273, 274, 300, 303, 321, 326], "summary": {"covered_lines": 54, "num_statements": 84, "percent_covered": 64.28571428571429, "percent_covered_display": "64.29", "missing_lines": 30, "excluded_lines": 0}, "missing_lines": [22, 24, 25, 184, 185, 187, 188, 189, 191, 192, 193, 196, 305, 307, 308, 311, 313, 314, 315, 316, 317, 323, 328, 329, 330, 331, 332, 333, 334, 335], "excluded_lines": []}}}, "backend/core/dependencies.py": {"executed_lines": [1, 5, 6, 7, 9, 10, 11, 13, 14, 16, 21, 24, 26, 29, 51, 53, 65, 67, 69, 70, 88, 122, 136, 137, 146, 148, 154, 157, 166, 167, 184, 187, 196, 199, 202, 203, 210, 212, 215, 220, 225, 230, 235, 241, 263, 288, 314, 324, 334, 344, 352, 362, 363, 366, 369, 371], "summary": {"covered_lines": 55, "num_statements": 98, "percent_covered": 56.12244897959184, "percent_covered_display": "56.12", "missing_lines": 43, "excluded_lines": 0}, "missing_lines": [54, 55, 56, 74, 79, 98, 99, 101, 103, 107, 108, 110, 111, 112, 113, 158, 169, 171, 172, 173, 174, 197, 217, 222, 227, 232, 237, 274, 275, 278, 281, 282, 285, 297, 300, 301, 308, 310, 320, 330, 340, 350, 364], "excluded_lines": [], "functions": {"_auth_user_to_db_user": {"executed_lines": [51, 53, 65, 67, 69, 70], "summary": {"covered_lines": 6, "num_statements": 11, "percent_covered": 54.54545454545455, "percent_covered_display": "54.55", "missing_lines": 5, "excluded_lines": 0}, "missing_lines": [54, 55, 56, 74, 79], "excluded_lines": []}, "get_current_user_optional": {"executed_lines": [], "summary": {"covered_lines": 0, "num_statements": 10, "percent_covered": 0.0, "percent_covered_display": "0.00", "missing_lines": 10, "excluded_lines": 0}, "missing_lines": [98, 99, 101, 103, 107, 108, 110, 111, 112, 113], "excluded_lines": []}, "get_current_active_user": {"executed_lines": [136, 137, 146, 148, 154, 157, 166, 167], "summary": {"covered_lines": 8, "num_statements": 14, "percent_covered": 57.142857142857146, "percent_covered_display": "57.14", "missing_lines": 6, "excluded_lines": 0}, "missing_lines": [158, 169, 171, 172, 173, 174], "excluded_lines": []}, "require_role": {"executed_lines": [196, 199, 212], "summary": {"covered_lines": 3, "num_statements": 4, "percent_covered": 75.0, "percent_covered_display": "75.00", "missing_lines": 1, "excluded_lines": 0}, "missing_lines": [197], "excluded_lines": []}, "require_role.role_checker": {"executed_lines": [202, 203, 210], "summary": {"covered_lines": 3, "num_statements": 3, "percent_covered": 100.0, "percent_covered_display": "100.00", "missing_lines": 0, "excluded_lines": 0}, "missing_lines": [], "excluded_lines": []}, "require_admin": {"executed_lines": [], "summary": {"covered_lines": 0, "num_statements": 1, "percent_covered": 0.0, "percent_covered_display": "0.00", "missing_lines": 1, "excluded_lines": 0}, "missing_lines": [217], "excluded_lines": []}, "require_finance": {"executed_lines": [], "summary": {"covered_lines": 0, "num_statements": 1, "percent_covered": 0.0, "percent_covered_display": "0.00", "missing_lines": 1, "excluded_lines": 0}, "missing_lines": [222], "excluded_lines": []}, "require_data_operator": {"executed_lines": [], "summary": {"covered_lines": 0, "num_statements": 1, "percent_covered": 0.0, "percent_covered_display": "0.00", "missing_lines": 1, "excluded_lines": 0}, "missing_lines": [227], "excluded_lines": []}, "require_account_manager": {"executed_lines": [], "summary": {"covered_lines": 0, "num_statements": 1, "percent_covered": 0.0, "percent_covered_display": "0.00", "missing_lines": 1, "excluded_lines": 0}, "missing_lines": [232], "excluded_lines": []}, "require_media_buyer": {"executed_lines": [], "summary": {"covered_lines": 0, "num_statements": 1, "percent_covered": 0.0, "percent_covered_display": "0.00", "missing_lines": 1, "excluded_lines": 0}, "missing_lines": [237], "excluded_lines": []}, "has_permission": {"executed_lines": [], "summary": {"covered_lines": 0, "num_statements": 6, "percent_covered": 0.0, "percent_covered_display": "0.00", "missing_lines": 6, "excluded_lines": 0}, "missing_lines": [274, 275, 278, 281, 282, 285], "excluded_lines": []}, "require_permission": {"executed_lines": [], "summary": {"covered_lines": 0, "num_statements": 2, "percent_covered": 0.0, "percent_covered_display": "0.00", "missing_lines": 2, "excluded_lines": 0}, "missing_lines": [297, 310], "excluded_lines": []}, "require_permission.permission_checker": {"executed_lines": [], "summary": {"covered_lines": 0, "num_statements": 3, "percent_covered": 0.0, "percent_covered_display": "0.00", "missing_lines": 3, "excluded_lines": 0}, "missing_lines": [300, 301, 308], "excluded_lines": []}, "require_project_access": {"executed_lines": [], "summary": {"covered_lines": 0, "num_statements": 1, "percent_covered": 0.0, "percent_covered_display": "0.00", "missing_lines": 1, "excluded_lines": 0}, "missing_lines": [320], "excluded_lines": []}, "require_account_access": {"executed_lines": [], "summary": {"covered_lines": 0, "num_statements": 1, "percent_covered": 0.0, "percent_covered_display": "0.00", "missing_lines": 1, "excluded_lines": 0}, "missing_lines": [330], "excluded_lines": []}, "require_finance_access": {"executed_lines": [], "summary": {"covered_lines": 0, "num_statements": 1, "percent_covered": 0.0, "percent_covered_display": "0.00", "missing_lines": 1, "excluded_lines": 0}, "missing_lines": [340], "excluded_lines": []}, "require_report_access": {"executed_lines": [], "summary": {"covered_lines": 0, "num_statements": 1, "percent_covered": 0.0, "percent_covered_display": "0.00", "missing_lines": 1, "excluded_lines": 0}, "missing_lines": [350], "excluded_lines": []}, "get_client_info": {"executed_lines": [362, 363, 366, 369, 371], "summary": {"covered_lines": 5, "num_statements": 6, "percent_covered": 83.33333333333333, "percent_covered_display": "83.33", "missing_lines": 1, "excluded_lines": 0}, "missing_lines": [364], "excluded_lines": []}, "": {"executed_lines": [1, 5, 6, 7, 9, 10, 11, 13, 14, 16, 21, 24, 26, 29, 88, 122, 184, 187, 215, 220, 225, 230, 235, 241, 263, 288, 314, 324, 334, 344, 352], "summary": {"covered_lines": 30, "num_statements": 30, "percent_covered": 100.0, "percent_covered_display": "100.00", "missing_lines": 0, "excluded_lines": 0}, "missing_lines": [], "excluded_lines": []}}, "classes": {"": {"executed_lines": [1, 5, 6, 7, 9, 10, 11, 13, 14, 16, 21, 24, 26, 29, 51, 53, 65, 67, 69, 70, 88, 122, 136, 137, 146, 148, 154, 157, 166, 167, 184, 187, 196, 199, 202, 203, 210, 212, 215, 220, 225, 230, 235, 241, 263, 288, 314, 324, 334, 344, 352, 362, 363, 366, 369, 371], "summary": {"covered_lines": 55, "num_statements": 98, "percent_covered": 56.12244897959184, "percent_covered_display": "56.12", "missing_lines": 43, "excluded_lines": 0}, "missing_lines": [54, 55, 56, 74, 79, 98, 99, 101, 103, 107, 108, 110, 111, 112, 113, 158, 169, 171, 172, 173, 174, 197, 217, 222, 227, 232, 237, 274, 275, 278, 281, 282, 285, 297, 300, 301, 308, 310, 320, 330, 340, 350, 364], "excluded_lines": []}}}, "backend/core/error_codes.py": {"executed_lines": [1, 14, 17, 18, 19, 20, 21, 22, 24, 36, 37, 40, 46, 52, 58, 64, 71, 77, 83, 90, 96, 102, 108, 114, 120, 126, 133, 139, 145, 152, 158, 164, 171, 177, 184, 190, 196, 207, 208, 211, 217, 223, 230, 236, 243, 249, 256, 262, 269, 275, 281, 288, 294, 300, 306, 313, 319, 325, 331, 337, 343, 349, 355, 361, 368, 374, 380, 386, 392, 398, 404, 410, 417, 428, 429, 431, 437, 443, 449, 460, 461, 463, 469, 475, 481, 487, 498, 499, 501, 507, 513, 519, 525, 531, 538, 544, 550, 556, 562, 568, 580, 581, 584, 590, 597, 603, 609, 616, 623, 630, 641, 745], "summary": {"covered_lines": 104, "num_statements": 106, "percent_covered": 98.11320754716981, "percent_covered_display": "98.11", "missing_lines": 2, "excluded_lines": 0}, "missing_lines": [25, 755], "excluded_lines": [], "functions": {"ErrorCode.__init__": {"executed_lines": [20, 21, 22], "summary": {"covered_lines": 3, "num_statements": 3, "percent_covered": 100.0, "percent_covered_display": "100.00", "missing_lines": 0, "excluded_lines": 0}, "missing_lines": [], "excluded_lines": []}, "ErrorCode.to_dict": {"executed_lines": [], "summary": {"covered_lines": 0, "num_statements": 1, "percent_covered": 0.0, "percent_covered_display": "0.00", "missing_lines": 1, "excluded_lines": 0}, "missing_lines": [25], "excluded_lines": []}, "get_error_code": {"executed_lines": [], "summary": {"covered_lines": 0, "num_statements": 1, "percent_covered": 0.0, "percent_covered_display": "0.00", "missing_lines": 1, "excluded_lines": 0}, "missing_lines": [755], "excluded_lines": []}, "": {"executed_lines": [1, 14, 17, 18, 19, 24, 36, 37, 40, 46, 52, 58, 64, 71, 77, 83, 90, 96, 102, 108, 114, 120, 126, 133, 139, 145, 152, 158, 164, 171, 177, 184, 190, 196, 207, 208, 211, 217, 223, 230, 236, 243, 249, 256, 262, 269, 275, 281, 288, 294, 300, 306, 313, 319, 325, 331, 337, 343, 349, 355, 361, 368, 374, 380, 386, 392, 398, 404, 410, 417, 428, 429, 431, 437, 443, 449, 460, 461, 463, 469, 475, 481, 487, 498, 499, 501, 507, 513, 519, 525, 531, 538, 544, 550, 556, 562, 568, 580, 581, 584, 590, 597, 603, 609, 616, 623, 630, 641, 745], "summary": {"covered_lines": 101, "num_statements": 101, "percent_covered": 100.0, "percent_covered_display": "100.00", "missing_lines": 0, "excluded_lines": 0}, "missing_lines": [], "excluded_lines": []}}, "classes": {"ErrorCode": {"executed_lines": [20, 21, 22], "summary": {"covered_lines": 3, "num_statements": 4, "percent_covered": 75.0, "percent_covered_display": "75.00", "missing_lines": 1, "excluded_lines": 0}, "missing_lines": [25], "excluded_lines": []}, "AuthErrorCodes": {"executed_lines": [], "summary": {"covered_lines": 0, "num_statements": 0, "percent_covered": 100.0, "percent_covered_display": "100.00", "missing_lines": 0, "excluded_lines": 0}, "missing_lines": [], "excluded_lines": []}, "BusinessErrorCodes": {"executed_lines": [], "summary": {"covered_lines": 0, "num_statements": 0, "percent_covered": 100.0, "percent_covered_display": "100.00", "missing_lines": 0, "excluded_lines": 0}, "missing_lines": [], "excluded_lines": []}, "SystemErrorCodes": {"executed_lines": [], "summary": {"covered_lines": 0, "num_statements": 0, "percent_covered": 100.0, "percent_covered_display": "100.00", "missing_lines": 0, "excluded_lines": 0}, "missing_lines": [], "excluded_lines": []}, "DatabaseErrorCodes": {"executed_lines": [], "summary": {"covered_lines": 0, "num_statements": 0, "percent_covered": 100.0, "percent_covered_display": "100.00", "missing_lines": 0, "excluded_lines": 0}, "missing_lines": [], "excluded_lines": []}, "ValidationErrorCodes": {"executed_lines": [], "summary": {"covered_lines": 0, "num_statements": 0, "percent_covered": 100.0, "percent_covered_display": "100.00", "missing_lines": 0, "excluded_lines": 0}, "missing_lines": [], "excluded_lines": []}, "ProfitErrorCodes": {"executed_lines": [], "summary": {"covered_lines": 0, "num_statements": 0, "percent_covered": 100.0, "percent_covered_display": "100.00", "missing_lines": 0, "excluded_lines": 0}, "missing_lines": [], "excluded_lines": []}, "": {"executed_lines": [1, 14, 17, 18, 19, 24, 36, 37, 40, 46, 52, 58, 64, 71, 77, 83, 90, 96, 102, 108, 114, 120, 126, 133, 139, 145, 152, 158, 164, 171, 177, 184, 190, 196, 207, 208, 211, 217, 223, 230, 236, 243, 249, 256, 262, 269, 275, 281, 288, 294, 300, 306, 313, 319, 325, 331, 337, 343, 349, 355, 361, 368, 374, 380, 386, 392, 398, 404, 410, 417, 428, 429, 431, 437, 443, 449, 460, 461, 463, 469, 475, 481, 487, 498, 499, 501, 507, 513, 519, 525, 531, 538, 544, 550, 556, 562, 568, 580, 581, 584, 590, 597, 603, 609, 616, 623, 630, 641, 745], "summary": {"covered_lines": 101, "num_statements": 102, "percent_covered": 99.01960784313725, "percent_covered_display": "99.02", "missing_lines": 1, "excluded_lines": 0}, "missing_lines": [755], "excluded_lines": []}}}, "backend/core/logging.py": {"executed_lines": [1, 6, 7, 8, 9, 10, 12, 13, 14, 17, 37, 44, 55, 56, 57, 58, 60, 63, 64, 66, 101, 107, 108, 109, 173, 174, 175, 176, 180, 181, 184, 194, 198, 199, 200, 203, 210, 212, 213, 214, 215, 221, 228, 231, 232, 239, 258, 259, 260, 262, 264, 267, 314, 361, 362, 364, 365, 369, 373, 377, 381, 385, 396, 410], "summary": {"covered_lines": 61, "num_statements": 144, "percent_covered": 42.361111111111114, "percent_covered_display": "42.36", "missing_lines": 83, "excluded_lines": 0}, "missing_lines": [68, 69, 72, 75, 84, 85, 86, 89, 96, 98, 110, 111, 114, 115, 116, 119, 126, 128, 129, 130, 131, 137, 144, 147, 148, 155, 157, 159, 160, 171, 186, 187, 188, 190, 195, 241, 243, 244, 255, 272, 273, 274, 275, 277, 283, 285, 288, 289, 294, 296, 298, 299, 308, 310, 311, 318, 319, 320, 321, 322, 324, 330, 332, 335, 336, 341, 343, 345, 346, 355, 357, 358, 367, 371, 375, 379, 383, 387, 398, 400, 401, 407, 412], "excluded_lines": [], "functions": {"RequestIDMiddleware.dispatch": {"executed_lines": [], "summary": {"covered_lines": 0, "num_statements": 10, "percent_covered": 0.0, "percent_covered_display": "0.00", "missing_lines": 10, "excluded_lines": 0}, "missing_lines": [68, 69, 72, 75, 84, 85, 86, 89, 96, 98], "excluded_lines": []}, "log_requests": {"executed_lines": [107, 108, 264], "summary": {"covered_lines": 3, "num_statements": 3, "percent_covered": 100.0, "percent_covered_display": "100.00", "missing_lines": 0, "excluded_lines": 0}, "missing_lines": [], "excluded_lines": []}, "log_requests.decorator": {"executed_lines": [109, 173, 174, 258, 259, 260, 262], "summary": {"covered_lines": 7, "num_statements": 7, "percent_covered": 100.0, "percent_covered_display": "100.00", "missing_lines": 0, "excluded_lines": 0}, "missing_lines": [], "excluded_lines": []}, "log_requests.decorator.sync_wrapper": {"executed_lines": [], "summary": {"covered_lines": 0, "num_statements": 20, "percent_covered": 0.0, "percent_covered_display": "0.00", "missing_lines": 20, "excluded_lines": 0}, "missing_lines": [110, 111, 114, 115, 116, 119, 126, 128, 129, 130, 131, 137, 144, 147, 148, 155, 157, 159, 160, 171], "excluded_lines": []}, "log_requests.decorator.async_wrapper": {"executed_lines": [175, 176, 180, 181, 184, 194, 198, 199, 200, 203, 210, 212, 213, 214, 215, 221, 228, 231, 232, 239], "summary": {"covered_lines": 20, "num_statements": 29, "percent_covered": 68.96551724137932, "percent_covered_display": "68.97", "missing_lines": 9, "excluded_lines": 0}, "missing_lines": [186, 187, 188, 190, 195, 241, 243, 244, 255], "excluded_lines": []}, "log_service_calls": {"executed_lines": [], "summary": {"covered_lines": 0, "num_statements": 3, "percent_covered": 0.0, "percent_covered_display": "0.00", "missing_lines": 3, "excluded_lines": 0}, "missing_lines": [272, 273, 311], "excluded_lines": []}, "log_service_calls.decorator": {"executed_lines": [], "summary": {"covered_lines": 0, "num_statements": 2, "percent_covered": 0.0, "percent_covered_display": "0.00", "missing_lines": 2, "excluded_lines": 0}, "missing_lines": [274, 310], "excluded_lines": []}, "log_service_calls.decorator.wrapper": {"executed_lines": [], "summary": {"covered_lines": 0, "num_statements": 11, "percent_covered": 0.0, "percent_covered_display": "0.00", "missing_lines": 11, "excluded_lines": 0}, "missing_lines": [275, 277, 283, 285, 288, 289, 294, 296, 298, 299, 308], "excluded_lines": []}, "log_function_calls": {"executed_lines": [], "summary": {"covered_lines": 0, "num_statements": 3, "percent_covered": 0.0, "percent_covered_display": "0.00", "missing_lines": 3, "excluded_lines": 0}, "missing_lines": [318, 319, 358], "excluded_lines": []}, "log_function_calls.decorator": {"executed_lines": [], "summary": {"covered_lines": 0, "num_statements": 2, "percent_covered": 0.0, "percent_covered_display": "0.00", "missing_lines": 2, "excluded_lines": 0}, "missing_lines": [320, 357], "excluded_lines": []}, "log_function_calls.decorator.wrapper": {"executed_lines": [], "summary": {"covered_lines": 0, "num_statements": 12, "percent_covered": 0.0, "percent_covered_display": "0.00", "missing_lines": 12, "excluded_lines": 0}, "missing_lines": [321, 322, 324, 330, 332, 335, 336, 341, 343, 345, 346, 355], "excluded_lines": []}, "LoggingMixin._logger": {"executed_lines": [], "summary": {"covered_lines": 0, "num_statements": 1, "percent_covered": 0.0, "percent_covered_display": "0.00", "missing_lines": 1, "excluded_lines": 0}, "missing_lines": [367], "excluded_lines": []}, "LoggingMixin.log_info": {"executed_lines": [], "summary": {"covered_lines": 0, "num_statements": 1, "percent_covered": 0.0, "percent_covered_display": "0.00", "missing_lines": 1, "excluded_lines": 0}, "missing_lines": [371], "excluded_lines": []}, "LoggingMixin.log_warning": {"executed_lines": [], "summary": {"covered_lines": 0, "num_statements": 1, "percent_covered": 0.0, "percent_covered_display": "0.00", "missing_lines": 1, "excluded_lines": 0}, "missing_lines": [375], "excluded_lines": []}, "LoggingMixin.log_error": {"executed_lines": [], "summary": {"covered_lines": 0, "num_statements": 1, "percent_covered": 0.0, "percent_covered_display": "0.00", "missing_lines": 1, "excluded_lines": 0}, "missing_lines": [379], "excluded_lines": []}, "LoggingMixin.log_debug": {"executed_lines": [], "summary": {"covered_lines": 0, "num_statements": 1, "percent_covered": 0.0, "percent_covered_display": "0.00", "missing_lines": 1, "excluded_lines": 0}, "missing_lines": [383], "excluded_lines": []}, "LoggingMixin.log_exception": {"executed_lines": [], "summary": {"covered_lines": 0, "num_statements": 1, "percent_covered": 0.0, "percent_covered_display": "0.00", "missing_lines": 1, "excluded_lines": 0}, "missing_lines": [387], "excluded_lines": []}, "setup_user_context": {"executed_lines": [], "summary": {"covered_lines": 0, "num_statements": 4, "percent_covered": 0.0, "percent_covered_display": "0.00", "missing_lines": 4, "excluded_lines": 0}, "missing_lines": [398, 400, 401, 407], "excluded_lines": []}, "create_request_logger": {"executed_lines": [], "summary": {"covered_lines": 0, "num_statements": 1, "percent_covered": 0.0, "percent_covered_display": "0.00", "missing_lines": 1, "excluded_lines": 0}, "missing_lines": [412], "excluded_lines": []}, "": {"executed_lines": [1, 6, 7, 8, 9, 10, 12, 13, 14, 17, 37, 44, 55, 56, 57, 58, 60, 63, 64, 66, 101, 267, 314, 361, 362, 364, 365, 369, 373, 377, 381, 385, 396, 410], "summary": {"covered_lines": 31, "num_statements": 31, "percent_covered": 100.0, "percent_covered_display": "100.00", "missing_lines": 0, "excluded_lines": 0}, "missing_lines": [], "excluded_lines": []}}, "classes": {"RequestIDMiddleware": {"executed_lines": [], "summary": {"covered_lines": 0, "num_statements": 10, "percent_covered": 0.0, "percent_covered_display": "0.00", "missing_lines": 10, "excluded_lines": 0}, "missing_lines": [68, 69, 72, 75, 84, 85, 86, 89, 96, 98], "excluded_lines": []}, "LoggingMixin": {"executed_lines": [], "summary": {"covered_lines": 0, "num_statements": 6, "percent_covered": 0.0, "percent_covered_display": "0.00", "missing_lines": 6, "excluded_lines": 0}, "missing_lines": [367, 371, 375, 379, 383, 387], "excluded_lines": []}, "": {"executed_lines": [1, 6, 7, 8, 9, 10, 12, 13, 14, 17, 37, 44, 55, 56, 57, 58, 60, 63, 64, 66, 101, 107, 108, 109, 173, 174, 175, 176, 180, 181, 184, 194, 198, 199, 200, 203, 210, 212, 213, 214, 215, 221, 228, 231, 232, 239, 258, 259, 260, 262, 264, 267, 314, 361, 362, 364, 365, 369, 373, 377, 381, 385, 396, 410], "summary": {"covered_lines": 61, "num_statements": 128, "percent_covered": 47.65625, "percent_covered_display": "47.66", "missing_lines": 67, "excluded_lines": 0}, "missing_lines": [110, 111, 114, 115, 116, 119, 126, 128, 129, 130, 131, 137, 144, 147, 148, 155, 157, 159, 160, 171, 186, 187, 188, 190, 195, 241, 243, 244, 255, 272, 273, 274, 275, 277, 283, 285, 288, 289, 294, 296, 298, 299, 308, 310, 311, 318, 319, 320, 321, 322, 324, 330, 332, 335, 336, 341, 343, 345, 346, 355, 357, 358, 398, 400, 401, 407, 412], "excluded_lines": []}}}, "backend/core/permissions.py": {"executed_lines": [], "summary": {"covered_lines": 0, "num_statements": 133, "percent_covered": 0.0, "percent_covered_display": "0.00", "missing_lines": 133, "excluded_lines": 0}, "missing_lines": [6, 7, 8, 10, 12, 13, 19, 22, 25, 28, 29, 30, 31, 34, 35, 36, 37, 40, 41, 42, 43, 46, 47, 48, 49, 50, 53, 54, 55, 56, 57, 60, 61, 62, 63, 66, 67, 70, 71, 74, 77, 78, 82, 136, 148, 149, 150, 151, 157, 160, 161, 163, 166, 168, 169, 171, 174, 176, 177, 179, 180, 182, 185, 190, 193, 198, 201, 206, 209, 214, 215, 216, 218, 219, 223, 224, 227, 232, 237, 238, 243, 244, 247, 252, 256, 257, 261, 262, 265, 268, 269, 270, 272, 273, 275, 276, 277, 279, 281, 283, 285, 287, 289, 291, 293, 294, 295, 297, 299, 300, 301, 304, 306, 310, 312, 313, 317, 320, 322, 323, 327, 330, 332, 333, 337, 340, 342, 343, 347, 350, 352, 353, 357], "excluded_lines": [], "functions": {"get_user_permissions": {"executed_lines": [], "summary": {"covered_lines": 0, "num_statements": 8, "percent_covered": 0.0, "percent_covered_display": "0.00", "missing_lines": 8, "excluded_lines": 0}, "missing_lines": [148, 149, 150, 151, 157, 160, 161, 163], "excluded_lines": []}, "check_role_permission": {"executed_lines": [], "summary": {"covered_lines": 0, "num_statements": 3, "percent_covered": 0.0, "percent_covered_display": "0.00", "missing_lines": 3, "excluded_lines": 0}, "missing_lines": [168, 169, 171], "excluded_lines": []}, "check_user_permission": {"executed_lines": [], "summary": {"covered_lines": 0, "num_statements": 5, "percent_covered": 0.0, "percent_covered_display": "0.00", "missing_lines": 5, "excluded_lines": 0}, "missing_lines": [176, 177, 179, 180, 182], "excluded_lines": []}, "require_roles": {"executed_lines": [], "summary": {"covered_lines": 0, "num_statements": 1, "percent_covered": 0.0, "percent_covered_display": "0.00", "missing_lines": 1, "excluded_lines": 0}, "missing_lines": [190], "excluded_lines": []}, "require_permissions": {"executed_lines": [], "summary": {"covered_lines": 0, "num_statements": 1, "percent_covered": 0.0, "percent_covered_display": "0.00", "missing_lines": 1, "excluded_lines": 0}, "missing_lines": [198], "excluded_lines": []}, "require_any_role": {"executed_lines": [], "summary": {"covered_lines": 0, "num_statements": 1, "percent_covered": 0.0, "percent_covered_display": "0.00", "missing_lines": 1, "excluded_lines": 0}, "missing_lines": [206], "excluded_lines": []}, "require_any_permission": {"executed_lines": [], "summary": {"covered_lines": 0, "num_statements": 2, "percent_covered": 0.0, "percent_covered_display": "0.00", "missing_lines": 2, "excluded_lines": 0}, "missing_lines": [214, 224], "excluded_lines": []}, "require_any_permission.permission_dependency": {"executed_lines": [], "summary": {"covered_lines": 0, "num_statements": 5, "percent_covered": 0.0, "percent_covered_display": "0.00", "missing_lines": 5, "excluded_lines": 0}, "missing_lines": [215, 216, 218, 219, 223], "excluded_lines": []}, "require_project_access": {"executed_lines": [], "summary": {"covered_lines": 0, "num_statements": 2, "percent_covered": 0.0, "percent_covered_display": "0.00", "missing_lines": 2, "excluded_lines": 0}, "missing_lines": [232, 244], "excluded_lines": []}, "require_project_access.project_dependency": {"executed_lines": [], "summary": {"covered_lines": 0, "num_statements": 3, "percent_covered": 0.0, "percent_covered_display": "0.00", "missing_lines": 3, "excluded_lines": 0}, "missing_lines": [237, 238, 243], "excluded_lines": []}, "require_account_access": {"executed_lines": [], "summary": {"covered_lines": 0, "num_statements": 2, "percent_covered": 0.0, "percent_covered_display": "0.00", "missing_lines": 2, "excluded_lines": 0}, "missing_lines": [252, 262], "excluded_lines": []}, "require_account_access.account_dependency": {"executed_lines": [], "summary": {"covered_lines": 0, "num_statements": 3, "percent_covered": 0.0, "percent_covered_display": "0.00", "missing_lines": 3, "excluded_lines": 0}, "missing_lines": [256, 257, 261], "excluded_lines": []}, "PermissionChecker.__init__": {"executed_lines": [], "summary": {"covered_lines": 0, "num_statements": 2, "percent_covered": 0.0, "percent_covered_display": "0.00", "missing_lines": 2, "excluded_lines": 0}, "missing_lines": [269, 270], "excluded_lines": []}, "PermissionChecker.permissions": {"executed_lines": [], "summary": {"covered_lines": 0, "num_statements": 3, "percent_covered": 0.0, "percent_covered_display": "0.00", "missing_lines": 3, "excluded_lines": 0}, "missing_lines": [275, 276, 277], "excluded_lines": []}, "PermissionChecker.has_role": {"executed_lines": [], "summary": {"covered_lines": 0, "num_statements": 1, "percent_covered": 0.0, "percent_covered_display": "0.00", "missing_lines": 1, "excluded_lines": 0}, "missing_lines": [281], "excluded_lines": []}, "PermissionChecker.has_any_role": {"executed_lines": [], "summary": {"covered_lines": 0, "num_statements": 1, "percent_covered": 0.0, "percent_covered_display": "0.00", "missing_lines": 1, "excluded_lines": 0}, "missing_lines": [285], "excluded_lines": []}, "PermissionChecker.has_permission": {"executed_lines": [], "summary": {"covered_lines": 0, "num_statements": 1, "percent_covered": 0.0, "percent_covered_display": "0.00", "missing_lines": 1, "excluded_lines": 0}, "missing_lines": [289], "excluded_lines": []}, "PermissionChecker.has_any_permission": {"executed_lines": [], "summary": {"covered_lines": 0, "num_statements": 3, "percent_covered": 0.0, "percent_covered_display": "0.00", "missing_lines": 3, "excluded_lines": 0}, "missing_lines": [293, 294, 295], "excluded_lines": []}, "PermissionChecker.has_all_permissions": {"executed_lines": [], "summary": {"covered_lines": 0, "num_statements": 3, "percent_covered": 0.0, "percent_covered_display": "0.00", "missing_lines": 3, "excluded_lines": 0}, "missing_lines": [299, 300, 301], "excluded_lines": []}, "get_permission_checker": {"executed_lines": [], "summary": {"covered_lines": 0, "num_statements": 1, "percent_covered": 0.0, "percent_covered_display": "0.00", "missing_lines": 1, "excluded_lines": 0}, "missing_lines": [306], "excluded_lines": []}, "admin_required": {"executed_lines": [], "summary": {"covered_lines": 0, "num_statements": 3, "percent_covered": 0.0, "percent_covered_display": "0.00", "missing_lines": 3, "excluded_lines": 0}, "missing_lines": [312, 313, 317], "excluded_lines": []}, "finance_required": {"executed_lines": [], "summary": {"covered_lines": 0, "num_statements": 3, "percent_covered": 0.0, "percent_covered_display": "0.00", "missing_lines": 3, "excluded_lines": 0}, "missing_lines": [322, 323, 327], "excluded_lines": []}, "account_manager_required": {"executed_lines": [], "summary": {"covered_lines": 0, "num_statements": 3, "percent_covered": 0.0, "percent_covered_display": "0.00", "missing_lines": 3, "excluded_lines": 0}, "missing_lines": [332, 333, 337], "excluded_lines": []}, "data_operator_required": {"executed_lines": [], "summary": {"covered_lines": 0, "num_statements": 3, "percent_covered": 0.0, "percent_covered_display": "0.00", "missing_lines": 3, "excluded_lines": 0}, "missing_lines": [342, 343, 347], "excluded_lines": []}, "media_buyer_required": {"executed_lines": [], "summary": {"covered_lines": 0, "num_statements": 3, "percent_covered": 0.0, "percent_covered_display": "0.00", "missing_lines": 3, "excluded_lines": 0}, "missing_lines": [352, 353, 357], "excluded_lines": []}, "": {"executed_lines": [], "summary": {"covered_lines": 0, "num_statements": 67, "percent_covered": 0.0, "percent_covered_display": "0.00", "missing_lines": 67, "excluded_lines": 0}, "missing_lines": [6, 7, 8, 10, 12, 13, 19, 22, 25, 28, 29, 30, 31, 34, 35, 36, 37, 40, 41, 42, 43, 46, 47, 48, 49, 50, 53, 54, 55, 56, 57, 60, 61, 62, 63, 66, 67, 70, 71, 74, 77, 78, 82, 136, 166, 174, 185, 193, 201, 209, 227, 247, 265, 268, 272, 273, 279, 283, 287, 291, 297, 304, 310, 320, 330, 340, 350], "excluded_lines": []}}, "classes": {"Permission": {"executed_lines": [], "summary": {"covered_lines": 0, "num_statements": 0, "percent_covered": 100.0, "percent_covered_display": "100.00", "missing_lines": 0, "excluded_lines": 0}, "missing_lines": [], "excluded_lines": []}, "PermissionChecker": {"executed_lines": [], "summary": {"covered_lines": 0, "num_statements": 14, "percent_covered": 0.0, "percent_covered_display": "0.00", "missing_lines": 14, "excluded_lines": 0}, "missing_lines": [269, 270, 275, 276, 277, 281, 285, 289, 293, 294, 295, 299, 300, 301], "excluded_lines": []}, "": {"executed_lines": [], "summary": {"covered_lines": 0, "num_statements": 119, "percent_covered": 0.0, "percent_covered_display": "0.00", "missing_lines": 119, "excluded_lines": 0}, "missing_lines": [6, 7, 8, 10, 12, 13, 19, 22, 25, 28, 29, 30, 31, 34, 35, 36, 37, 40, 41, 42, 43, 46, 47, 48, 49, 50, 53, 54, 55, 56, 57, 60, 61, 62, 63, 66, 67, 70, 71, 74, 77, 78, 82, 136, 148, 149, 150, 151, 157, 160, 161, 163, 166, 168, 169, 171, 174, 176, 177, 179, 180, 182, 185, 190, 193, 198, 201, 206, 209, 214, 215, 216, 218, 219, 223, 224, 227, 232, 237, 238, 243, 244, 247, 252, 256, 257, 261, 262, 265, 268, 272, 273, 279, 283, 287, 291, 297, 304, 306, 310, 312, 313, 317, 320, 322, 323, 327, 330, 332, 333, 337, 340, 342, 343, 347, 350, 352, 353, 357], "excluded_lines": []}}}, "backend/core/response.py": {"executed_lines": [1, 2, 3, 5, 6, 7, 10, 13, 14, 15, 16, 17, 18, 19, 20, 23, 24, 26, 27, 52, 53, 61, 70, 73, 76, 81, 82, 111, 120, 122, 132, 133, 134, 138, 141, 151, 152, 154, 156, 159, 165, 168, 179, 182, 188, 191, 194, 195, 205, 215, 222, 223, 224, 225, 226, 227, 228, 229, 232, 233, 234, 235, 236, 237, 238], "summary": {"covered_lines": 61, "num_statements": 73, "percent_covered": 83.56164383561644, "percent_covered_display": "83.56", "missing_lines": 12, "excluded_lines": 0}, "missing_lines": [35, 44, 45, 47, 71, 74, 91, 93, 102, 113, 157, 180], "excluded_lines": [], "functions": {"ResponseBuilder.success": {"executed_lines": [], "summary": {"covered_lines": 0, "num_statements": 4, "percent_covered": 0.0, "percent_covered_display": "0.00", "missing_lines": 4, "excluded_lines": 0}, "missing_lines": [35, 44, 45, 47], "excluded_lines": []}, "ResponseBuilder.error": {"executed_lines": [61, 70, 73, 76], "summary": {"covered_lines": 4, "num_statements": 6, "percent_covered": 66.66666666666667, "percent_covered_display": "66.67", "missing_lines": 2, "excluded_lines": 0}, "missing_lines": [71, 74], "excluded_lines": []}, "ResponseBuilder.paginated": {"executed_lines": [], "summary": {"covered_lines": 0, "num_statements": 3, "percent_covered": 0.0, "percent_covered_display": "0.00", "missing_lines": 3, "excluded_lines": 0}, "missing_lines": [91, 93, 102], "excluded_lines": []}, "ok": {"executed_lines": [], "summary": {"covered_lines": 0, "num_statements": 1, "percent_covered": 0.0, "percent_covered_display": "0.00", "missing_lines": 1, "excluded_lines": 0}, "missing_lines": [113], "excluded_lines": []}, "fail": {"executed_lines": [122], "summary": {"covered_lines": 1, "num_statements": 1, "percent_covered": 100.0, "percent_covered_display": "100.00", "missing_lines": 0, "excluded_lines": 0}, "missing_lines": [], "excluded_lines": []}, "success_response": {"executed_lines": [141, 151, 152, 154, 156, 159], "summary": {"covered_lines": 6, "num_statements": 7, "percent_covered": 85.71428571428571, "percent_covered_display": "85.71", "missing_lines": 1, "excluded_lines": 0}, "missing_lines": [157], "excluded_lines": []}, "error_response": {"executed_lines": [168, 179, 182], "summary": {"covered_lines": 3, "num_statements": 4, "percent_covered": 75.0, "percent_covered_display": "75.00", "missing_lines": 1, "excluded_lines": 0}, "missing_lines": [180], "excluded_lines": []}, "paginated_response": {"executed_lines": [191, 194, 195, 205, 215], "summary": {"covered_lines": 5, "num_statements": 5, "percent_covered": 100.0, "percent_covered_display": "100.00", "missing_lines": 0, "excluded_lines": 0}, "missing_lines": [], "excluded_lines": []}, "": {"executed_lines": [1, 2, 3, 5, 6, 7, 10, 13, 14, 15, 16, 17, 18, 19, 20, 23, 24, 26, 27, 52, 53, 81, 82, 111, 120, 132, 133, 134, 138, 165, 188, 222, 223, 224, 225, 226, 227, 228, 229, 232, 233, 234, 235, 236, 237, 238], "summary": {"covered_lines": 42, "num_statements": 42, "percent_covered": 100.0, "percent_covered_display": "100.00", "missing_lines": 0, "excluded_lines": 0}, "missing_lines": [], "excluded_lines": []}}, "classes": {"StandardResponse": {"executed_lines": [], "summary": {"covered_lines": 0, "num_statements": 0, "percent_covered": 100.0, "percent_covered_display": "100.00", "missing_lines": 0, "excluded_lines": 0}, "missing_lines": [], "excluded_lines": []}, "ResponseBuilder": {"executed_lines": [61, 70, 73, 76], "summary": {"covered_lines": 4, "num_statements": 13, "percent_covered": 30.76923076923077, "percent_covered_display": "30.77", "missing_lines": 9, "excluded_lines": 0}, "missing_lines": [35, 44, 45, 47, 71, 74, 91, 93, 102], "excluded_lines": []}, "ApiResponse": {"executed_lines": [], "summary": {"covered_lines": 0, "num_statements": 0, "percent_covered": 100.0, "percent_covered_display": "100.00", "missing_lines": 0, "excluded_lines": 0}, "missing_lines": [], "excluded_lines": []}, "PaginatedResponse": {"executed_lines": [], "summary": {"covered_lines": 0, "num_statements": 0, "percent_covered": 100.0, "percent_covered_display": "100.00", "missing_lines": 0, "excluded_lines": 0}, "missing_lines": [], "excluded_lines": []}, "": {"executed_lines": [1, 2, 3, 5, 6, 7, 10, 13, 14, 15, 16, 17, 18, 19, 20, 23, 24, 26, 27, 52, 53, 81, 82, 111, 120, 122, 132, 133, 134, 138, 141, 151, 152, 154, 156, 159, 165, 168, 179, 182, 188, 191, 194, 195, 205, 215, 222, 223, 224, 225, 226, 227, 228, 229, 232, 233, 234, 235, 236, 237, 238], "summary": {"covered_lines": 57, "num_statements": 60, "percent_covered": 95.0, "percent_covered_display": "95.00", "missing_lines": 3, "excluded_lines": 0}, "missing_lines": [113, 157, 180], "excluded_lines": []}}}, "backend/core/security.py": {"executed_lines": [1, 3, 4, 5, 6, 7, 8, 9, 10, 11, 12, 14, 15, 16, 18, 19, 20, 23, 28, 39, 77, 78, 79, 80, 81, 82, 83, 84, 87, 88, 89, 90, 91, 92, 93, 94, 95, 97, 98, 99, 102, 103, 105, 106, 107, 108, 109, 111, 117, 119, 122, 124, 131, 133, 147, 161, 163, 164, 171, 177, 190, 204, 211, 212, 214, 216, 218, 222, 224, 226, 233, 234, 237, 238, 239, 245, 246, 248, 251, 252, 253, 256, 257, 258, 262, 267, 273, 279, 280, 286, 288, 291, 292, 298, 299, 302, 304, 315, 327, 332, 344], "summary": {"covered_lines": 98, "num_statements": 170, "percent_covered": 57.64705882352941, "percent_covered_display": "57.65", "missing_lines": 72, "excluded_lines": 0}, "missing_lines": [24, 25, 29, 30, 31, 32, 33, 40, 41, 42, 43, 48, 49, 51, 52, 53, 58, 59, 60, 65, 67, 68, 69, 74, 120, 135, 136, 138, 145, 149, 150, 152, 154, 172, 179, 180, 184, 185, 192, 195, 202, 208, 220, 229, 240, 254, 255, 259, 268, 274, 281, 293, 306, 307, 308, 309, 319, 320, 324, 329, 334, 335, 336, 340, 341, 346, 347, 348, 350, 351, 355, 356], "excluded_lines": [], "functions": {"_base64url_decode": {"executed_lines": [], "summary": {"covered_lines": 0, "num_statements": 2, "percent_covered": 0.0, "percent_covered_display": "0.00", "missing_lines": 2, "excluded_lines": 0}, "missing_lines": [24, 25], "excluded_lines": []}, "_decode_segment": {"executed_lines": [], "summary": {"covered_lines": 0, "num_statements": 5, "percent_covered": 0.0, "percent_covered_display": "0.00", "missing_lines": 5, "excluded_lines": 0}, "missing_lines": [29, 30, 31, 32, 33], "excluded_lines": []}, "_verify_signature": {"executed_lines": [], "summary": {"covered_lines": 0, "num_statements": 17, "percent_covered": 0.0, "percent_covered_display": "0.00", "missing_lines": 17, "excluded_lines": 0}, "missing_lines": [40, 41, 42, 43, 48, 49, 51, 52, 53, 58, 59, 60, 65, 67, 68, 69, 74], "excluded_lines": []}, "AuthenticatedUser.__post_init__": {"executed_lines": [98, 99], "summary": {"covered_lines": 2, "num_statements": 2, "percent_covered": 100.0, "percent_covered_display": "100.00", "missing_lines": 0, "excluded_lines": 0}, "missing_lines": [], "excluded_lines": []}, "JWTManager.__init__": {"executed_lines": [106, 107, 108, 109], "summary": {"covered_lines": 4, "num_statements": 4, "percent_covered": 100.0, "percent_covered_display": "100.00", "missing_lines": 0, "excluded_lines": 0}, "missing_lines": [], "excluded_lines": []}, "JWTManager.create_access_token": {"executed_lines": [117, 119, 122, 124, 131], "summary": {"covered_lines": 5, "num_statements": 6, "percent_covered": 83.33333333333333, "percent_covered_display": "83.33", "missing_lines": 1, "excluded_lines": 0}, "missing_lines": [120], "excluded_lines": []}, "JWTManager.create_refresh_token": {"executed_lines": [], "summary": {"covered_lines": 0, "num_statements": 4, "percent_covered": 0.0, "percent_covered_display": "0.00", "missing_lines": 4, "excluded_lines": 0}, "missing_lines": [135, 136, 138, 145], "excluded_lines": []}, "JWTManager.create_token_pair": {"executed_lines": [], "summary": {"covered_lines": 0, "num_statements": 4, "percent_covered": 0.0, "percent_covered_display": "0.00", "missing_lines": 4, "excluded_lines": 0}, "missing_lines": [149, 150, 152, 154], "excluded_lines": []}, "JWTManager.verify_token": {"executed_lines": [163, 164, 171, 177], "summary": {"covered_lines": 4, "num_statements": 9, "percent_covered": 44.44444444444444, "percent_covered_display": "44.44", "missing_lines": 5, "excluded_lines": 0}, "missing_lines": [172, 179, 180, 184, 185], "excluded_lines": []}, "JWTManager.refresh_access_token": {"executed_lines": [], "summary": {"covered_lines": 0, "num_statements": 3, "percent_covered": 0.0, "percent_covered_display": "0.00", "missing_lines": 3, "excluded_lines": 0}, "missing_lines": [192, 195, 202], "excluded_lines": []}, "JWTManager.revoke_token": {"executed_lines": [], "summary": {"covered_lines": 0, "num_statements": 1, "percent_covered": 0.0, "percent_covered_display": "0.00", "missing_lines": 1, "excluded_lines": 0}, "missing_lines": [208], "excluded_lines": []}, "TokenBlacklist.__init__": {"executed_lines": [216], "summary": {"covered_lines": 1, "num_statements": 1, "percent_covered": 100.0, "percent_covered_display": "100.00", "missing_lines": 0, "excluded_lines": 0}, "missing_lines": [], "excluded_lines": []}, "TokenBlacklist.add_to_blacklist": {"executed_lines": [], "summary": {"covered_lines": 0, "num_statements": 1, "percent_covered": 0.0, "percent_covered_display": "0.00", "missing_lines": 1, "excluded_lines": 0}, "missing_lines": [220], "excluded_lines": []}, "TokenBlacklist.is_blacklisted": {"executed_lines": [224], "summary": {"covered_lines": 1, "num_statements": 1, "percent_covered": 100.0, "percent_covered_display": "100.00", "missing_lines": 0, "excluded_lines": 0}, "missing_lines": [], "excluded_lines": []}, "TokenBlacklist.cleanup_expired": {"executed_lines": [], "summary": {"covered_lines": 0, "num_statements": 1, "percent_covered": 0.0, "percent_covered_display": "0.00", "missing_lines": 1, "excluded_lines": 0}, "missing_lines": [229], "excluded_lines": []}, "_extract_user": {"executed_lines": [238, 239, 245, 246, 248], "summary": {"covered_lines": 5, "num_statements": 6, "percent_covered": 83.33333333333333, "percent_covered_display": "83.33", "missing_lines": 1, "excluded_lines": 0}, "missing_lines": [240], "excluded_lines": []}, "_resolve_role": {"executed_lines": [252, 253, 256, 257, 258], "summary": {"covered_lines": 5, "num_statements": 8, "percent_covered": 62.5, "percent_covered_display": "62.50", "missing_lines": 3, "excluded_lines": 0}, "missing_lines": [254, 255, 259], "excluded_lines": []}, "get_current_user": {"executed_lines": [267, 273, 279, 280, 286, 288, 291, 292, 298, 299, 302, 304], "summary": {"covered_lines": 12, "num_statements": 20, "percent_covered": 60.0, "percent_covered_display": "60.00", "missing_lines": 8, "excluded_lines": 0}, "missing_lines": [268, 274, 281, 293, 306, 307, 308, 309], "excluded_lines": []}, "get_current_active_user": {"executed_lines": [], "summary": {"covered_lines": 0, "num_statements": 3, "percent_covered": 0.0, "percent_covered_display": "0.00", "missing_lines": 3, "excluded_lines": 0}, "missing_lines": [319, 320, 324], "excluded_lines": []}, "authenticated_user_dependency": {"executed_lines": [], "summary": {"covered_lines": 0, "num_statements": 1, "percent_covered": 0.0, "percent_covered_display": "0.00", "missing_lines": 1, "excluded_lines": 0}, "missing_lines": [329], "excluded_lines": []}, "require_roles": {"executed_lines": [], "summary": {"covered_lines": 0, "num_statements": 2, "percent_covered": 0.0, "percent_covered_display": "0.00", "missing_lines": 2, "excluded_lines": 0}, "missing_lines": [334, 341], "excluded_lines": []}, "require_roles.role_dependency": {"executed_lines": [], "summary": {"covered_lines": 0, "num_statements": 3, "percent_covered": 0.0, "percent_covered_display": "0.00", "missing_lines": 3, "excluded_lines": 0}, "missing_lines": [335, 336, 340], "excluded_lines": []}, "require_permissions": {"executed_lines": [], "summary": {"covered_lines": 0, "num_statements": 2, "percent_covered": 0.0, "percent_covered_display": "0.00", "missing_lines": 2, "excluded_lines": 0}, "missing_lines": [346, 356], "excluded_lines": []}, "require_permissions.permission_dependency": {"executed_lines": [], "summary": {"covered_lines": 0, "num_statements": 5, "percent_covered": 0.0, "percent_covered_display": "0.00", "missing_lines": 5, "excluded_lines": 0}, "missing_lines": [347, 348, 350, 351, 355], "excluded_lines": []}, "": {"executed_lines": [1, 3, 4, 5, 6, 7, 8, 9, 10, 11, 12, 14, 15, 16, 18, 19, 20, 23, 28, 39, 77, 78, 79, 80, 81, 82, 83, 84, 87, 88, 89, 90, 91, 92, 93, 94, 95, 97, 102, 103, 105, 111, 133, 147, 161, 190, 204, 211, 212, 214, 218, 222, 226, 233, 234, 237, 251, 262, 315, 327, 332, 344], "summary": {"covered_lines": 59, "num_statements": 59, "percent_covered": 100.0, "percent_covered_display": "100.00", "missing_lines": 0, "excluded_lines": 0}, "missing_lines": [], "excluded_lines": []}}, "classes": {"TokenInfo": {"executed_lines": [], "summary": {"covered_lines": 0, "num_statements": 0, "percent_covered": 100.0, "percent_covered_display": "100.00", "missing_lines": 0, "excluded_lines": 0}, "missing_lines": [], "excluded_lines": []}, "AuthenticatedUser": {"executed_lines": [98, 99], "summary": {"covered_lines": 2, "num_statements": 2, "percent_covered": 100.0, "percent_covered_display": "100.00", "missing_lines": 0, "excluded_lines": 0}, "missing_lines": [], "excluded_lines": []}, "JWTManager": {"executed_lines": [106, 107, 108, 109, 117, 119, 122, 124, 131, 163, 164, 171, 177], "summary": {"covered_lines": 13, "num_statements": 31, "percent_covered": 41.935483870967744, "percent_covered_display": "41.94", "missing_lines": 18, "excluded_lines": 0}, "missing_lines": [120, 135, 136, 138, 145, 149, 150, 152, 154, 172, 179, 180, 184, 185, 192, 195, 202, 208], "excluded_lines": []}, "TokenBlacklist": {"executed_lines": [216, 224], "summary": {"covered_lines": 2, "num_statements": 4, "percent_covered": 50.0, "percent_covered_display": "50.00", "missing_lines": 2, "excluded_lines": 0}, "missing_lines": [220, 229], "excluded_lines": []}, "": {"executed_lines": [1, 3, 4, 5, 6, 7, 8, 9, 10, 11, 12, 14, 15, 16, 18, 19, 20, 23, 28, 39, 77, 78, 79, 80, 81, 82, 83, 84, 87, 88, 89, 90, 91, 92, 93, 94, 95, 97, 102, 103, 105, 111, 133, 147, 161, 190, 204, 211, 212, 214, 218, 222, 226, 233, 234, 237, 238, 239, 245, 246, 248, 251, 252, 253, 256, 257, 258, 262, 267, 273, 279, 280, 286, 288, 291, 292, 298, 299, 302, 304, 315, 327, 332, 344], "summary": {"covered_lines": 81, "num_statements": 133, "percent_covered": 60.902255639097746, "percent_covered_display": "60.90", "missing_lines": 52, "excluded_lines": 0}, "missing_lines": [24, 25, 29, 30, 31, 32, 33, 40, 41, 42, 43, 48, 49, 51, 52, 53, 58, 59, 60, 65, 67, 68, 69, 74, 240, 254, 255, 259, 268, 274, 281, 293, 306, 307, 308, 309, 319, 320, 324, 329, 334, 335, 336, 340, 341, 346, 347, 348, 350, 351, 355, 356], "excluded_lines": []}}}, "backend/core/supabase_client.py": {"executed_lines": [1, 7, 8, 9, 11, 13, 16, 17, 19, 20, 21, 22, 23, 24, 25, 26, 27, 28, 29, 31, 32, 38, 44, 47, 52, 57, 65, 70, 83, 98], "summary": {"covered_lines": 28, "num_statements": 74, "percent_covered": 37.83783783783784, "percent_covered_display": "37.84", "missing_lines": 46, "excluded_lines": 0}, "missing_lines": [33, 34, 35, 36, 39, 40, 41, 42, 45, 48, 49, 50, 53, 54, 55, 58, 59, 60, 61, 62, 63, 66, 67, 68, 71, 72, 73, 74, 75, 76, 77, 78, 79, 80, 81, 84, 85, 86, 87, 88, 89, 90, 91, 92, 93, 94], "excluded_lines": [], "functions": {"SupabaseClient.__init__": {"executed_lines": [20, 21, 22, 23, 24, 25, 26, 27, 28, 29], "summary": {"covered_lines": 10, "num_statements": 10, "percent_covered": 100.0, "percent_covered_display": "100.00", "missing_lines": 0, "excluded_lines": 0}, "missing_lines": [], "excluded_lines": []}, "SupabaseClient.supabase": {"executed_lines": [], "summary": {"covered_lines": 0, "num_statements": 4, "percent_covered": 0.0, "percent_covered_display": "0.00", "missing_lines": 4, "excluded_lines": 0}, "missing_lines": [33, 34, 35, 36], "excluded_lines": []}, "SupabaseClient.get_admin_client": {"executed_lines": [], "summary": {"covered_lines": 0, "num_statements": 4, "percent_covered": 0.0, "percent_covered_display": "0.00", "missing_lines": 4, "excluded_lines": 0}, "missing_lines": [39, 40, 41, 42], "excluded_lines": []}, "SupabaseClient.get_client": {"executed_lines": [], "summary": {"covered_lines": 0, "num_statements": 1, "percent_covered": 0.0, "percent_covered_display": "0.00", "missing_lines": 1, "excluded_lines": 0}, "missing_lines": [45], "excluded_lines": []}, "SupabaseClient._select_url_key": {"executed_lines": [], "summary": {"covered_lines": 0, "num_statements": 3, "percent_covered": 0.0, "percent_covered_display": "0.00", "missing_lines": 3, "excluded_lines": 0}, "missing_lines": [48, 49, 50], "excluded_lines": []}, "SupabaseClient._select_url_service_key": {"executed_lines": [], "summary": {"covered_lines": 0, "num_statements": 3, "percent_covered": 0.0, "percent_covered_display": "0.00", "missing_lines": 3, "excluded_lines": 0}, "missing_lines": [53, 54, 55], "excluded_lines": []}, "SupabaseClient.switch_to_fallback": {"executed_lines": [], "summary": {"covered_lines": 0, "num_statements": 6, "percent_covered": 0.0, "percent_covered_display": "0.00", "missing_lines": 6, "excluded_lines": 0}, "missing_lines": [58, 59, 60, 61, 62, 63], "excluded_lines": []}, "SupabaseClient.switch_to_primary": {"executed_lines": [], "summary": {"covered_lines": 0, "num_statements": 3, "percent_covered": 0.0, "percent_covered_display": "0.00", "missing_lines": 3, "excluded_lines": 0}, "missing_lines": [66, 67, 68], "excluded_lines": []}, "SupabaseClient.verify_jwt": {"executed_lines": [], "summary": {"covered_lines": 0, "num_statements": 11, "percent_covered": 0.0, "percent_covered_display": "0.00", "missing_lines": 11, "excluded_lines": 0}, "missing_lines": [71, 72, 73, 74, 75, 76, 77, 78, 79, 80, 81], "excluded_lines": []}, "SupabaseClient.refresh_session": {"executed_lines": [], "summary": {"covered_lines": 0, "num_statements": 11, "percent_covered": 0.0, "percent_covered_display": "0.00", "missing_lines": 11, "excluded_lines": 0}, "missing_lines": [84, 85, 86, 87, 88, 89, 90, 91, 92, 93, 94], "excluded_lines": []}, "": {"executed_lines": [1, 7, 8, 9, 11, 13, 16, 17, 19, 31, 32, 38, 44, 47, 52, 57, 65, 70, 83, 98], "summary": {"covered_lines": 18, "num_statements": 18, "percent_covered": 100.0, "percent_covered_display": "100.00", "missing_lines": 0, "excluded_lines": 0}, "missing_lines": [], "excluded_lines": []}}, "classes": {"SupabaseClient": {"executed_lines": [20, 21, 22, 23, 24, 25, 26, 27, 28, 29], "summary": {"covered_lines": 10, "num_statements": 56, "percent_covered": 17.857142857142858, "percent_covered_display": "17.86", "missing_lines": 46, "excluded_lines": 0}, "missing_lines": [33, 34, 35, 36, 39, 40, 41, 42, 45, 48, 49, 50, 53, 54, 55, 58, 59, 60, 61, 62, 63, 66, 67, 68, 71, 72, 73, 74, 75, 76, 77, 78, 79, 80, 81, 84, 85, 86, 87, 88, 89, 90, 91, 92, 93, 94], "excluded_lines": []}, "": {"executed_lines": [1, 7, 8, 9, 11, 13, 16, 17, 19, 31, 32, 38, 44, 47, 52, 57, 65, 70, 83, 98], "summary": {"covered_lines": 18, "num_statements": 18, "percent_covered": 100.0, "percent_covered_display": "100.00", "missing_lines": 0, "excluded_lines": 0}, "missing_lines": [], "excluded_lines": []}}}, "backend/core/transaction.py": {"executed_lines": [], "summary": {"covered_lines": 0, "num_statements": 148, "percent_covered": 0.0, "percent_covered_display": "0.00", "missing_lines": 148, "excluded_lines": 0}, "missing_lines": [5, 6, 7, 9, 10, 12, 14, 16, 19, 22, 23, 24, 26, 28, 29, 30, 32, 34, 35, 36, 37, 38, 39, 41, 43, 44, 45, 46, 47, 48, 50, 52, 53, 54, 55, 56, 58, 60, 61, 62, 63, 64, 67, 68, 82, 84, 86, 87, 89, 90, 91, 92, 93, 94, 95, 98, 99, 111, 112, 113, 115, 116, 117, 118, 119, 120, 121, 122, 125, 138, 140, 141, 142, 143, 144, 146, 147, 148, 150, 152, 153, 155, 158, 175, 176, 179, 182, 183, 184, 185, 186, 188, 189, 190, 192, 193, 195, 196, 197, 198, 200, 201, 20
[...]
excluded_lines": 0}, "missing_lines": [246, 253], "excluded_lines": []}, "SupplierService.get_supplier_ledger_summary": {"executed_lines": [], "summary": {"covered_lines": 0, "num_statements": 4, "percent_covered": 0.0, "percent_covered_display": "0.00", "missing_lines": 4, "excluded_lines": 0}, "missing_lines": [269, 270, 273, 278], "excluded_lines": []}, "": {"executed_lines": [1, 12, 13, 14, 16, 17, 18, 20, 21, 27, 37, 38, 40, 43, 89, 122, 147, 176, 206, 232, 255], "summary": {"covered_lines": 19, "num_statements": 19, "percent_covered": 100.0, "percent_covered_display": "100.00", "missing_lines": 0, "excluded_lines": 0}, "missing_lines": [], "excluded_lines": []}}, "classes": {"SupplierService": {"executed_lines": [], "summary": {"covered_lines": 0, "num_statements": 22, "percent_covered": 0.0, "percent_covered_display": "0.00", "missing_lines": 22, "excluded_lines": 0}, "missing_lines": [41, 54, 55, 64, 87, 120, 145, 159, 160, 162, 174, 188, 189, 191, 204, 222, 246, 253, 269, 270, 273, 278], "excluded_lines": []}, "": {"executed_lines": [1, 12, 13, 14, 16, 17, 18, 20, 21, 27, 37, 38, 40, 43, 89, 122, 147, 176, 206, 232, 255], "summary": {"covered_lines": 19, "num_statements": 19, "percent_covered": 100.0, "percent_covered_display": "100.00", "missing_lines": 0, "excluded_lines": 0}, "missing_lines": [], "excluded_lines": []}}}, "backend/services/topup_service.py": {"executed_lines": [1, 12, 13, 14, 15, 16, 18, 19, 20, 21, 22, 23, 24, 37, 43, 47, 48, 50, 51, 52, 53, 54, 56, 65, 71, 78, 84, 90, 99, 100, 103, 114, 115, 117, 131, 134, 137, 138, 139, 140, 141, 143, 145, 147, 149, 153, 156, 170, 172, 174, 186, 188, 191, 193, 195, 205, 208, 209, 239, 249, 252, 253, 286, 345, 406, 492, 502, 505, 506, 536, 546, 549, 550, 551, 554, 585, 596, 597, 599, 602, 604, 612, 614, 707, 796, 799, 802, 814, 816, 825, 887, 889, 891, 895, 896, 899, 904, 905, 906, 910, 913, 925, 931, 933, 935, 947, 953, 956, 957, 975, 978, 979, 993, 1000, 1003, 1006, 1009, 1011, 1023, 1031, 1033, 1064, 1095, 1122], "summary": {"covered_lines": 122, "num_statements": 308, "percent_covered": 39.61038961038961, "percent_covered_display": "39.61", "missing_lines": 186, "excluded_lines": 0}, "missing_lines": [72, 142, 144, 146, 148, 150, 214, 216, 219, 220, 221, 222, 225, 236, 237, 258, 261, 264, 265, 266, 267, 268, 269, 272, 283, 284, 303, 306, 307, 308, 314, 315, 316, 321, 322, 325, 326, 327, 328, 331, 342, 343, 362, 365, 366, 368, 369, 375, 376, 377, 382, 383, 386, 387, 388, 389, 392, 403, 404, 425, 428, 429, 430, 436, 437, 442, 443, 446, 447, 448, 449, 452, 462, 478, 489, 490, 512, 513, 516, 517, 518, 519, 522, 533, 534, 555, 556, 559, 570, 573, 622, 623, 626, 627, 628, 629, 632, 633, 634, 635, 636, 637, 638, 639, 642, 646, 652, 659, 663, 668, 676, 679, 680, 681, 683, 710, 711, 714, 715, 716, 719, 727, 728, 732, 738, 743, 744, 748, 754, 759, 773, 779, 781, 833, 836, 839, 840, 841, 842, 843, 844, 847, 860, 861, 862, 883, 892, 900, 901, 908, 926, 948, 960, 961, 966, 969, 970, 973, 982, 983, 984, 987, 988, 989, 991, 1004, 1007, 1036, 1043, 1044, 1046, 1047, 1048, 1049, 1050, 1052, 1055, 1056, 1060, 1062, 1066, 1086, 1097, 1112, 1124, 1138], "excluded_lines": [], "functions": {"TopupService.__init__": {"executed_lines": [51, 52, 53, 54], "summary": {"covered_lines": 4, "num_statements": 4, "percent_covered": 100.0, "percent_covered_display": "100.00", "missing_lines": 0, "excluded_lines": 0}, "missing_lines": [], "excluded_lines": []}, "TopupService.create_request": {"executed_lines": [65, 71, 78, 84, 90, 99, 100, 103, 114, 115], "summary": {"covered_lines": 10, "num_statements": 11, "percent_covered": 90.9090909090909, "percent_covered_display": "90.91", "missing_lines": 1, "excluded_lines": 0}, "missing_lines": [72], "excluded_lines": []}, "TopupService.get_requests": {"executed_lines": [131, 134, 137, 138, 139, 140, 141, 143, 145, 147, 149, 153, 156, 170], "summary": {"covered_lines": 14, "num_statements": 19, "percent_covered": 73.6842105263158, "percent_covered_display": "73.68", "missing_lines": 5, "excluded_lines": 0}, "missing_lines": [142, 144, 146, 148, 150], "excluded_lines": []}, "TopupService.get_request_by_id": {"executed_lines": [174, 186, 188, 191, 193], "summary": {"covered_lines": 5, "num_statements": 5, "percent_covered": 100.0, "percent_covered_display": "100.00", "missing_lines": 0, "excluded_lines": 0}, "missing_lines": [], "excluded_lines": []}, "TopupService.data_review": {"executed_lines": [205, 208, 209], "summary": {"covered_lines": 3, "num_statements": 12, "percent_covered": 25.0, "percent_covered_display": "25.00", "missing_lines": 9, "excluded_lines": 0}, "missing_lines": [214, 216, 219, 220, 221, 222, 225, 236, 237], "excluded_lines": []}, "TopupService.finance_approve": {"executed_lines": [249, 252, 253], "summary": {"covered_lines": 3, "num_statements": 14, "percent_covered": 21.428571428571427, "percent_covered_display": "21.43", "missing_lines": 11, "excluded_lines": 0}, "missing_lines": [258, 261, 264, 265, 266, 267, 268, 269, 272, 283, 284], "excluded_lines": []}, "TopupService.reject_request": {"executed_lines": [], "summary": {"covered_lines": 0, "num_statements": 16, "percent_covered": 0.0, "percent_covered_display": "0.00", "missing_lines": 16, "excluded_lines": 0}, "missing_lines": [303, 306, 307, 308, 314, 315, 316, 321, 322, 325, 326, 327, 328, 331, 342, 343], "excluded_lines": []}, "TopupService.cancel_request": {"executed_lines": [], "summary": {"covered_lines": 0, "num_statements": 17, "percent_covered": 0.0, "percent_covered_display": "0.00", "missing_lines": 17, "excluded_lines": 0}, "missing_lines": [362, 365, 366, 368, 369, 375, 376, 377, 382, 383, 386, 387, 388, 389, 392, 403, 404], "excluded_lines": []}, "TopupService.confirm_paid": {"executed_lines": [], "summary": {"covered_lines": 0, "num_statements": 17, "percent_covered": 0.0, "percent_covered_display": "0.00", "missing_lines": 17, "excluded_lines": 0}, "missing_lines": [425, 428, 429, 430, 436, 437, 442, 443, 446, 447, 448, 449, 452, 462, 478, 489, 490], "excluded_lines": []}, "TopupService.mark_as_paid": {"executed_lines": [502, 505, 506], "summary": {"covered_lines": 3, "num_statements": 12, "percent_covered": 25.0, "percent_covered_display": "25.00", "missing_lines": 9, "excluded_lines": 0}, "missing_lines": [512, 513, 516, 517, 518, 519, 522, 533, 534], "excluded_lines": []}, "TopupService.upload_receipt": {"executed_lines": [546, 549, 550, 551, 554, 585, 596, 597], "summary": {"covered_lines": 8, "num_statements": 13, "percent_covered": 61.53846153846154, "percent_covered_display": "61.54", "missing_lines": 5, "excluded_lines": 0}, "missing_lines": [555, 556, 559, 570, 573], "excluded_lines": []}, "TopupService.get_approval_logs": {"executed_lines": [602, 604, 612], "summary": {"covered_lines": 3, "num_statements": 3, "percent_covered": 100.0, "percent_covered_display": "100.00", "missing_lines": 0, "excluded_lines": 0}, "missing_lines": [], "excluded_lines": []}, "TopupService.get_statistics": {"executed_lines": [], "summary": {"covered_lines": 0, "num_statements": 25, "percent_covered": 0.0, "percent_covered_display": "0.00", "missing_lines": 25, "excluded_lines": 0}, "missing_lines": [622, 623, 626, 627, 628, 629, 632, 633, 634, 635, 636, 637, 638, 639, 642, 646, 652, 659, 663, 668, 676, 679, 680, 681, 683], "excluded_lines": []}, "TopupService.get_dashboard_data": {"executed_lines": [], "summary": {"covered_lines": 0, "num_statements": 18, "percent_covered": 0.0, "percent_covered_display": "0.00", "missing_lines": 18, "excluded_lines": 0}, "missing_lines": [710, 711, 714, 715, 716, 719, 727, 728, 732, 738, 743, 744, 748, 754, 759, 773, 779, 781], "excluded_lines": []}, "TopupService.get_account_balance": {"executed_lines": [799, 802, 814, 816], "summary": {"covered_lines": 4, "num_statements": 4, "percent_covered": 100.0, "percent_covered_display": "100.00", "missing_lines": 0, "excluded_lines": 0}, "missing_lines": [], "excluded_lines": []}, "TopupService.export_requests": {"executed_lines": [], "summary": {"covered_lines": 0, "num_statements": 13, "percent_covered": 0.0, "percent_covered_display": "0.00", "missing_lines": 13, "excluded_lines": 0}, "missing_lines": [833, 836, 839, 840, 841, 842, 843, 844, 847, 860, 861, 862, 883], "excluded_lines": []}, "TopupService._validate_ad_account_access": {"executed_lines": [889, 891, 895, 896, 899, 904, 905, 906], "summary": {"covered_lines": 8, "num_statements": 12, "percent_covered": 66.66666666666667, "percent_covered_display": "66.67", "missing_lines": 4, "excluded_lines": 0}, "missing_lines": [892, 900, 901, 908], "excluded_lines": []}, "TopupService._check_account_balance_limit": {"executed_lines": [913, 925], "summary": {"covered_lines": 2, "num_statements": 3, "percent_covered": 66.66666666666667, "percent_covered_display": "66.67", "missing_lines": 1, "excluded_lines": 0}, "missing_lines": [926], "excluded_lines": []}, "TopupService._check_daily_request_limit": {"executed_lines": [933, 935, 947], "summary": {"covered_lines": 3, "num_statements": 4, "percent_covered": 75.0, "percent_covered_display": "75.00", "missing_lines": 1, "excluded_lines": 0}, "missing_lines": [948], "excluded_lines": []}, "TopupService._apply_permission_filter": {"executed_lines": [956, 957], "summary": {"covered_lines": 2, "num_statements": 8, "percent_covered": 25.0, "percent_covered_display": "25.00", "missing_lines": 6, "excluded_lines": 0}, "missing_lines": [960, 961, 966, 969, 970, 973], "excluded_lines": []}, "TopupService._check_request_access": {"executed_lines": [978, 979], "summary": {"covered_lines": 2, "num_statements": 9, "percent_covered": 22.22222222222222, "percent_covered_display": "22.22", "missing_lines": 7, "excluded_lines": 0}, "missing_lines": [982, 983, 984, 987, 988, 989, 991], "excluded_lines": []}, "TopupService._get_request_for_action": {"executed_lines": [1000, 1003, 1006, 1009], "summary": {"covered_lines": 4, "num_statements": 6, "percent_covered": 66.66666666666667, "percent_covered_display": "66.67", "missing_lines": 2, "excluded_lines": 0}, "missing_lines": [1004, 1007], "excluded_lines": []}, "TopupService._create_approval_log": {"executed_lines": [1023, 1031], "summary": {"covered_lines": 2, "num_statements": 2, "percent_covered": 100.0, "percent_covered_display": "100.00", "missing_lines": 0, "excluded_lines": 0}, "missing_lines": [], "excluded_lines": []}, "TopupService._calculate_processing_metrics": {"executed_lines": [], "summary": {"covered_lines": 0, "num_statements": 13, "percent_covered": 0.0, "percent_covered_display": "0.00", "missing_lines": 13, "excluded_lines": 0}, "missing_lines": [1036, 1043, 1044, 1046, 1047, 1048, 1049, 1050, 1052, 1055, 1056, 1060, 1062], "excluded_lines": []}, "TopupService._get_monthly_statistics": {"executed_lines": [], "summary": {"covered_lines": 0, "num_statements": 2, "percent_covered": 0.0, "percent_covered_display": "0.00", "missing_lines": 2, "excluded_lines": 0}, "missing_lines": [1066, 1086], "excluded_lines": []}, "TopupService._get_top_projects": {"executed_lines": [], "summary": {"covered_lines": 0, "num_statements": 2, "percent_covered": 0.0, "percent_covered_display": "0.00", "missing_lines": 2, "excluded_lines": 0}, "missing_lines": [1097, 1112], "excluded_lines": []}, "TopupService._get_top_accounts": {"executed_lines": [], "summary": {"covered_lines": 0, "num_statements": 2, "percent_covered": 0.0, "percent_covered_display": "0.00", "missing_lines": 2, "excluded_lines": 0}, "missing_lines": [1124, 1138], "excluded_lines": []}, "": {"executed_lines": [1, 12, 13, 14, 15, 16, 18, 19, 20, 21, 22, 23, 24, 37, 43, 47, 48, 50, 56, 117, 172, 195, 239, 286, 345, 406, 492, 536, 599, 614, 707, 796, 825, 887, 910, 931, 953, 975, 993, 1011, 1033, 1064, 1095, 1122], "summary": {"covered_lines": 42, "num_statements": 42, "percent_covered": 100.0, "percent_covered_display": "100.00", "missing_lines": 0, "excluded_lines": 0}, "missing_lines": [], "excluded_lines": []}}, "classes": {"TopupService": {"executed_lines": [51, 52, 53, 54, 65, 71, 78, 84, 90, 99, 100, 103, 114, 115, 131, 134, 137, 138, 139, 140, 141, 143, 145, 147, 149, 153, 156, 170, 174, 186, 188, 191, 193, 205, 208, 209, 249, 252, 253, 502, 505, 506, 546, 549, 550, 551, 554, 585, 596, 597, 602, 604, 612, 799, 802, 814, 816, 889, 891, 895, 896, 899, 904, 905, 906, 913, 925, 933, 935, 947, 956, 957, 978, 979, 1000, 1003, 1006, 1009, 1023, 1031], "summary": {"covered_lines": 80, "num_statements": 266, "percent_covered": 30.075187969924812, "percent_covered_display": "30.08", "missing_lines": 186, "excluded_lines": 0}, "missing_lines": [72, 142, 144, 146, 148, 150, 214, 216, 219, 220, 221, 222, 225, 236, 237, 258, 261, 264, 265, 266, 267, 268, 269, 272, 283, 284, 303, 306, 307, 308, 314, 315, 316, 321, 322, 325, 326, 327, 328, 331, 342, 343, 362, 365, 366, 368, 369, 375, 376, 377, 382, 383, 386, 387, 388, 389, 392, 403, 404, 425, 428, 429, 430, 436, 437, 442, 443, 446, 447, 448, 449, 452, 462, 478, 489, 490, 512, 513, 516, 517, 518, 519, 522, 533, 534, 555, 556, 559, 570, 573, 622, 623, 626, 627, 628, 629, 632, 633, 634, 635, 636, 637, 638, 639, 642, 646, 652, 659, 663, 668, 676, 679, 680, 681, 683, 710, 711, 714, 715, 716, 719, 727, 728, 732, 738, 743, 744, 748, 754, 759, 773, 779, 781, 833, 836, 839, 840, 841, 842, 843, 844, 847, 860, 861, 862, 883, 892, 900, 901, 908, 926, 948, 960, 961, 966, 969, 970, 973, 982, 983, 984, 987, 988, 989, 991, 1004, 1007, 1036, 1043, 1044, 1046, 1047, 1048, 1049, 1050, 1052, 1055, 1056, 1060, 1062, 1066, 1086, 1097, 1112, 1124, 1138], "excluded_lines": []}, "": {"executed_lines": [1, 12, 13, 14, 15, 16, 18, 19, 20, 21, 22, 23, 24, 37, 43, 47, 48, 50, 56, 117, 172, 195, 239, 286, 345, 406, 492, 536, 599, 614, 707, 796, 825, 887, 910, 931, 953, 975, 993, 1011, 1033, 1064, 1095, 1122], "summary": {"covered_lines": 42, "num_statements": 42, "percent_covered": 100.0, "percent_covered_display": "100.00", "missing_lines": 0, "excluded_lines": 0}, "missing_lines": [], "excluded_lines": []}}}, "backend/services/transfer_service.py": {"executed_lines": [1, 13, 14, 15, 16, 17, 18, 20, 21, 22, 24, 30, 31, 32, 39, 43, 60, 61, 63, 66, 67, 78, 83, 90, 122, 201, 224, 249, 284, 322, 360], "summary": {"covered_lines": 29, "num_statements": 122, "percent_covered": 23.770491803278688, "percent_covered_display": "23.77", "missing_lines": 93, "excluded_lines": 0}, "missing_lines": [64, 69, 70, 71, 72, 73, 74, 75, 76, 80, 81, 86, 87, 88, 92, 135, 142, 145, 151, 154, 155, 161, 164, 165, 171, 172, 178, 179, 180, 185, 186, 195, 196, 198, 199, 207, 216, 217, 222, 232, 238, 239, 242, 244, 245, 247, 259, 262, 264, 270, 273, 278, 279, 280, 281, 282, 295, 298, 299, 305, 308, 313, 314, 315, 316, 317, 318, 319, 320, 333, 336, 337, 343, 346, 351, 352, 353, 354, 355, 356, 357, 358, 373, 376, 377, 383, 386, 391, 396, 397, 398, 399, 400], "excluded_lines": [], "functions": {"TransferService.__init__": {"executed_lines": [], "summary": {"covered_lines": 0, "num_statements": 1, "percent_covered": 0.0, "percent_covered_display": "0.00", "missing_lines": 1, "excluded_lines": 0}, "missing_lines": [64], "excluded_lines": []}, "TransferService.transaction": {"executed_lines": [], "summary": {"covered_lines": 0, "num_statements": 8, "percent_covered": 0.0, "percent_covered_display": "0.00", "missing_lines": 8, "excluded_lines": 0}, "missing_lines": [69, 70, 71, 72, 73, 74, 75, 76], "excluded_lines": []}, "TransferService._can_transition": {"executed_lines": [], "summary": {"covered_lines": 0, "num_statements": 2, "percent_covered": 0.0, "percent_covered_display": "0.00", "missing_lines": 2, "excluded_lines": 0}, "missing_lines": [80, 81], "excluded_lines": []}, "TransferService._generate_request_no": {"executed_lines": [], "summary": {"covered_lines": 0, "num_statements": 3, "percent_covered": 0.0, "percent_covered_display": "0.00", "missing_lines": 3, "excluded_lines": 0}, "missing_lines": [86, 87, 88], "excluded_lines": []}, "TransferService._build_response": {"executed_lines": [], "summary": {"covered_lines": 0, "num_statements": 1, "percent_covered": 0.0, "percent_covered_display": "0.00", "missing_lines": 1, "excluded_lines": 0}, "missing_lines": [92], "excluded_lines": []}, "TransferService.create_transfer": {"executed_lines": [], "summary": {"covered_lines": 0, "num_statements": 20, "percent_covered": 0.0, "percent_covered_display": "0.00", "missing_lines": 20, "excluded_lines": 0}, "missing_lines": [135, 142, 145, 151, 154, 155, 161, 164, 165, 171, 172, 178, 179, 180, 185, 186, 195, 196, 198, 199], "excluded_lines": []}, "TransferService.get_transfer_by_id": {"executed_lines": [], "summary": {"covered_lines": 0, "num_statements": 4, "percent_covered": 0.0, "percent_covered_display": "0.00", "missing_lines": 4, "excluded_lines": 0}, "missing_lines": [207, 216, 217, 222], "excluded_lines": []}, "TransferService.get_transfers": {"executed_lines": [], "summary": {"covered_lines": 0, "num_statements": 7, "percent_covered": 0.0, "percent_covered_display": "0.00", "missing_lines": 7, "excluded_lines": 0}, "missing_lines": [232, 238, 239, 242, 244, 245, 247], "excluded_lines": []}, "TransferService.submit_transfer": {"executed_lines": [], "summary": {"covered_lines": 0, "num_statements": 10, "percent_covered": 0.0, "percent_covered_display": "0.00", "missing_lines": 10, "excluded_lines": 0}, "missing_lines": [259, 262, 264, 270, 273, 278, 279, 280, 281, 282], "excluded_lines": []}, "TransferService.approve_transfer": {"executed_lines": [], "summary": {"covered_lines": 0, "num_statements": 13, "percent_covered": 0.0, "percent_covered_display": "0.00", "missing_lines": 13, "excluded_lines": 0}, "missing_lines": [295, 298, 299, 305, 308, 313, 314, 315, 316, 317, 318, 319, 320], "excluded_lines": []}, "TransferService.reject_transfer": {"executed_lines": [], "summary": {"covered_lines": 0, "num_statements": 13, "percent_covered": 0.0, "percent_covered_display": "0.00", "missing_lines": 13, "excluded_lines": 0}, "missing_lines": [333, 336, 337, 343, 346, 351, 352, 353, 354, 355, 356, 357, 358], "excluded_lines": []}, "TransferService.complete_transfer": {"executed_lines": [], "summary": {"covered_lines": 0, "num_statements": 11, "percent_covered": 0.0, "percent_covered_display": "0.00", "missing_lines": 11, "excluded_lines": 0}, "missing_lines": [373, 376, 377, 383, 386, 391, 396, 397, 398, 399, 400], "excluded_lines": []}, "": {"executed_lines": [1, 13, 14, 15, 16, 17, 18, 20, 21, 22, 24, 30, 31, 32, 39, 43, 60, 61, 63, 66, 67, 78, 83, 90, 122, 201, 224, 249, 284, 322, 360], "summary": {"covered_lines": 29, "num_statements": 29, "percent_covered": 100.0, "percent_covered_display": "100.00", "missing_lines": 0, "excluded_lines": 0}, "missing_lines": [], "excluded_lines": []}}, "classes": {"TransferService": {"executed_lines": [], "summary": {"covered_lines": 0, "num_statements": 93, "percent_covered": 0.0, "percent_covered_display": "0.00", "missing_lines": 93, "excluded_lines": 0}, "missing_lines": [64, 69, 70, 71, 72, 73, 74, 75, 76, 80, 81, 86, 87, 88, 92, 135, 142, 145, 151, 154, 155, 161, 164, 165, 171, 172, 178, 179, 180, 185, 186, 195, 196, 198, 199, 207, 216, 217, 222, 232, 238, 239, 242, 244, 245, 247, 259, 262, 264, 270, 273, 278, 279, 280, 281, 282, 295, 298, 299, 305, 308, 313, 314, 315, 316, 317, 318, 319, 320, 333, 336, 337, 343, 346, 351, 352, 353, 354, 355, 356, 357, 358, 373, 376, 377, 383, 386, 391, 396, 397, 398, 399, 400], "excluded_lines": []}, "": {"executed_lines": [1, 13, 14, 15, 16, 17, 18, 20, 21, 22, 24, 30, 31, 32, 39, 43, 60, 61, 63, 66, 67, 78, 83, 90, 122, 201, 224, 249, 284, 322, 360], "summary": {"covered_lines": 29, "num_statements": 29, "percent_covered": 100.0, "percent_covered_display": "100.00", "missing_lines": 0, "excluded_lines": 0}, "missing_lines": [], "excluded_lines": []}}}}, "totals": {"covered_lines": 3036, "num_statements": 8084, "percent_covered": 37.55566551212271, "percent_covered_display": "37.56", "missing_lines": 5048, "excluded_lines": 69}}